{"/Users/pfarrow/Coding/PaulBit/licensing-api/src/db.js": {"path":"/Users/pfarrow/Coding/PaulBit/licensing-api/src/db.js","statementMap":{"0":{"start":{"line":1,"column":17},"end":{"line":1,"column":30}},"1":{"start":{"line":3,"column":21},"end":{"line":3,"column":119}},"2":{"start":{"line":5,"column":11},"end":{"line":5,"column":15}},"3":{"start":{"line":8,"column":2},"end":{"line":12,"column":5}},"4":{"start":{"line":15,"column":2},"end":{"line":22,"column":3}},"5":{"start":{"line":16,"column":19},"end":{"line":16,"column":39}},"6":{"start":{"line":17,"column":4},"end":{"line":17,"column":51}},"7":{"start":{"line":18,"column":4},"end":{"line":18,"column":21}},"8":{"start":{"line":20,"column":4},"end":{"line":20,"column":56}},"9":{"start":{"line":21,"column":4},"end":{"line":21,"column":16}},"10":{"start":{"line":26,"column":2},"end":{"line":28,"column":3}},"11":{"start":{"line":27,"column":4},"end":{"line":27,"column":48}},"12":{"start":{"line":29,"column":2},"end":{"line":29,"column":14}},"13":{"start":{"line":33,"column":2},"end":{"line":33,"column":34}},"14":{"start":{"line":36,"column":0},"end":{"line":40,"column":2}}},"fnMap":{"0":{"name":"initialize","decl":{"start":{"line":7,"column":15},"end":{"line":7,"column":25}},"loc":{"start":{"line":7,"column":28},"end":{"line":23,"column":1}},"line":7},"1":{"name":"getPool","decl":{"start":{"line":25,"column":9},"end":{"line":25,"column":16}},"loc":{"start":{"line":25,"column":19},"end":{"line":30,"column":1}},"line":25},"2":{"name":"query","decl":{"start":{"line":32,"column":15},"end":{"line":32,"column":20}},"loc":{"start":{"line":32,"column":35},"end":{"line":34,"column":1}},"line":32}},"branchMap":{"0":{"loc":{"start":{"line":3,"column":21},"end":{"line":3,"column":119}},"type":"binary-expr","locations":[{"start":{"line":3,"column":21},"end":{"line":3,"column":45}},{"start":{"line":3,"column":49},"end":{"line":3,"column":119}}],"line":3},"1":{"loc":{"start":{"line":26,"column":2},"end":{"line":28,"column":3}},"type":"if","locations":[{"start":{"line":26,"column":2},"end":{"line":28,"column":3}},{"start":{},"end":{}}],"line":26}},"s":{"0":7,"1":7,"2":7,"3":0,"4":0,"5":0,"6":0,"7":0,"8":0,"9":0,"10":0,"11":0,"12":0,"13":0,"14":7},"f":{"0":0,"1":0,"2":0},"b":{"0":[7,7],"1":[0,0]},"_coverageSchema":"1a1c01bbd47fc00a2c39e90264f33305004495a9","hash":"de276ff091c7c376a543a2d1b3beb13dc437c953"}
,"/Users/pfarrow/Coding/PaulBit/licensing-api/src/migrate.js": {"path":"/Users/pfarrow/Coding/PaulBit/licensing-api/src/migrate.js","statementMap":{"0":{"start":{"line":1,"column":11},"end":{"line":1,"column":26}},"1":{"start":{"line":2,"column":11},"end":{"line":2,"column":24}},"2":{"start":{"line":3,"column":13},"end":{"line":3,"column":28}},"3":{"start":{"line":10,"column":2},"end":{"line":10,"column":55}},"4":{"start":{"line":12,"column":2},"end":{"line":96,"column":3}},"5":{"start":{"line":14,"column":4},"end":{"line":20,"column":7}},"6":{"start":{"line":23,"column":20},"end":{"line":23,"column":94}},"7":{"start":{"line":24,"column":30},"end":{"line":24,"column":78}},"8":{"start":{"line":24,"column":60},"end":{"line":24,"column":76}},"9":{"start":{"line":27,"column":4},"end":{"line":45,"column":5}},"10":{"start":{"line":28,"column":23},"end":{"line":28,"column":73}},"11":{"start":{"line":29,"column":6},"end":{"line":44,"column":7}},"12":{"start":{"line":30,"column":8},"end":{"line":30,"column":66}},"13":{"start":{"line":31,"column":8},"end":{"line":43,"column":9}},"14":{"start":{"line":32,"column":22},"end":{"line":32,"column":55}},"15":{"start":{"line":33,"column":10},"end":{"line":33,"column":34}},"16":{"start":{"line":34,"column":10},"end":{"line":34,"column":30}},"17":{"start":{"line":35,"column":10},"end":{"line":35,"column":105}},"18":{"start":{"line":36,"column":10},"end":{"line":36,"column":35}},"19":{"start":{"line":37,"column":10},"end":{"line":37,"column":52}},"20":{"start":{"line":38,"column":10},"end":{"line":38,"column":48}},"21":{"start":{"line":40,"column":10},"end":{"line":40,"column":37}},"22":{"start":{"line":41,"column":10},"end":{"line":41,"column":74}},"23":{"start":{"line":42,"column":10},"end":{"line":42,"column":22}},"24":{"start":{"line":48,"column":26},"end":{"line":48,"column":78}},"25":{"start":{"line":50,"column":4},"end":{"line":54,"column":5}},"26":{"start":{"line":51,"column":6},"end":{"line":51,"column":77}},"27":{"start":{"line":52,"column":6},"end":{"line":52,"column":51}},"28":{"start":{"line":53,"column":6},"end":{"line":53,"column":13}},"29":{"start":{"line":56,"column":27},"end":{"line":58,"column":13}},"30":{"start":{"line":57,"column":19},"end":{"line":57,"column":37}},"31":{"start":{"line":61,"column":23},"end":{"line":61,"column":24}},"32":{"start":{"line":63,"column":4},"end":{"line":86,"column":5}},"33":{"start":{"line":64,"column":6},"end":{"line":66,"column":7}},"34":{"start":{"line":65,"column":8},"end":{"line":65,"column":17}},"35":{"start":{"line":68,"column":6},"end":{"line":68,"column":59}},"36":{"start":{"line":70,"column":6},"end":{"line":85,"column":7}},"37":{"start":{"line":71,"column":20},"end":{"line":71,"column":79}},"38":{"start":{"line":74,"column":8},"end":{"line":74,"column":32}},"39":{"start":{"line":75,"column":8},"end":{"line":75,"column":28}},"40":{"start":{"line":76,"column":8},"end":{"line":76,"column":97}},"41":{"start":{"line":77,"column":8},"end":{"line":77,"column":33}},"42":{"start":{"line":79,"column":8},"end":{"line":79,"column":23}},"43":{"start":{"line":80,"column":8},"end":{"line":80,"column":49}},"44":{"start":{"line":82,"column":8},"end":{"line":82,"column":35}},"45":{"start":{"line":83,"column":8},"end":{"line":83,"column":74}},"46":{"start":{"line":84,"column":8},"end":{"line":84,"column":20}},"47":{"start":{"line":88,"column":4},"end":{"line":92,"column":5}},"48":{"start":{"line":89,"column":6},"end":{"line":89,"column":53}},"49":{"start":{"line":91,"column":6},"end":{"line":91,"column":64}},"50":{"start":{"line":94,"column":4},"end":{"line":94,"column":47}},"51":{"start":{"line":95,"column":4},"end":{"line":95,"column":16}},"52":{"start":{"line":99,"column":0},"end":{"line":99,"column":35}}},"fnMap":{"0":{"name":"runMigrations","decl":{"start":{"line":9,"column":15},"end":{"line":9,"column":28}},"loc":{"start":{"line":9,"column":31},"end":{"line":97,"column":1}},"line":9},"1":{"name":"(anonymous_1)","decl":{"start":{"line":24,"column":55},"end":{"line":24,"column":56}},"loc":{"start":{"line":24,"column":60},"end":{"line":24,"column":76}},"line":24},"2":{"name":"(anonymous_2)","decl":{"start":{"line":57,"column":14},"end":{"line":57,"column":15}},"loc":{"start":{"line":57,"column":19},"end":{"line":57,"column":37}},"line":57}},"branchMap":{"0":{"loc":{"start":{"line":27,"column":4},"end":{"line":45,"column":5}},"type":"if","locations":[{"start":{"line":27,"column":4},"end":{"line":45,"column":5}},{"start":{},"end":{}}],"line":27},"1":{"loc":{"start":{"line":29,"column":6},"end":{"line":44,"column":7}},"type":"if","locations":[{"start":{"line":29,"column":6},"end":{"line":44,"column":7}},{"start":{},"end":{}}],"line":29},"2":{"loc":{"start":{"line":50,"column":4},"end":{"line":54,"column":5}},"type":"if","locations":[{"start":{"line":50,"column":4},"end":{"line":54,"column":5}},{"start":{},"end":{}}],"line":50},"3":{"loc":{"start":{"line":64,"column":6},"end":{"line":66,"column":7}},"type":"if","locations":[{"start":{"line":64,"column":6},"end":{"line":66,"column":7}},{"start":{},"end":{}}],"line":64},"4":{"loc":{"start":{"line":88,"column":4},"end":{"line":92,"column":5}},"type":"if","locations":[{"start":{"line":88,"column":4},"end":{"line":92,"column":5}},{"start":{"line":90,"column":11},"end":{"line":92,"column":5}}],"line":88}},"s":{"0":0,"1":0,"2":0,"3":0,"4":0,"5":0,"6":0,"7":0,"8":0,"9":0,"10":0,"11":0,"12":0,"13":0,"14":0,"15":0,"16":0,"17":0,"18":0,"19":0,"20":0,"21":0,"22":0,"23":0,"24":0,"25":0,"26":0,"27":0,"28":0,"29":0,"30":0,"31":0,"32":0,"33":0,"34":0,"35":0,"36":0,"37":0,"38":0,"39":0,"40":0,"41":0,"42":0,"43":0,"44":0,"45":0,"46":0,"47":0,"48":0,"49":0,"50":0,"51":0,"52":0},"f":{"0":0,"1":0,"2":0},"b":{"0":[0,0],"1":[0,0],"2":[0,0],"3":[0,0],"4":[0,0]}}
,"/Users/pfarrow/Coding/PaulBit/licensing-api/src/redis.js": {"path":"/Users/pfarrow/Coding/PaulBit/licensing-api/src/redis.js","statementMap":{"0":{"start":{"line":1,"column":14},"end":{"line":1,"column":30}},"1":{"start":{"line":3,"column":18},"end":{"line":3,"column":63}},"2":{"start":{"line":4,"column":22},"end":{"line":4,"column":58}},"3":{"start":{"line":6,"column":13},"end":{"line":6,"column":17}},"4":{"start":{"line":7,"column":21},"end":{"line":7,"column":26}},"5":{"start":{"line":10,"column":2},"end":{"line":13,"column":3}},"6":{"start":{"line":11,"column":4},"end":{"line":11,"column":77}},"7":{"start":{"line":12,"column":4},"end":{"line":12,"column":11}},"8":{"start":{"line":15,"column":2},"end":{"line":41,"column":3}},"9":{"start":{"line":16,"column":4},"end":{"line":22,"column":7}},"10":{"start":{"line":25,"column":22},"end":{"line":25,"column":27}},"11":{"start":{"line":26,"column":4},"end":{"line":32,"column":7}},"12":{"start":{"line":27,"column":6},"end":{"line":30,"column":7}},"13":{"start":{"line":28,"column":8},"end":{"line":28,"column":58}},"14":{"start":{"line":29,"column":8},"end":{"line":29,"column":27}},"15":{"start":{"line":31,"column":6},"end":{"line":31,"column":29}},"16":{"start":{"line":34,"column":4},"end":{"line":34,"column":27}},"17":{"start":{"line":35,"column":4},"end":{"line":35,"column":26}},"18":{"start":{"line":36,"column":4},"end":{"line":36,"column":37}},"19":{"start":{"line":38,"column":4},"end":{"line":38,"column":87}},"20":{"start":{"line":39,"column":4},"end":{"line":39,"column":27}},"21":{"start":{"line":40,"column":4},"end":{"line":40,"column":18}},"22":{"start":{"line":45,"column":2},"end":{"line":47,"column":3}},"23":{"start":{"line":46,"column":4},"end":{"line":46,"column":45}},"24":{"start":{"line":48,"column":2},"end":{"line":48,"column":16}},"25":{"start":{"line":52,"column":2},"end":{"line":52,"column":43}},"26":{"start":{"line":57,"column":2},"end":{"line":60,"column":3}},"27":{"start":{"line":58,"column":4},"end":{"line":58,"column":63}},"28":{"start":{"line":59,"column":4},"end":{"line":59,"column":11}},"29":{"start":{"line":61,"column":2},"end":{"line":61,"column":47}},"30":{"start":{"line":65,"column":2},"end":{"line":68,"column":3}},"31":{"start":{"line":67,"column":4},"end":{"line":67,"column":16}},"32":{"start":{"line":69,"column":17},"end":{"line":69,"column":52}},"33":{"start":{"line":70,"column":2},"end":{"line":70,"column":22}},"34":{"start":{"line":74,"column":2},"end":{"line":77,"column":3}},"35":{"start":{"line":75,"column":4},"end":{"line":75,"column":58}},"36":{"start":{"line":76,"column":4},"end":{"line":76,"column":11}},"37":{"start":{"line":78,"column":2},"end":{"line":78,"column":35}},"38":{"start":{"line":81,"column":0},"end":{"line":88,"column":2}}},"fnMap":{"0":{"name":"initialize","decl":{"start":{"line":9,"column":15},"end":{"line":9,"column":25}},"loc":{"start":{"line":9,"column":28},"end":{"line":42,"column":1}},"line":9},"1":{"name":"(anonymous_1)","decl":{"start":{"line":26,"column":23},"end":{"line":26,"column":24}},"loc":{"start":{"line":26,"column":32},"end":{"line":32,"column":5}},"line":26},"2":{"name":"getClient","decl":{"start":{"line":44,"column":9},"end":{"line":44,"column":18}},"loc":{"start":{"line":44,"column":21},"end":{"line":49,"column":1}},"line":44},"3":{"name":"isAvailable","decl":{"start":{"line":51,"column":9},"end":{"line":51,"column":20}},"loc":{"start":{"line":51,"column":23},"end":{"line":53,"column":1}},"line":51},"4":{"name":"addTokenToAllowlist","decl":{"start":{"line":56,"column":15},"end":{"line":56,"column":34}},"loc":{"start":{"line":56,"column":45},"end":{"line":62,"column":1}},"line":56},"5":{"name":"isTokenInAllowlist","decl":{"start":{"line":64,"column":15},"end":{"line":64,"column":33}},"loc":{"start":{"line":64,"column":39},"end":{"line":71,"column":1}},"line":64},"6":{"name":"revokeToken","decl":{"start":{"line":73,"column":15},"end":{"line":73,"column":26}},"loc":{"start":{"line":73,"column":32},"end":{"line":79,"column":1}},"line":73}},"branchMap":{"0":{"loc":{"start":{"line":3,"column":18},"end":{"line":3,"column":63}},"type":"binary-expr","locations":[{"start":{"line":3,"column":18},"end":{"line":3,"column":39}},{"start":{"line":3,"column":43},"end":{"line":3,"column":63}}],"line":3},"1":{"loc":{"start":{"line":10,"column":2},"end":{"line":13,"column":3}},"type":"if","locations":[{"start":{"line":10,"column":2},"end":{"line":13,"column":3}},{"start":{},"end":{}}],"line":10},"2":{"loc":{"start":{"line":27,"column":6},"end":{"line":30,"column":7}},"type":"if","locations":[{"start":{"line":27,"column":6},"end":{"line":30,"column":7}},{"start":{},"end":{}}],"line":27},"3":{"loc":{"start":{"line":45,"column":2},"end":{"line":47,"column":3}},"type":"if","locations":[{"start":{"line":45,"column":2},"end":{"line":47,"column":3}},{"start":{},"end":{}}],"line":45},"4":{"loc":{"start":{"line":52,"column":9},"end":{"line":52,"column":42}},"type":"binary-expr","locations":[{"start":{"line":52,"column":9},"end":{"line":52,"column":23}},{"start":{"line":52,"column":27},"end":{"line":52,"column":42}}],"line":52},"5":{"loc":{"start":{"line":57,"column":2},"end":{"line":60,"column":3}},"type":"if","locations":[{"start":{"line":57,"column":2},"end":{"line":60,"column":3}},{"start":{},"end":{}}],"line":57},"6":{"loc":{"start":{"line":65,"column":2},"end":{"line":68,"column":3}},"type":"if","locations":[{"start":{"line":65,"column":2},"end":{"line":68,"column":3}},{"start":{},"end":{}}],"line":65},"7":{"loc":{"start":{"line":74,"column":2},"end":{"line":77,"column":3}},"type":"if","locations":[{"start":{"line":74,"column":2},"end":{"line":77,"column":3}},{"start":{},"end":{}}],"line":74}},"s":{"0":1,"1":1,"2":1,"3":1,"4":1,"5":0,"6":0,"7":0,"8":0,"9":0,"10":0,"11":0,"12":0,"13":0,"14":0,"15":0,"16":0,"17":0,"18":0,"19":0,"20":0,"21":0,"22":0,"23":0,"24":0,"25":0,"26":0,"27":0,"28":0,"29":0,"30":0,"31":0,"32":0,"33":0,"34":0,"35":0,"36":0,"37":0,"38":1},"f":{"0":0,"1":0,"2":0,"3":0,"4":0,"5":0,"6":0},"b":{"0":[1,1],"1":[0,0],"2":[0,0],"3":[0,0],"4":[0,0],"5":[0,0],"6":[0,0],"7":[0,0]},"_coverageSchema":"1a1c01bbd47fc00a2c39e90264f33305004495a9","hash":"b1840fd9d182878fab4ed3785148df77a7fa6b48"}
,"/Users/pfarrow/Coding/PaulBit/licensing-api/src/jobs/alertEvaluator.js": {"path":"/Users/pfarrow/Coding/PaulBit/licensing-api/src/jobs/alertEvaluator.js","statementMap":{"0":{"start":{"line":1,"column":14},"end":{"line":1,"column":30}},"1":{"start":{"line":2,"column":14},"end":{"line":2,"column":40}},"2":{"start":{"line":3,"column":11},"end":{"line":3,"column":27}},"3":{"start":{"line":5,"column":20},"end":{"line":5,"column":33}},"4":{"start":{"line":8,"column":17},"end":{"line":20,"column":3}},"5":{"start":{"line":21,"column":2},"end":{"line":21,"column":107}},"6":{"start":{"line":25,"column":17},"end":{"line":34,"column":3}},"7":{"start":{"line":35,"column":2},"end":{"line":35,"column":53}},"8":{"start":{"line":39,"column":80},"end":{"line":39,"column":85}},"9":{"start":{"line":40,"column":24},"end":{"line":40,"column":44}},"10":{"start":{"line":42,"column":17},"end":{"line":42,"column":63}},"11":{"start":{"line":43,"column":16},"end":{"line":43,"column":50}},"12":{"start":{"line":45,"column":14},"end":{"line":45,"column":15}},"13":{"start":{"line":46,"column":18},"end":{"line":46,"column":23}},"14":{"start":{"line":48,"column":2},"end":{"line":78,"column":3}},"15":{"start":{"line":50,"column":6},"end":{"line":50,"column":35}},"16":{"start":{"line":50,"column":23},"end":{"line":50,"column":35}},"17":{"start":{"line":51,"column":6},"end":{"line":51,"column":55}},"18":{"start":{"line":52,"column":6},"end":{"line":52,"column":37}},"19":{"start":{"line":53,"column":6},"end":{"line":53,"column":12}},"20":{"start":{"line":56,"column":6},"end":{"line":56,"column":35}},"21":{"start":{"line":56,"column":23},"end":{"line":56,"column":35}},"22":{"start":{"line":57,"column":6},"end":{"line":57,"column":57}},"23":{"start":{"line":58,"column":6},"end":{"line":58,"column":37}},"24":{"start":{"line":59,"column":6},"end":{"line":59,"column":12}},"25":{"start":{"line":62,"column":6},"end":{"line":62,"column":54}},"26":{"start":{"line":62,"column":42},"end":{"line":62,"column":54}},"27":{"start":{"line":63,"column":6},"end":{"line":63,"column":44}},"28":{"start":{"line":64,"column":6},"end":{"line":64,"column":37}},"29":{"start":{"line":65,"column":6},"end":{"line":65,"column":12}},"30":{"start":{"line":68,"column":22},"end":{"line":68,"column":27}},"31":{"start":{"line":69,"column":23},"end":{"line":69,"column":81}},"32":{"start":{"line":70,"column":6},"end":{"line":70,"column":38}},"33":{"start":{"line":70,"column":26},"end":{"line":70,"column":38}},"34":{"start":{"line":71,"column":6},"end":{"line":71,"column":33}},"35":{"start":{"line":72,"column":6},"end":{"line":72,"column":37}},"36":{"start":{"line":73,"column":6},"end":{"line":73,"column":12}},"37":{"start":{"line":76,"column":6},"end":{"line":76,"column":54}},"38":{"start":{"line":77,"column":6},"end":{"line":77,"column":18}},"39":{"start":{"line":80,"column":2},"end":{"line":82,"column":3}},"40":{"start":{"line":81,"column":4},"end":{"line":81,"column":39}},"41":{"start":{"line":84,"column":2},"end":{"line":99,"column":3}},"42":{"start":{"line":85,"column":4},"end":{"line":95,"column":7}},"43":{"start":{"line":96,"column":4},"end":{"line":96,"column":83}},"44":{"start":{"line":98,"column":4},"end":{"line":98,"column":73}},"45":{"start":{"line":101,"column":2},"end":{"line":101,"column":36}},"46":{"start":{"line":105,"column":2},"end":{"line":112,"column":18}},"47":{"start":{"line":106,"column":4},"end":{"line":111,"column":5}},"48":{"start":{"line":107,"column":21},"end":{"line":107,"column":46}},"49":{"start":{"line":108,"column":6},"end":{"line":108,"column":51}},"50":{"start":{"line":110,"column":6},"end":{"line":110,"column":55}},"51":{"start":{"line":115,"column":0},"end":{"line":118,"column":2}}},"fnMap":{"0":{"name":"fetchCounts","decl":{"start":{"line":7,"column":15},"end":{"line":7,"column":26}},"loc":{"start":{"line":7,"column":55},"end":{"line":22,"column":1}},"line":7},"1":{"name":"fetchCountsForWindow","decl":{"start":{"line":24,"column":15},"end":{"line":24,"column":35}},"loc":{"start":{"line":24,"column":86},"end":{"line":36,"column":1}},"line":24},"2":{"name":"evaluateAlert","decl":{"start":{"line":38,"column":15},"end":{"line":38,"column":28}},"loc":{"start":{"line":38,"column":36},"end":{"line":102,"column":1}},"line":38},"3":{"name":"schedule","decl":{"start":{"line":104,"column":9},"end":{"line":104,"column":17}},"loc":{"start":{"line":104,"column":20},"end":{"line":113,"column":1}},"line":104},"4":{"name":"(anonymous_4)","decl":{"start":{"line":105,"column":14},"end":{"line":105,"column":15}},"loc":{"start":{"line":105,"column":26},"end":{"line":112,"column":3}},"line":105}},"branchMap":{"0":{"loc":{"start":{"line":21,"column":9},"end":{"line":21,"column":106}},"type":"binary-expr","locations":[{"start":{"line":21,"column":9},"end":{"line":21,"column":23}},{"start":{"line":21,"column":27},"end":{"line":21,"column":106}}],"line":21},"1":{"loc":{"start":{"line":24,"column":64},"end":{"line":24,"column":84}},"type":"default-arg","locations":[{"start":{"line":24,"column":83},"end":{"line":24,"column":84}}],"line":24},"2":{"loc":{"start":{"line":35,"column":16},"end":{"line":35,"column":51}},"type":"binary-expr","locations":[{"start":{"line":35,"column":16},"end":{"line":35,"column":46}},{"start":{"line":35,"column":50},"end":{"line":35,"column":51}}],"line":35},"3":{"loc":{"start":{"line":40,"column":24},"end":{"line":40,"column":44}},"type":"binary-expr","locations":[{"start":{"line":40,"column":24},"end":{"line":40,"column":38}},{"start":{"line":40,"column":42},"end":{"line":40,"column":44}}],"line":40},"4":{"loc":{"start":{"line":43,"column":23},"end":{"line":43,"column":49}},"type":"binary-expr","locations":[{"start":{"line":43,"column":23},"end":{"line":43,"column":44}},{"start":{"line":43,"column":48},"end":{"line":43,"column":49}}],"line":43},"5":{"loc":{"start":{"line":48,"column":2},"end":{"line":78,"column":3}},"type":"switch","locations":[{"start":{"line":49,"column":4},"end":{"line":54,"column":5}},{"start":{"line":55,"column":4},"end":{"line":60,"column":5}},{"start":{"line":61,"column":4},"end":{"line":66,"column":5}},{"start":{"line":67,"column":4},"end":{"line":74,"column":5}},{"start":{"line":75,"column":4},"end":{"line":77,"column":18}}],"line":48},"6":{"loc":{"start":{"line":50,"column":6},"end":{"line":50,"column":35}},"type":"if","locations":[{"start":{"line":50,"column":6},"end":{"line":50,"column":35}},{"start":{},"end":{}}],"line":50},"7":{"loc":{"start":{"line":51,"column":21},"end":{"line":51,"column":45}},"type":"binary-expr","locations":[{"start":{"line":51,"column":21},"end":{"line":51,"column":40}},{"start":{"line":51,"column":44},"end":{"line":51,"column":45}}],"line":51},"8":{"loc":{"start":{"line":56,"column":6},"end":{"line":56,"column":35}},"type":"if","locations":[{"start":{"line":56,"column":6},"end":{"line":56,"column":35}},{"start":{},"end":{}}],"line":56},"9":{"loc":{"start":{"line":57,"column":21},"end":{"line":57,"column":47}},"type":"binary-expr","locations":[{"start":{"line":57,"column":21},"end":{"line":57,"column":42}},{"start":{"line":57,"column":46},"end":{"line":57,"column":47}}],"line":57},"10":{"loc":{"start":{"line":62,"column":6},"end":{"line":62,"column":54}},"type":"if","locations":[{"start":{"line":62,"column":6},"end":{"line":62,"column":54}},{"start":{},"end":{}}],"line":62},"11":{"loc":{"start":{"line":70,"column":6},"end":{"line":70,"column":38}},"type":"if","locations":[{"start":{"line":70,"column":6},"end":{"line":70,"column":38}},{"start":{},"end":{}}],"line":70},"12":{"loc":{"start":{"line":80,"column":2},"end":{"line":82,"column":3}},"type":"if","locations":[{"start":{"line":80,"column":2},"end":{"line":82,"column":3}},{"start":{},"end":{}}],"line":80},"13":{"loc":{"start":{"line":80,"column":6},"end":{"line":80,"column":37}},"type":"binary-expr","locations":[{"start":{"line":80,"column":6},"end":{"line":80,"column":16}},{"start":{"line":80,"column":20},"end":{"line":80,"column":37}}],"line":80}},"s":{"0":0,"1":0,"2":0,"3":0,"4":0,"5":0,"6":0,"7":0,"8":0,"9":0,"10":0,"11":0,"12":0,"13":0,"14":0,"15":0,"16":0,"17":0,"18":0,"19":0,"20":0,"21":0,"22":0,"23":0,"24":0,"25":0,"26":0,"27":0,"28":0,"29":0,"30":0,"31":0,"32":0,"33":0,"34":0,"35":0,"36":0,"37":0,"38":0,"39":0,"40":0,"41":0,"42":0,"43":0,"44":0,"45":0,"46":0,"47":0,"48":0,"49":0,"50":0,"51":0},"f":{"0":0,"1":0,"2":0,"3":0,"4":0},"b":{"0":[0,0],"1":[0],"2":[0,0],"3":[0,0],"4":[0,0],"5":[0,0,0,0,0],"6":[0,0],"7":[0,0],"8":[0,0],"9":[0,0],"10":[0,0],"11":[0,0],"12":[0,0],"13":[0,0]}}
,"/Users/pfarrow/Coding/PaulBit/licensing-api/src/jobs/metricsRollup.js": {"path":"/Users/pfarrow/Coding/PaulBit/licensing-api/src/jobs/metricsRollup.js","statementMap":{"0":{"start":{"line":1,"column":16},"end":{"line":1,"column":44}},"1":{"start":{"line":2,"column":25},"end":{"line":2,"column":62}},"2":{"start":{"line":4,"column":27},"end":{"line":4,"column":41}},"3":{"start":{"line":5,"column":26},"end":{"line":5,"column":40}},"4":{"start":{"line":6,"column":27},"end":{"line":6,"column":84}},"5":{"start":{"line":9,"column":18},"end":{"line":9,"column":32}},"6":{"start":{"line":10,"column":2},"end":{"line":10,"column":30}},"7":{"start":{"line":11,"column":2},"end":{"line":11,"column":17}},"8":{"start":{"line":15,"column":18},"end":{"line":15,"column":32}},"9":{"start":{"line":16,"column":2},"end":{"line":16,"column":31}},"10":{"start":{"line":17,"column":2},"end":{"line":17,"column":17}},"11":{"start":{"line":21,"column":14},"end":{"line":21,"column":24}},"12":{"start":{"line":22,"column":20},"end":{"line":22,"column":36}},"13":{"start":{"line":23,"column":22},"end":{"line":23,"column":68}},"14":{"start":{"line":25,"column":15},"end":{"line":29,"column":4}},"15":{"start":{"line":31,"column":2},"end":{"line":33,"column":3}},"16":{"start":{"line":32,"column":4},"end":{"line":32,"column":11}},"17":{"start":{"line":35,"column":19},"end":{"line":35,"column":21}},"18":{"start":{"line":36,"column":2},"end":{"line":68,"column":3}},"19":{"start":{"line":37,"column":25},"end":{"line":41,"column":6}},"20":{"start":{"line":42,"column":28},"end":{"line":46,"column":6}},"21":{"start":{"line":47,"column":22},"end":{"line":50,"column":7}},"22":{"start":{"line":47,"column":50},"end":{"line":50,"column":5}},"23":{"start":{"line":51,"column":25},"end":{"line":54,"column":7}},"24":{"start":{"line":51,"column":56},"end":{"line":54,"column":5}},"25":{"start":{"line":56,"column":4},"end":{"line":67,"column":7}},"26":{"start":{"line":70,"column":2},"end":{"line":70,"column":46}},"27":{"start":{"line":74,"column":14},"end":{"line":74,"column":24}},"28":{"start":{"line":75,"column":20},"end":{"line":75,"column":35}},"29":{"start":{"line":76,"column":22},"end":{"line":76,"column":73}},"30":{"start":{"line":78,"column":15},"end":{"line":82,"column":4}},"31":{"start":{"line":84,"column":2},"end":{"line":86,"column":3}},"32":{"start":{"line":85,"column":4},"end":{"line":85,"column":11}},"33":{"start":{"line":88,"column":19},"end":{"line":88,"column":21}},"34":{"start":{"line":89,"column":2},"end":{"line":121,"column":3}},"35":{"start":{"line":90,"column":25},"end":{"line":94,"column":6}},"36":{"start":{"line":95,"column":28},"end":{"line":99,"column":6}},"37":{"start":{"line":100,"column":22},"end":{"line":103,"column":7}},"38":{"start":{"line":100,"column":50},"end":{"line":103,"column":5}},"39":{"start":{"line":104,"column":25},"end":{"line":107,"column":7}},"40":{"start":{"line":104,"column":56},"end":{"line":107,"column":5}},"41":{"start":{"line":109,"column":4},"end":{"line":120,"column":7}},"42":{"start":{"line":123,"column":2},"end":{"line":123,"column":46}},"43":{"start":{"line":127,"column":2},"end":{"line":129,"column":3}},"44":{"start":{"line":128,"column":4},"end":{"line":128,"column":11}},"45":{"start":{"line":130,"column":2},"end":{"line":130,"column":52}},"46":{"start":{"line":134,"column":2},"end":{"line":138,"column":25}},"47":{"start":{"line":135,"column":4},"end":{"line":137,"column":7}},"48":{"start":{"line":136,"column":6},"end":{"line":136,"column":52}},"49":{"start":{"line":140,"column":2},"end":{"line":144,"column":24}},"50":{"start":{"line":141,"column":4},"end":{"line":143,"column":7}},"51":{"start":{"line":142,"column":6},"end":{"line":142,"column":51}},"52":{"start":{"line":147,"column":2},"end":{"line":151,"column":26}},"53":{"start":{"line":148,"column":4},"end":{"line":150,"column":7}},"54":{"start":{"line":149,"column":6},"end":{"line":149,"column":52}},"55":{"start":{"line":154,"column":2},"end":{"line":157,"column":16}},"56":{"start":{"line":155,"column":4},"end":{"line":155,"column":38}},"57":{"start":{"line":156,"column":4},"end":{"line":156,"column":37}},"58":{"start":{"line":160,"column":0},"end":{"line":165,"column":2}}},"fnMap":{"0":{"name":"floorToHour","decl":{"start":{"line":8,"column":9},"end":{"line":8,"column":20}},"loc":{"start":{"line":8,"column":27},"end":{"line":12,"column":1}},"line":8},"1":{"name":"floorToDay","decl":{"start":{"line":14,"column":9},"end":{"line":14,"column":19}},"loc":{"start":{"line":14,"column":26},"end":{"line":18,"column":1}},"line":14},"2":{"name":"rollupHour","decl":{"start":{"line":20,"column":15},"end":{"line":20,"column":25}},"loc":{"start":{"line":20,"column":28},"end":{"line":71,"column":1}},"line":20},"3":{"name":"(anonymous_3)","decl":{"start":{"line":47,"column":39},"end":{"line":47,"column":40}},"loc":{"start":{"line":47,"column":50},"end":{"line":50,"column":5}},"line":47},"4":{"name":"(anonymous_4)","decl":{"start":{"line":51,"column":45},"end":{"line":51,"column":46}},"loc":{"start":{"line":51,"column":56},"end":{"line":54,"column":5}},"line":51},"5":{"name":"rollupDay","decl":{"start":{"line":73,"column":15},"end":{"line":73,"column":24}},"loc":{"start":{"line":73,"column":27},"end":{"line":124,"column":1}},"line":73},"6":{"name":"(anonymous_6)","decl":{"start":{"line":100,"column":39},"end":{"line":100,"column":40}},"loc":{"start":{"line":100,"column":50},"end":{"line":103,"column":5}},"line":100},"7":{"name":"(anonymous_7)","decl":{"start":{"line":104,"column":45},"end":{"line":104,"column":46}},"loc":{"start":{"line":104,"column":56},"end":{"line":107,"column":5}},"line":104},"8":{"name":"purgeRawLogs","decl":{"start":{"line":126,"column":15},"end":{"line":126,"column":27}},"loc":{"start":{"line":126,"column":30},"end":{"line":131,"column":1}},"line":126},"9":{"name":"schedule","decl":{"start":{"line":133,"column":9},"end":{"line":133,"column":17}},"loc":{"start":{"line":133,"column":20},"end":{"line":158,"column":1}},"line":133},"10":{"name":"(anonymous_10)","decl":{"start":{"line":134,"column":14},"end":{"line":134,"column":15}},"loc":{"start":{"line":134,"column":20},"end":{"line":138,"column":3}},"line":134},"11":{"name":"(anonymous_11)","decl":{"start":{"line":135,"column":23},"end":{"line":135,"column":24}},"loc":{"start":{"line":135,"column":34},"end":{"line":137,"column":5}},"line":135},"12":{"name":"(anonymous_12)","decl":{"start":{"line":140,"column":14},"end":{"line":140,"column":15}},"loc":{"start":{"line":140,"column":20},"end":{"line":144,"column":3}},"line":140},"13":{"name":"(anonymous_13)","decl":{"start":{"line":141,"column":22},"end":{"line":141,"column":23}},"loc":{"start":{"line":141,"column":33},"end":{"line":143,"column":5}},"line":141},"14":{"name":"(anonymous_14)","decl":{"start":{"line":147,"column":14},"end":{"line":147,"column":15}},"loc":{"start":{"line":147,"column":20},"end":{"line":151,"column":3}},"line":147},"15":{"name":"(anonymous_15)","decl":{"start":{"line":148,"column":25},"end":{"line":148,"column":26}},"loc":{"start":{"line":148,"column":36},"end":{"line":150,"column":5}},"line":148},"16":{"name":"(anonymous_16)","decl":{"start":{"line":154,"column":13},"end":{"line":154,"column":14}},"loc":{"start":{"line":154,"column":19},"end":{"line":157,"column":3}},"line":154}},"branchMap":{"0":{"loc":{"start":{"line":6,"column":36},"end":{"line":6,"column":79}},"type":"binary-expr","locations":[{"start":{"line":6,"column":36},"end":{"line":6,"column":71}},{"start":{"line":6,"column":75},"end":{"line":6,"column":79}}],"line":6},"1":{"loc":{"start":{"line":31,"column":2},"end":{"line":33,"column":3}},"type":"if","locations":[{"start":{"line":31,"column":2},"end":{"line":33,"column":3}},{"start":{},"end":{}}],"line":31},"2":{"loc":{"start":{"line":49,"column":20},"end":{"line":49,"column":35}},"type":"binary-expr","locations":[{"start":{"line":49,"column":20},"end":{"line":49,"column":30}},{"start":{"line":49,"column":34},"end":{"line":49,"column":35}}],"line":49},"3":{"loc":{"start":{"line":53,"column":20},"end":{"line":53,"column":35}},"type":"binary-expr","locations":[{"start":{"line":53,"column":20},"end":{"line":53,"column":30}},{"start":{"line":53,"column":34},"end":{"line":53,"column":35}}],"line":53},"4":{"loc":{"start":{"line":61,"column":27},"end":{"line":61,"column":48}},"type":"binary-expr","locations":[{"start":{"line":61,"column":27},"end":{"line":61,"column":43}},{"start":{"line":61,"column":47},"end":{"line":61,"column":48}}],"line":61},"5":{"loc":{"start":{"line":62,"column":27},"end":{"line":62,"column":48}},"type":"binary-expr","locations":[{"start":{"line":62,"column":27},"end":{"line":62,"column":43}},{"start":{"line":62,"column":47},"end":{"line":62,"column":48}}],"line":62},"6":{"loc":{"start":{"line":63,"column":22},"end":{"line":63,"column":76}},"type":"cond-expr","locations":[{"start":{"line":63,"column":43},"end":{"line":63,"column":69}},{"start":{"line":63,"column":72},"end":{"line":63,"column":76}}],"line":63},"7":{"loc":{"start":{"line":64,"column":26},"end":{"line":64,"column":46}},"type":"binary-expr","locations":[{"start":{"line":64,"column":26},"end":{"line":64,"column":41}},{"start":{"line":64,"column":45},"end":{"line":64,"column":46}}],"line":64},"8":{"loc":{"start":{"line":84,"column":2},"end":{"line":86,"column":3}},"type":"if","locations":[{"start":{"line":84,"column":2},"end":{"line":86,"column":3}},{"start":{},"end":{}}],"line":84},"9":{"loc":{"start":{"line":102,"column":20},"end":{"line":102,"column":35}},"type":"binary-expr","locations":[{"start":{"line":102,"column":20},"end":{"line":102,"column":30}},{"start":{"line":102,"column":34},"end":{"line":102,"column":35}}],"line":102},"10":{"loc":{"start":{"line":106,"column":20},"end":{"line":106,"column":35}},"type":"binary-expr","locations":[{"start":{"line":106,"column":20},"end":{"line":106,"column":30}},{"start":{"line":106,"column":34},"end":{"line":106,"column":35}}],"line":106},"11":{"loc":{"start":{"line":114,"column":27},"end":{"line":114,"column":48}},"type":"binary-expr","locations":[{"start":{"line":114,"column":27},"end":{"line":114,"column":43}},{"start":{"line":114,"column":47},"end":{"line":114,"column":48}}],"line":114},"12":{"loc":{"start":{"line":115,"column":27},"end":{"line":115,"column":48}},"type":"binary-expr","locations":[{"start":{"line":115,"column":27},"end":{"line":115,"column":43}},{"start":{"line":115,"column":47},"end":{"line":115,"column":48}}],"line":115},"13":{"loc":{"start":{"line":116,"column":22},"end":{"line":116,"column":76}},"type":"cond-expr","locations":[{"start":{"line":116,"column":43},"end":{"line":116,"column":69}},{"start":{"line":116,"column":72},"end":{"line":116,"column":76}}],"line":116},"14":{"loc":{"start":{"line":117,"column":26},"end":{"line":117,"column":46}},"type":"binary-expr","locations":[{"start":{"line":117,"column":26},"end":{"line":117,"column":41}},{"start":{"line":117,"column":45},"end":{"line":117,"column":46}}],"line":117},"15":{"loc":{"start":{"line":127,"column":2},"end":{"line":129,"column":3}},"type":"if","locations":[{"start":{"line":127,"column":2},"end":{"line":129,"column":3}},{"start":{},"end":{}}],"line":127},"16":{"loc":{"start":{"line":127,"column":6},"end":{"line":127,"column":52}},"type":"binary-expr","locations":[{"start":{"line":127,"column":6},"end":{"line":127,"column":25}},{"start":{"line":127,"column":29},"end":{"line":127,"column":52}}],"line":127}},"s":{"0":0,"1":0,"2":0,"3":0,"4":0,"5":0,"6":0,"7":0,"8":0,"9":0,"10":0,"11":0,"12":0,"13":0,"14":0,"15":0,"16":0,"17":0,"18":0,"19":0,"20":0,"21":0,"22":0,"23":0,"24":0,"25":0,"26":0,"27":0,"28":0,"29":0,"30":0,"31":0,"32":0,"33":0,"34":0,"35":0,"36":0,"37":0,"38":0,"39":0,"40":0,"41":0,"42":0,"43":0,"44":0,"45":0,"46":0,"47":0,"48":0,"49":0,"50":0,"51":0,"52":0,"53":0,"54":0,"55":0,"56":0,"57":0,"58":0},"f":{"0":0,"1":0,"2":0,"3":0,"4":0,"5":0,"6":0,"7":0,"8":0,"9":0,"10":0,"11":0,"12":0,"13":0,"14":0,"15":0,"16":0},"b":{"0":[0,0],"1":[0,0],"2":[0,0],"3":[0,0],"4":[0,0],"5":[0,0],"6":[0,0],"7":[0,0],"8":[0,0],"9":[0,0],"10":[0,0],"11":[0,0],"12":[0,0],"13":[0,0],"14":[0,0],"15":[0,0],"16":[0,0]}}
,"/Users/pfarrow/Coding/PaulBit/licensing-api/src/models/AccessEndpoint.js": {"path":"/Users/pfarrow/Coding/PaulBit/licensing-api/src/models/AccessEndpoint.js","statementMap":{"0":{"start":{"line":1,"column":11},"end":{"line":1,"column":27}},"1":{"start":{"line":2,"column":21},"end":{"line":2,"column":46}},"2":{"start":{"line":15,"column":8},"end":{"line":15,"column":12}},"3":{"start":{"line":17,"column":4},"end":{"line":19,"column":5}},"4":{"start":{"line":18,"column":6},"end":{"line":18,"column":78}},"5":{"start":{"line":22,"column":4},"end":{"line":24,"column":5}},"6":{"start":{"line":23,"column":6},"end":{"line":23,"column":100}},"7":{"start":{"line":27,"column":27},"end":{"line":27,"column":56}},"8":{"start":{"line":28,"column":4},"end":{"line":30,"column":5}},"9":{"start":{"line":29,"column":6},"end":{"line":29,"column":80}},"10":{"start":{"line":33,"column":33},"end":{"line":33,"column":118}},"11":{"start":{"line":34,"column":34},"end":{"line":34,"column":107}},"12":{"start":{"line":36,"column":19},"end":{"line":48,"column":6}},"13":{"start":{"line":50,"column":27},"end":{"line":50,"column":41}},"14":{"start":{"line":52,"column":4},"end":{"line":58,"column":7}},"15":{"start":{"line":60,"column":4},"end":{"line":60,"column":26}},"16":{"start":{"line":67,"column":19},"end":{"line":67,"column":87}},"17":{"start":{"line":68,"column":4},"end":{"line":68,"column":26}},"18":{"start":{"line":75,"column":19},"end":{"line":78,"column":5}},"19":{"start":{"line":79,"column":4},"end":{"line":79,"column":23}},"20":{"start":{"line":87,"column":4},"end":{"line":87,"column":108}},"21":{"start":{"line":89,"column":4},"end":{"line":89,"column":14}},"22":{"start":{"line":96,"column":24},"end":{"line":96,"column":47}},"23":{"start":{"line":97,"column":4},"end":{"line":99,"column":5}},"24":{"start":{"line":98,"column":6},"end":{"line":98,"column":51}},"25":{"start":{"line":101,"column":19},"end":{"line":101,"column":21}},"26":{"start":{"line":102,"column":19},"end":{"line":102,"column":21}},"27":{"start":{"line":103,"column":21},"end":{"line":103,"column":22}},"28":{"start":{"line":105,"column":26},"end":{"line":108,"column":5}},"29":{"start":{"line":110,"column":23},"end":{"line":110,"column":49}},"30":{"start":{"line":112,"column":4},"end":{"line":118,"column":7}},"31":{"start":{"line":113,"column":6},"end":{"line":117,"column":7}},"32":{"start":{"line":114,"column":8},"end":{"line":114,"column":21}},"33":{"start":{"line":115,"column":8},"end":{"line":115,"column":49}},"34":{"start":{"line":116,"column":8},"end":{"line":116,"column":92}},"35":{"start":{"line":120,"column":4},"end":{"line":122,"column":5}},"36":{"start":{"line":121,"column":6},"end":{"line":121,"column":25}},"37":{"start":{"line":124,"column":4},"end":{"line":124,"column":20}},"38":{"start":{"line":125,"column":4},"end":{"line":125,"column":17}},"39":{"start":{"line":127,"column":18},"end":{"line":127,"column":106}},"40":{"start":{"line":128,"column":19},"end":{"line":128,"column":48}},"41":{"start":{"line":129,"column":24},"end":{"line":129,"column":38}},"42":{"start":{"line":132,"column":26},"end":{"line":132,"column":28}},"43":{"start":{"line":133,"column":4},"end":{"line":137,"column":7}},"44":{"start":{"line":134,"column":6},"end":{"line":136,"column":7}},"45":{"start":{"line":135,"column":8},"end":{"line":135,"column":77}},"46":{"start":{"line":139,"column":4},"end":{"line":147,"column":7}},"47":{"start":{"line":149,"column":4},"end":{"line":149,"column":23}},"48":{"start":{"line":156,"column":21},"end":{"line":156,"column":44}},"49":{"start":{"line":157,"column":4},"end":{"line":159,"column":5}},"50":{"start":{"line":158,"column":6},"end":{"line":158,"column":51}},"51":{"start":{"line":161,"column":4},"end":{"line":161,"column":71}},"52":{"start":{"line":163,"column":4},"end":{"line":169,"column":7}},"53":{"start":{"line":176,"column":21},"end":{"line":176,"column":44}},"54":{"start":{"line":177,"column":4},"end":{"line":179,"column":5}},"55":{"start":{"line":178,"column":6},"end":{"line":178,"column":51}},"56":{"start":{"line":181,"column":18},"end":{"line":181,"column":34}},"57":{"start":{"line":182,"column":22},"end":{"line":182,"column":32}},"58":{"start":{"line":184,"column":4},"end":{"line":208,"column":5}},"59":{"start":{"line":185,"column":23},"end":{"line":188,"column":8}},"60":{"start":{"line":187,"column":30},"end":{"line":187,"column":34}},"61":{"start":{"line":190,"column":27},"end":{"line":190,"column":49}},"62":{"start":{"line":192,"column":6},"end":{"line":198,"column":8}},"63":{"start":{"line":200,"column":27},"end":{"line":200,"column":49}},"64":{"start":{"line":202,"column":6},"end":{"line":207,"column":8}},"65":{"start":{"line":215,"column":18},"end":{"line":221,"column":5}},"66":{"start":{"line":222,"column":4},"end":{"line":222,"column":36}},"67":{"start":{"line":226,"column":0},"end":{"line":226,"column":32}}},"fnMap":{"0":{"name":"(anonymous_0)","decl":{"start":{"line":8,"column":2},"end":{"line":8,"column":3}},"loc":{"start":{"line":8,"column":36},"end":{"line":61,"column":3}},"line":8},"1":{"name":"(anonymous_1)","decl":{"start":{"line":66,"column":2},"end":{"line":66,"column":3}},"loc":{"start":{"line":66,"column":28},"end":{"line":69,"column":3}},"line":66},"2":{"name":"(anonymous_2)","decl":{"start":{"line":74,"column":2},"end":{"line":74,"column":3}},"loc":{"start":{"line":74,"column":44},"end":{"line":80,"column":3}},"line":74},"3":{"name":"(anonymous_3)","decl":{"start":{"line":86,"column":2},"end":{"line":86,"column":3}},"loc":{"start":{"line":86,"column":40},"end":{"line":90,"column":3}},"line":86},"4":{"name":"(anonymous_4)","decl":{"start":{"line":95,"column":2},"end":{"line":95,"column":3}},"loc":{"start":{"line":95,"column":40},"end":{"line":150,"column":3}},"line":95},"5":{"name":"(anonymous_5)","decl":{"start":{"line":112,"column":26},"end":{"line":112,"column":27}},"loc":{"start":{"line":112,"column":35},"end":{"line":118,"column":5}},"line":112},"6":{"name":"(anonymous_6)","decl":{"start":{"line":133,"column":26},"end":{"line":133,"column":27}},"loc":{"start":{"line":133,"column":35},"end":{"line":137,"column":5}},"line":133},"7":{"name":"(anonymous_7)","decl":{"start":{"line":155,"column":2},"end":{"line":155,"column":3}},"loc":{"start":{"line":155,"column":34},"end":{"line":170,"column":3}},"line":155},"8":{"name":"(anonymous_8)","decl":{"start":{"line":175,"column":2},"end":{"line":175,"column":3}},"loc":{"start":{"line":175,"column":32},"end":{"line":209,"column":3}},"line":175},"9":{"name":"(anonymous_9)","decl":{"start":{"line":187,"column":24},"end":{"line":187,"column":25}},"loc":{"start":{"line":187,"column":30},"end":{"line":187,"column":34}},"line":187},"10":{"name":"(anonymous_10)","decl":{"start":{"line":214,"column":2},"end":{"line":214,"column":3}},"loc":{"start":{"line":214,"column":33},"end":{"line":223,"column":3}},"line":214}},"branchMap":{"0":{"loc":{"start":{"line":11,"column":6},"end":{"line":11,"column":24}},"type":"default-arg","locations":[{"start":{"line":11,"column":18},"end":{"line":11,"column":24}}],"line":11},"1":{"loc":{"start":{"line":11,"column":26},"end":{"line":11,"column":43}},"type":"default-arg","locations":[{"start":{"line":11,"column":39},"end":{"line":11,"column":43}}],"line":11},"2":{"loc":{"start":{"line":12,"column":6},"end":{"line":12,"column":27}},"type":"default-arg","locations":[{"start":{"line":12,"column":22},"end":{"line":12,"column":27}}],"line":12},"3":{"loc":{"start":{"line":12,"column":29},"end":{"line":12,"column":40}},"type":"default-arg","locations":[{"start":{"line":12,"column":38},"end":{"line":12,"column":40}}],"line":12},"4":{"loc":{"start":{"line":12,"column":42},"end":{"line":12,"column":50}},"type":"default-arg","locations":[{"start":{"line":12,"column":48},"end":{"line":12,"column":50}}],"line":12},"5":{"loc":{"start":{"line":13,"column":6},"end":{"line":13,"column":29}},"type":"default-arg","locations":[{"start":{"line":13,"column":23},"end":{"line":13,"column":29}}],"line":13},"6":{"loc":{"start":{"line":13,"column":31},"end":{"line":13,"column":55}},"type":"default-arg","locations":[{"start":{"line":13,"column":49},"end":{"line":13,"column":55}}],"line":13},"7":{"loc":{"start":{"line":14,"column":6},"end":{"line":14,"column":26}},"type":"default-arg","locations":[{"start":{"line":14,"column":24},"end":{"line":14,"column":26}}],"line":14},"8":{"loc":{"start":{"line":17,"column":4},"end":{"line":19,"column":5}},"type":"if","locations":[{"start":{"line":17,"column":4},"end":{"line":19,"column":5}},{"start":{},"end":{}}],"line":17},"9":{"loc":{"start":{"line":17,"column":8},"end":{"line":17,"column":63}},"type":"binary-expr","locations":[{"start":{"line":17,"column":8},"end":{"line":17,"column":21}},{"start":{"line":17,"column":25},"end":{"line":17,"column":50}},{"start":{"line":17,"column":54},"end":{"line":17,"column":63}}],"line":17},"10":{"loc":{"start":{"line":22,"column":4},"end":{"line":24,"column":5}},"type":"if","locations":[{"start":{"line":22,"column":4},"end":{"line":24,"column":5}},{"start":{},"end":{}}],"line":22},"11":{"loc":{"start":{"line":22,"column":8},"end":{"line":22,"column":42}},"type":"binary-expr","locations":[{"start":{"line":22,"column":8},"end":{"line":22,"column":23}},{"start":{"line":22,"column":27},"end":{"line":22,"column":42}}],"line":22},"12":{"loc":{"start":{"line":28,"column":4},"end":{"line":30,"column":5}},"type":"if","locations":[{"start":{"line":28,"column":4},"end":{"line":30,"column":5}},{"start":{},"end":{}}],"line":28},"13":{"loc":{"start":{"line":33,"column":33},"end":{"line":33,"column":118}},"type":"binary-expr","locations":[{"start":{"line":33,"column":33},"end":{"line":33,"column":47}},{"start":{"line":33,"column":52},"end":{"line":33,"column":117}}],"line":33},"14":{"loc":{"start":{"line":34,"column":34},"end":{"line":34,"column":107}},"type":"binary-expr","locations":[{"start":{"line":34,"column":34},"end":{"line":34,"column":49}},{"start":{"line":34,"column":54},"end":{"line":34,"column":106}}],"line":34},"15":{"loc":{"start":{"line":97,"column":4},"end":{"line":99,"column":5}},"type":"if","locations":[{"start":{"line":97,"column":4},"end":{"line":99,"column":5}},{"start":{},"end":{}}],"line":97},"16":{"loc":{"start":{"line":113,"column":6},"end":{"line":117,"column":7}},"type":"if","locations":[{"start":{"line":113,"column":6},"end":{"line":117,"column":7}},{"start":{},"end":{}}],"line":113},"17":{"loc":{"start":{"line":116,"column":20},"end":{"line":116,"column":90}},"type":"cond-expr","locations":[{"start":{"line":116,"column":49},"end":{"line":116,"column":76}},{"start":{"line":116,"column":79},"end":{"line":116,"column":90}}],"line":116},"18":{"loc":{"start":{"line":120,"column":4},"end":{"line":122,"column":5}},"type":"if","locations":[{"start":{"line":120,"column":4},"end":{"line":122,"column":5}},{"start":{},"end":{}}],"line":120},"19":{"loc":{"start":{"line":134,"column":6},"end":{"line":136,"column":7}},"type":"if","locations":[{"start":{"line":134,"column":6},"end":{"line":136,"column":7}},{"start":{},"end":{}}],"line":134},"20":{"loc":{"start":{"line":134,"column":10},"end":{"line":134,"column":105}},"type":"binary-expr","locations":[{"start":{"line":134,"column":10},"end":{"line":134,"column":35}},{"start":{"line":134,"column":39},"end":{"line":134,"column":105}}],"line":134},"21":{"loc":{"start":{"line":157,"column":4},"end":{"line":159,"column":5}},"type":"if","locations":[{"start":{"line":157,"column":4},"end":{"line":159,"column":5}},{"start":{},"end":{}}],"line":157},"22":{"loc":{"start":{"line":177,"column":4},"end":{"line":179,"column":5}},"type":"if","locations":[{"start":{"line":177,"column":4},"end":{"line":179,"column":5}},{"start":{},"end":{}}],"line":177},"23":{"loc":{"start":{"line":197,"column":20},"end":{"line":197,"column":67}},"type":"binary-expr","locations":[{"start":{"line":197,"column":20},"end":{"line":197,"column":42}},{"start":{"line":197,"column":46},"end":{"line":197,"column":67}}],"line":197},"24":{"loc":{"start":{"line":222,"column":11},"end":{"line":222,"column":35}},"type":"binary-expr","locations":[{"start":{"line":222,"column":11},"end":{"line":222,"column":22}},{"start":{"line":222,"column":26},"end":{"line":222,"column":35}}],"line":222}},"s":{"0":0,"1":0,"2":0,"3":0,"4":0,"5":0,"6":0,"7":0,"8":0,"9":0,"10":0,"11":0,"12":0,"13":0,"14":0,"15":0,"16":0,"17":0,"18":0,"19":0,"20":0,"21":0,"22":0,"23":0,"24":0,"25":0,"26":0,"27":0,"28":0,"29":0,"30":0,"31":0,"32":0,"33":0,"34":0,"35":0,"36":0,"37":0,"38":0,"39":0,"40":0,"41":0,"42":0,"43":0,"44":0,"45":0,"46":0,"47":0,"48":0,"49":0,"50":0,"51":0,"52":0,"53":0,"54":0,"55":0,"56":0,"57":0,"58":0,"59":0,"60":0,"61":0,"62":0,"63":0,"64":0,"65":0,"66":0,"67":0},"f":{"0":0,"1":0,"2":0,"3":0,"4":0,"5":0,"6":0,"7":0,"8":0,"9":0,"10":0},"b":{"0":[0],"1":[0],"2":[0],"3":[0],"4":[0],"5":[0],"6":[0],"7":[0],"8":[0,0],"9":[0,0,0],"10":[0,0],"11":[0,0],"12":[0,0],"13":[0,0],"14":[0,0],"15":[0,0],"16":[0,0],"17":[0,0],"18":[0,0],"19":[0,0],"20":[0,0],"21":[0,0],"22":[0,0],"23":[0,0],"24":[0,0]}}
,"/Users/pfarrow/Coding/PaulBit/licensing-api/src/models/AgentSignature.js": {"path":"/Users/pfarrow/Coding/PaulBit/licensing-api/src/models/AgentSignature.js","statementMap":{"0":{"start":{"line":1,"column":11},"end":{"line":1,"column":27}},"1":{"start":{"line":4,"column":17},"end":{"line":6,"column":3}},"2":{"start":{"line":7,"column":2},"end":{"line":7,"column":21}},"3":{"start":{"line":11,"column":17},"end":{"line":20,"column":3}},"4":{"start":{"line":21,"column":2},"end":{"line":21,"column":24}},"5":{"start":{"line":24,"column":0},"end":{"line":27,"column":2}}},"fnMap":{"0":{"name":"listAll","decl":{"start":{"line":3,"column":15},"end":{"line":3,"column":22}},"loc":{"start":{"line":3,"column":25},"end":{"line":8,"column":1}},"line":3},"1":{"name":"upsert","decl":{"start":{"line":10,"column":15},"end":{"line":10,"column":21}},"loc":{"start":{"line":10,"column":63},"end":{"line":22,"column":1}},"line":10}},"branchMap":{"0":{"loc":{"start":{"line":10,"column":44},"end":{"line":10,"column":59}},"type":"default-arg","locations":[{"start":{"line":10,"column":55},"end":{"line":10,"column":59}}],"line":10}},"s":{"0":1,"1":0,"2":0,"3":0,"4":0,"5":1},"f":{"0":0,"1":0},"b":{"0":[0]},"_coverageSchema":"1a1c01bbd47fc00a2c39e90264f33305004495a9","hash":"2c991e792c14b27cd679bd6b1d516d9de95b1d65"}
,"/Users/pfarrow/Coding/PaulBit/licensing-api/src/models/AggregatedMetric.js": {"path":"/Users/pfarrow/Coding/PaulBit/licensing-api/src/models/AggregatedMetric.js","statementMap":{"0":{"start":{"line":1,"column":11},"end":{"line":1,"column":27}},"1":{"start":{"line":4,"column":2},"end":{"line":4,"column":27}},"2":{"start":{"line":4,"column":20},"end":{"line":4,"column":27}},"3":{"start":{"line":6,"column":17},"end":{"line":6,"column":19}},"4":{"start":{"line":7,"column":17},"end":{"line":7,"column":19}},"5":{"start":{"line":8,"column":12},"end":{"line":8,"column":13}},"6":{"start":{"line":10,"column":2},"end":{"line":25,"column":5}},"7":{"start":{"line":11,"column":4},"end":{"line":11,"column":141}},"8":{"start":{"line":12,"column":4},"end":{"line":24,"column":6}},"9":{"start":{"line":27,"column":16},"end":{"line":50,"column":3}},"10":{"start":{"line":52,"column":2},"end":{"line":52,"column":32}},"11":{"start":{"line":56,"column":17},"end":{"line":56,"column":30}},"12":{"start":{"line":57,"column":14},"end":{"line":57,"column":39}},"13":{"start":{"line":59,"column":2},"end":{"line":62,"column":3}},"14":{"start":{"line":60,"column":4},"end":{"line":60,"column":22}},"15":{"start":{"line":61,"column":4},"end":{"line":61,"column":54}},"16":{"start":{"line":63,"column":2},"end":{"line":66,"column":3}},"17":{"start":{"line":64,"column":4},"end":{"line":64,"column":20}},"18":{"start":{"line":65,"column":4},"end":{"line":65,"column":54}},"19":{"start":{"line":67,"column":2},"end":{"line":70,"column":3}},"20":{"start":{"line":68,"column":4},"end":{"line":68,"column":29}},"21":{"start":{"line":69,"column":4},"end":{"line":69,"column":59}},"22":{"start":{"line":72,"column":2},"end":{"line":72,"column":21}},"23":{"start":{"line":74,"column":17},"end":{"line":81,"column":3}},"24":{"start":{"line":82,"column":2},"end":{"line":82,"column":21}},"25":{"start":{"line":85,"column":0},"end":{"line":88,"column":2}}},"fnMap":{"0":{"name":"upsertMany","decl":{"start":{"line":3,"column":15},"end":{"line":3,"column":25}},"loc":{"start":{"line":3,"column":37},"end":{"line":53,"column":1}},"line":3},"1":{"name":"(anonymous_1)","decl":{"start":{"line":10,"column":15},"end":{"line":10,"column":16}},"loc":{"start":{"line":10,"column":24},"end":{"line":25,"column":3}},"line":10},"2":{"name":"listByPublisher","decl":{"start":{"line":55,"column":15},"end":{"line":55,"column":30}},"loc":{"start":{"line":55,"column":97},"end":{"line":83,"column":1}},"line":55}},"branchMap":{"0":{"loc":{"start":{"line":3,"column":26},"end":{"line":3,"column":35}},"type":"default-arg","locations":[{"start":{"line":3,"column":33},"end":{"line":3,"column":35}}],"line":3},"1":{"loc":{"start":{"line":4,"column":2},"end":{"line":4,"column":27}},"type":"if","locations":[{"start":{"line":4,"column":2},"end":{"line":4,"column":27}},{"start":{},"end":{}}],"line":4},"2":{"loc":{"start":{"line":15,"column":6},"end":{"line":15,"column":38}},"type":"binary-expr","locations":[{"start":{"line":15,"column":6},"end":{"line":15,"column":28}},{"start":{"line":15,"column":32},"end":{"line":15,"column":38}}],"line":15},"3":{"loc":{"start":{"line":17,"column":6},"end":{"line":17,"column":27}},"type":"binary-expr","locations":[{"start":{"line":17,"column":6},"end":{"line":17,"column":22}},{"start":{"line":17,"column":26},"end":{"line":17,"column":27}}],"line":17},"4":{"loc":{"start":{"line":18,"column":6},"end":{"line":18,"column":27}},"type":"binary-expr","locations":[{"start":{"line":18,"column":6},"end":{"line":18,"column":22}},{"start":{"line":18,"column":26},"end":{"line":18,"column":27}}],"line":18},"5":{"loc":{"start":{"line":20,"column":6},"end":{"line":20,"column":26}},"type":"binary-expr","locations":[{"start":{"line":20,"column":6},"end":{"line":20,"column":21}},{"start":{"line":20,"column":25},"end":{"line":20,"column":26}}],"line":20},"6":{"loc":{"start":{"line":21,"column":6},"end":{"line":21,"column":60}},"type":"cond-expr","locations":[{"start":{"line":21,"column":23},"end":{"line":21,"column":53}},{"start":{"line":21,"column":56},"end":{"line":21,"column":60}}],"line":21},"7":{"loc":{"start":{"line":22,"column":6},"end":{"line":22,"column":66}},"type":"cond-expr","locations":[{"start":{"line":22,"column":26},"end":{"line":22,"column":59}},{"start":{"line":22,"column":62},"end":{"line":22,"column":66}}],"line":22},"8":{"loc":{"start":{"line":23,"column":6},"end":{"line":23,"column":34}},"type":"binary-expr","locations":[{"start":{"line":23,"column":6},"end":{"line":23,"column":20}},{"start":{"line":23,"column":24},"end":{"line":23,"column":34}}],"line":23},"9":{"loc":{"start":{"line":55,"column":44},"end":{"line":55,"column":95}},"type":"default-arg","locations":[{"start":{"line":55,"column":93},"end":{"line":55,"column":95}}],"line":55},"10":{"loc":{"start":{"line":55,"column":56},"end":{"line":55,"column":75}},"type":"default-arg","locations":[{"start":{"line":55,"column":70},"end":{"line":55,"column":75}}],"line":55},"11":{"loc":{"start":{"line":55,"column":77},"end":{"line":55,"column":88}},"type":"default-arg","locations":[{"start":{"line":55,"column":85},"end":{"line":55,"column":88}}],"line":55},"12":{"loc":{"start":{"line":59,"column":2},"end":{"line":62,"column":3}},"type":"if","locations":[{"start":{"line":59,"column":2},"end":{"line":62,"column":3}},{"start":{},"end":{}}],"line":59},"13":{"loc":{"start":{"line":63,"column":2},"end":{"line":66,"column":3}},"type":"if","locations":[{"start":{"line":63,"column":2},"end":{"line":66,"column":3}},{"start":{},"end":{}}],"line":63},"14":{"loc":{"start":{"line":67,"column":2},"end":{"line":70,"column":3}},"type":"if","locations":[{"start":{"line":67,"column":2},"end":{"line":70,"column":3}},{"start":{},"end":{}}],"line":67}},"s":{"0":1,"1":0,"2":0,"3":0,"4":0,"5":0,"6":0,"7":0,"8":0,"9":0,"10":0,"11":0,"12":0,"13":0,"14":0,"15":0,"16":0,"17":0,"18":0,"19":0,"20":0,"21":0,"22":0,"23":0,"24":0,"25":1},"f":{"0":0,"1":0,"2":0},"b":{"0":[0],"1":[0,0],"2":[0,0],"3":[0,0],"4":[0,0],"5":[0,0],"6":[0,0],"7":[0,0],"8":[0,0],"9":[0],"10":[0],"11":[0],"12":[0,0],"13":[0,0],"14":[0,0]},"_coverageSchema":"1a1c01bbd47fc00a2c39e90264f33305004495a9","hash":"72af7e988951f8ee30bad201cfe0b6eb777951e0"}
,"/Users/pfarrow/Coding/PaulBit/licensing-api/src/models/Alert.js": {"path":"/Users/pfarrow/Coding/PaulBit/licensing-api/src/models/Alert.js","statementMap":{"0":{"start":{"line":1,"column":11},"end":{"line":1,"column":27}},"1":{"start":{"line":4,"column":17},"end":{"line":10,"column":3}},"2":{"start":{"line":11,"column":2},"end":{"line":11,"column":21}},"3":{"start":{"line":15,"column":17},"end":{"line":19,"column":3}},"4":{"start":{"line":20,"column":2},"end":{"line":20,"column":21}},"5":{"start":{"line":24,"column":17},"end":{"line":29,"column":3}},"6":{"start":{"line":30,"column":2},"end":{"line":30,"column":24}},"7":{"start":{"line":34,"column":17},"end":{"line":34,"column":19}},"8":{"start":{"line":35,"column":17},"end":{"line":35,"column":19}},"9":{"start":{"line":36,"column":12},"end":{"line":36,"column":13}},"10":{"start":{"line":38,"column":2},"end":{"line":41,"column":5}},"11":{"start":{"line":39,"column":4},"end":{"line":39,"column":38}},"12":{"start":{"line":40,"column":4},"end":{"line":40,"column":23}},"13":{"start":{"line":43,"column":2},"end":{"line":46,"column":3}},"14":{"start":{"line":44,"column":19},"end":{"line":44,"column":77}},"15":{"start":{"line":45,"column":4},"end":{"line":45,"column":34}},"16":{"start":{"line":48,"column":2},"end":{"line":48,"column":18}},"17":{"start":{"line":49,"column":17},"end":{"line":55,"column":3}},"18":{"start":{"line":56,"column":2},"end":{"line":56,"column":32}},"19":{"start":{"line":59,"column":0},"end":{"line":64,"column":2}}},"fnMap":{"0":{"name":"listByPublisher","decl":{"start":{"line":3,"column":15},"end":{"line":3,"column":30}},"loc":{"start":{"line":3,"column":44},"end":{"line":12,"column":1}},"line":3},"1":{"name":"listEnabled","decl":{"start":{"line":14,"column":15},"end":{"line":14,"column":26}},"loc":{"start":{"line":14,"column":29},"end":{"line":21,"column":1}},"line":14},"2":{"name":"create","decl":{"start":{"line":23,"column":15},"end":{"line":23,"column":21}},"loc":{"start":{"line":23,"column":118},"end":{"line":31,"column":1}},"line":23},"3":{"name":"update","decl":{"start":{"line":33,"column":15},"end":{"line":33,"column":21}},"loc":{"start":{"line":33,"column":37},"end":{"line":57,"column":1}},"line":33},"4":{"name":"(anonymous_4)","decl":{"start":{"line":38,"column":31},"end":{"line":38,"column":32}},"loc":{"start":{"line":38,"column":49},"end":{"line":41,"column":3}},"line":38}},"branchMap":{"0":{"loc":{"start":{"line":23,"column":56},"end":{"line":23,"column":74}},"type":"default-arg","locations":[{"start":{"line":23,"column":72},"end":{"line":23,"column":74}}],"line":23},"1":{"loc":{"start":{"line":23,"column":76},"end":{"line":23,"column":98}},"type":"default-arg","locations":[{"start":{"line":23,"column":94},"end":{"line":23,"column":98}}],"line":23},"2":{"loc":{"start":{"line":23,"column":100},"end":{"line":23,"column":114}},"type":"default-arg","locations":[{"start":{"line":23,"column":110},"end":{"line":23,"column":114}}],"line":23},"3":{"loc":{"start":{"line":33,"column":26},"end":{"line":33,"column":35}},"type":"default-arg","locations":[{"start":{"line":33,"column":33},"end":{"line":33,"column":35}}],"line":33},"4":{"loc":{"start":{"line":43,"column":2},"end":{"line":46,"column":3}},"type":"if","locations":[{"start":{"line":43,"column":2},"end":{"line":46,"column":3}},{"start":{},"end":{}}],"line":43},"5":{"loc":{"start":{"line":45,"column":11},"end":{"line":45,"column":33}},"type":"binary-expr","locations":[{"start":{"line":45,"column":11},"end":{"line":45,"column":25}},{"start":{"line":45,"column":29},"end":{"line":45,"column":33}}],"line":45},"6":{"loc":{"start":{"line":56,"column":9},"end":{"line":56,"column":31}},"type":"binary-expr","locations":[{"start":{"line":56,"column":9},"end":{"line":56,"column":23}},{"start":{"line":56,"column":27},"end":{"line":56,"column":31}}],"line":56}},"s":{"0":1,"1":0,"2":0,"3":0,"4":0,"5":0,"6":0,"7":0,"8":0,"9":0,"10":0,"11":0,"12":0,"13":0,"14":0,"15":0,"16":0,"17":0,"18":0,"19":1},"f":{"0":0,"1":0,"2":0,"3":0,"4":0},"b":{"0":[0],"1":[0],"2":[0],"3":[0],"4":[0,0],"5":[0,0],"6":[0,0]},"_coverageSchema":"1a1c01bbd47fc00a2c39e90264f33305004495a9","hash":"6db92e1d841faa4de0b986523433a3cafd9e8c83"}
,"/Users/pfarrow/Coding/PaulBit/licensing-api/src/models/Client.js": {"path":"/Users/pfarrow/Coding/PaulBit/licensing-api/src/models/Client.js","statementMap":{"0":{"start":{"line":1,"column":11},"end":{"line":1,"column":27}},"1":{"start":{"line":4,"column":17},"end":{"line":10,"column":3}},"2":{"start":{"line":11,"column":2},"end":{"line":11,"column":32}},"3":{"start":{"line":15,"column":2},"end":{"line":15,"column":25}},"4":{"start":{"line":15,"column":13},"end":{"line":15,"column":25}},"5":{"start":{"line":16,"column":17},"end":{"line":22,"column":3}},"6":{"start":{"line":23,"column":2},"end":{"line":23,"column":32}},"7":{"start":{"line":27,"column":17},"end":{"line":32,"column":3}},"8":{"start":{"line":33,"column":2},"end":{"line":33,"column":21}},"9":{"start":{"line":36,"column":0},"end":{"line":40,"column":2}}},"fnMap":{"0":{"name":"findById","decl":{"start":{"line":3,"column":15},"end":{"line":3,"column":23}},"loc":{"start":{"line":3,"column":28},"end":{"line":12,"column":1}},"line":3},"1":{"name":"findByApiKeyHash","decl":{"start":{"line":14,"column":15},"end":{"line":14,"column":31}},"loc":{"start":{"line":14,"column":38},"end":{"line":24,"column":1}},"line":14},"2":{"name":"listAll","decl":{"start":{"line":26,"column":15},"end":{"line":26,"column":22}},"loc":{"start":{"line":26,"column":25},"end":{"line":34,"column":1}},"line":26}},"branchMap":{"0":{"loc":{"start":{"line":11,"column":9},"end":{"line":11,"column":31}},"type":"binary-expr","locations":[{"start":{"line":11,"column":9},"end":{"line":11,"column":23}},{"start":{"line":11,"column":27},"end":{"line":11,"column":31}}],"line":11},"1":{"loc":{"start":{"line":15,"column":2},"end":{"line":15,"column":25}},"type":"if","locations":[{"start":{"line":15,"column":2},"end":{"line":15,"column":25}},{"start":{},"end":{}}],"line":15},"2":{"loc":{"start":{"line":23,"column":9},"end":{"line":23,"column":31}},"type":"binary-expr","locations":[{"start":{"line":23,"column":9},"end":{"line":23,"column":23}},{"start":{"line":23,"column":27},"end":{"line":23,"column":31}}],"line":23}},"s":{"0":0,"1":0,"2":0,"3":0,"4":0,"5":0,"6":0,"7":0,"8":0,"9":0},"f":{"0":0,"1":0,"2":0},"b":{"0":[0,0],"1":[0,0],"2":[0,0]}}
,"/Users/pfarrow/Coding/PaulBit/licensing-api/src/models/Content.js": {"path":"/Users/pfarrow/Coding/PaulBit/licensing-api/src/models/Content.js","statementMap":{"0":{"start":{"line":1,"column":11},"end":{"line":1,"column":27}},"1":{"start":{"line":2,"column":21},"end":{"line":2,"column":46}},"2":{"start":{"line":13,"column":8},"end":{"line":13,"column":12}},"3":{"start":{"line":15,"column":4},"end":{"line":17,"column":5}},"4":{"start":{"line":16,"column":6},"end":{"line":16,"column":59}},"5":{"start":{"line":20,"column":27},"end":{"line":20,"column":107}},"6":{"start":{"line":22,"column":19},"end":{"line":34,"column":6}},"7":{"start":{"line":36,"column":20},"end":{"line":36,"column":34}},"8":{"start":{"line":38,"column":4},"end":{"line":44,"column":7}},"9":{"start":{"line":46,"column":4},"end":{"line":46,"column":19}},"10":{"start":{"line":53,"column":19},"end":{"line":53,"column":78}},"11":{"start":{"line":54,"column":4},"end":{"line":54,"column":26}},"12":{"start":{"line":61,"column":19},"end":{"line":61,"column":93}},"13":{"start":{"line":62,"column":4},"end":{"line":62,"column":26}},"14":{"start":{"line":69,"column":19},"end":{"line":72,"column":5}},"15":{"start":{"line":73,"column":4},"end":{"line":73,"column":26}},"16":{"start":{"line":80,"column":16},"end":{"line":80,"column":63}},"17":{"start":{"line":81,"column":19},"end":{"line":81,"column":32}},"18":{"start":{"line":82,"column":21},"end":{"line":82,"column":22}},"19":{"start":{"line":84,"column":4},"end":{"line":88,"column":5}},"20":{"start":{"line":85,"column":6},"end":{"line":85,"column":19}},"21":{"start":{"line":86,"column":6},"end":{"line":86,"column":54}},"22":{"start":{"line":87,"column":6},"end":{"line":87,"column":42}},"23":{"start":{"line":90,"column":4},"end":{"line":94,"column":5}},"24":{"start":{"line":91,"column":6},"end":{"line":91,"column":19}},"25":{"start":{"line":92,"column":6},"end":{"line":92,"column":61}},"26":{"start":{"line":93,"column":6},"end":{"line":93,"column":49}},"27":{"start":{"line":96,"column":4},"end":{"line":100,"column":5}},"28":{"start":{"line":97,"column":6},"end":{"line":97,"column":19}},"29":{"start":{"line":98,"column":6},"end":{"line":98,"column":115}},"30":{"start":{"line":99,"column":6},"end":{"line":99,"column":41}},"31":{"start":{"line":102,"column":4},"end":{"line":102,"column":41}},"32":{"start":{"line":104,"column":4},"end":{"line":108,"column":5}},"33":{"start":{"line":105,"column":6},"end":{"line":105,"column":19}},"34":{"start":{"line":106,"column":6},"end":{"line":106,"column":39}},"35":{"start":{"line":107,"column":6},"end":{"line":107,"column":33}},"36":{"start":{"line":110,"column":19},"end":{"line":110,"column":48}},"37":{"start":{"line":111,"column":4},"end":{"line":111,"column":23}},"38":{"start":{"line":118,"column":23},"end":{"line":118,"column":46}},"39":{"start":{"line":119,"column":4},"end":{"line":121,"column":5}},"40":{"start":{"line":120,"column":6},"end":{"line":120,"column":43}},"41":{"start":{"line":123,"column":19},"end":{"line":123,"column":21}},"42":{"start":{"line":124,"column":19},"end":{"line":124,"column":21}},"43":{"start":{"line":125,"column":21},"end":{"line":125,"column":22}},"44":{"start":{"line":127,"column":26},"end":{"line":130,"column":5}},"45":{"start":{"line":132,"column":4},"end":{"line":138,"column":7}},"46":{"start":{"line":133,"column":6},"end":{"line":137,"column":7}},"47":{"start":{"line":134,"column":8},"end":{"line":134,"column":21}},"48":{"start":{"line":135,"column":8},"end":{"line":135,"column":49}},"49":{"start":{"line":136,"column":8},"end":{"line":136,"column":86}},"50":{"start":{"line":140,"column":4},"end":{"line":142,"column":5}},"51":{"start":{"line":141,"column":6},"end":{"line":141,"column":24}},"52":{"start":{"line":145,"column":4},"end":{"line":145,"column":17}},"53":{"start":{"line":146,"column":4},"end":{"line":146,"column":38}},"54":{"start":{"line":149,"column":4},"end":{"line":152,"column":5}},"55":{"start":{"line":150,"column":6},"end":{"line":150,"column":19}},"56":{"start":{"line":151,"column":6},"end":{"line":151,"column":44}},"57":{"start":{"line":154,"column":4},"end":{"line":154,"column":20}},"58":{"start":{"line":155,"column":4},"end":{"line":155,"column":17}},"59":{"start":{"line":157,"column":18},"end":{"line":157,"column":97}},"60":{"start":{"line":158,"column":19},"end":{"line":158,"column":48}},"61":{"start":{"line":159,"column":23},"end":{"line":159,"column":37}},"62":{"start":{"line":162,"column":26},"end":{"line":162,"column":28}},"63":{"start":{"line":163,"column":4},"end":{"line":167,"column":7}},"64":{"start":{"line":164,"column":6},"end":{"line":166,"column":7}},"65":{"start":{"line":165,"column":8},"end":{"line":165,"column":76}},"66":{"start":{"line":169,"column":4},"end":{"line":177,"column":7}},"67":{"start":{"line":179,"column":4},"end":{"line":179,"column":22}},"68":{"start":{"line":186,"column":20},"end":{"line":186,"column":43}},"69":{"start":{"line":187,"column":4},"end":{"line":189,"column":5}},"70":{"start":{"line":188,"column":6},"end":{"line":188,"column":43}},"71":{"start":{"line":191,"column":4},"end":{"line":191,"column":62}},"72":{"start":{"line":193,"column":4},"end":{"line":199,"column":7}},"73":{"start":{"line":206,"column":20},"end":{"line":206,"column":43}},"74":{"start":{"line":207,"column":4},"end":{"line":209,"column":5}},"75":{"start":{"line":208,"column":6},"end":{"line":208,"column":18}},"76":{"start":{"line":212,"column":21},"end":{"line":215,"column":5}},"77":{"start":{"line":218,"column":24},"end":{"line":218,"column":49}},"78":{"start":{"line":219,"column":28},"end":{"line":222,"column":5}},"79":{"start":{"line":225,"column":37},"end":{"line":266,"column":8}},"80":{"start":{"line":226,"column":28},"end":{"line":232,"column":9}},"81":{"start":{"line":235,"column":8},"end":{"line":235,"column":79}},"82":{"start":{"line":235,"column":33},"end":{"line":235,"column":79}},"83":{"start":{"line":236,"column":8},"end":{"line":236,"column":94}},"84":{"start":{"line":236,"column":34},"end":{"line":236,"column":94}},"85":{"start":{"line":237,"column":8},"end":{"line":237,"column":88}},"86":{"start":{"line":237,"column":36},"end":{"line":237,"column":88}},"87":{"start":{"line":238,"column":8},"end":{"line":242,"column":9}},"88":{"start":{"line":239,"column":10},"end":{"line":239,"column":50}},"89":{"start":{"line":240,"column":10},"end":{"line":240,"column":96}},"90":{"start":{"line":240,"column":40},"end":{"line":240,"column":96}},"91":{"start":{"line":241,"column":10},"end":{"line":241,"column":93}},"92":{"start":{"line":241,"column":39},"end":{"line":241,"column":93}},"93":{"start":{"line":245,"column":8},"end":{"line":258,"column":11}},"94":{"start":{"line":246,"column":29},"end":{"line":250,"column":11}},"95":{"start":{"line":252,"column":10},"end":{"line":252,"column":65}},"96":{"start":{"line":252,"column":28},"end":{"line":252,"column":65}},"97":{"start":{"line":253,"column":10},"end":{"line":253,"column":74}},"98":{"start":{"line":253,"column":31},"end":{"line":253,"column":74}},"99":{"start":{"line":254,"column":10},"end":{"line":254,"column":76}},"100":{"start":{"line":254,"column":47},"end":{"line":254,"column":76}},"101":{"start":{"line":255,"column":10},"end":{"line":255,"column":77}},"102":{"start":{"line":255,"column":54},"end":{"line":255,"column":77}},"103":{"start":{"line":257,"column":10},"end":{"line":257,"column":28}},"104":{"start":{"line":261,"column":8},"end":{"line":263,"column":9}},"105":{"start":{"line":262,"column":10},"end":{"line":262,"column":40}},"106":{"start":{"line":265,"column":8},"end":{"line":265,"column":27}},"107":{"start":{"line":269,"column":24},"end":{"line":278,"column":5}},"108":{"start":{"line":281,"column":4},"end":{"line":281,"column":75}},"109":{"start":{"line":281,"column":29},"end":{"line":281,"column":75}},"110":{"start":{"line":282,"column":4},"end":{"line":282,"column":99}},"111":{"start":{"line":282,"column":33},"end":{"line":282,"column":99}},"112":{"start":{"line":283,"column":4},"end":{"line":283,"column":105}},"113":{"start":{"line":283,"column":35},"end":{"line":283,"column":105}},"114":{"start":{"line":285,"column":4},"end":{"line":290,"column":6}},"115":{"start":{"line":297,"column":21},"end":{"line":297,"column":60}},"116":{"start":{"line":299,"column":20},"end":{"line":301,"column":5}},"117":{"start":{"line":300,"column":24},"end":{"line":300,"column":52}},"118":{"start":{"line":303,"column":4},"end":{"line":303,"column":43}},"119":{"start":{"line":303,"column":31},"end":{"line":303,"column":41}},"120":{"start":{"line":307,"column":0},"end":{"line":307,"column":25}}},"fnMap":{"0":{"name":"(anonymous_0)","decl":{"start":{"line":8,"column":2},"end":{"line":8,"column":3}},"loc":{"start":{"line":8,"column":36},"end":{"line":47,"column":3}},"line":8},"1":{"name":"(anonymous_1)","decl":{"start":{"line":52,"column":2},"end":{"line":52,"column":3}},"loc":{"start":{"line":52,"column":28},"end":{"line":55,"column":3}},"line":52},"2":{"name":"(anonymous_2)","decl":{"start":{"line":60,"column":2},"end":{"line":60,"column":3}},"loc":{"start":{"line":60,"column":42},"end":{"line":63,"column":3}},"line":60},"3":{"name":"(anonymous_3)","decl":{"start":{"line":68,"column":2},"end":{"line":68,"column":3}},"loc":{"start":{"line":68,"column":43},"end":{"line":74,"column":3}},"line":68},"4":{"name":"(anonymous_4)","decl":{"start":{"line":79,"column":2},"end":{"line":79,"column":3}},"loc":{"start":{"line":79,"column":58},"end":{"line":112,"column":3}},"line":79},"5":{"name":"(anonymous_5)","decl":{"start":{"line":117,"column":2},"end":{"line":117,"column":3}},"loc":{"start":{"line":117,"column":40},"end":{"line":180,"column":3}},"line":117},"6":{"name":"(anonymous_6)","decl":{"start":{"line":132,"column":26},"end":{"line":132,"column":27}},"loc":{"start":{"line":132,"column":35},"end":{"line":138,"column":5}},"line":132},"7":{"name":"(anonymous_7)","decl":{"start":{"line":163,"column":26},"end":{"line":163,"column":27}},"loc":{"start":{"line":163,"column":35},"end":{"line":167,"column":5}},"line":163},"8":{"name":"(anonymous_8)","decl":{"start":{"line":185,"column":2},"end":{"line":185,"column":3}},"loc":{"start":{"line":185,"column":34},"end":{"line":200,"column":3}},"line":185},"9":{"name":"(anonymous_9)","decl":{"start":{"line":205,"column":2},"end":{"line":205,"column":3}},"loc":{"start":{"line":205,"column":37},"end":{"line":291,"column":3}},"line":205},"10":{"name":"(anonymous_10)","decl":{"start":{"line":225,"column":55},"end":{"line":225,"column":56}},"loc":{"start":{"line":225,"column":66},"end":{"line":266,"column":7}},"line":225},"11":{"name":"(anonymous_11)","decl":{"start":{"line":245,"column":54},"end":{"line":245,"column":55}},"loc":{"start":{"line":245,"column":59},"end":{"line":258,"column":9}},"line":245},"12":{"name":"(anonymous_12)","decl":{"start":{"line":296,"column":2},"end":{"line":296,"column":3}},"loc":{"start":{"line":296,"column":51},"end":{"line":304,"column":3}},"line":296},"13":{"name":"(anonymous_13)","decl":{"start":{"line":300,"column":19},"end":{"line":300,"column":20}},"loc":{"start":{"line":300,"column":24},"end":{"line":300,"column":52}},"line":300},"14":{"name":"(anonymous_14)","decl":{"start":{"line":303,"column":26},"end":{"line":303,"column":27}},"loc":{"start":{"line":303,"column":31},"end":{"line":303,"column":41}},"line":303}},"branchMap":{"0":{"loc":{"start":{"line":11,"column":6},"end":{"line":11,"column":24}},"type":"default-arg","locations":[{"start":{"line":11,"column":23},"end":{"line":11,"column":24}}],"line":11},"1":{"loc":{"start":{"line":11,"column":26},"end":{"line":11,"column":45}},"type":"default-arg","locations":[{"start":{"line":11,"column":44},"end":{"line":11,"column":45}}],"line":11},"2":{"loc":{"start":{"line":11,"column":47},"end":{"line":11,"column":76}},"type":"default-arg","locations":[{"start":{"line":11,"column":71},"end":{"line":11,"column":76}}],"line":11},"3":{"loc":{"start":{"line":12,"column":42},"end":{"line":12,"column":55}},"type":"default-arg","locations":[{"start":{"line":12,"column":53},"end":{"line":12,"column":55}}],"line":12},"4":{"loc":{"start":{"line":15,"column":4},"end":{"line":17,"column":5}},"type":"if","locations":[{"start":{"line":15,"column":4},"end":{"line":17,"column":5}},{"start":{},"end":{}}],"line":15},"5":{"loc":{"start":{"line":15,"column":8},"end":{"line":15,"column":29}},"type":"binary-expr","locations":[{"start":{"line":15,"column":8},"end":{"line":15,"column":21}},{"start":{"line":15,"column":25},"end":{"line":15,"column":29}}],"line":15},"6":{"loc":{"start":{"line":20,"column":27},"end":{"line":20,"column":107}},"type":"binary-expr","locations":[{"start":{"line":20,"column":27},"end":{"line":20,"column":37}},{"start":{"line":20,"column":41},"end":{"line":20,"column":107}}],"line":20},"7":{"loc":{"start":{"line":79,"column":44},"end":{"line":79,"column":56}},"type":"default-arg","locations":[{"start":{"line":79,"column":54},"end":{"line":79,"column":56}}],"line":79},"8":{"loc":{"start":{"line":84,"column":4},"end":{"line":88,"column":5}},"type":"if","locations":[{"start":{"line":84,"column":4},"end":{"line":88,"column":5}},{"start":{},"end":{}}],"line":84},"9":{"loc":{"start":{"line":90,"column":4},"end":{"line":94,"column":5}},"type":"if","locations":[{"start":{"line":90,"column":4},"end":{"line":94,"column":5}},{"start":{},"end":{}}],"line":90},"10":{"loc":{"start":{"line":96,"column":4},"end":{"line":100,"column":5}},"type":"if","locations":[{"start":{"line":96,"column":4},"end":{"line":100,"column":5}},{"start":{},"end":{}}],"line":96},"11":{"loc":{"start":{"line":104,"column":4},"end":{"line":108,"column":5}},"type":"if","locations":[{"start":{"line":104,"column":4},"end":{"line":108,"column":5}},{"start":{},"end":{}}],"line":104},"12":{"loc":{"start":{"line":119,"column":4},"end":{"line":121,"column":5}},"type":"if","locations":[{"start":{"line":119,"column":4},"end":{"line":121,"column":5}},{"start":{},"end":{}}],"line":119},"13":{"loc":{"start":{"line":133,"column":6},"end":{"line":137,"column":7}},"type":"if","locations":[{"start":{"line":133,"column":6},"end":{"line":137,"column":7}},{"start":{},"end":{}}],"line":133},"14":{"loc":{"start":{"line":136,"column":20},"end":{"line":136,"column":84}},"type":"cond-expr","locations":[{"start":{"line":136,"column":43},"end":{"line":136,"column":70}},{"start":{"line":136,"column":73},"end":{"line":136,"column":84}}],"line":136},"15":{"loc":{"start":{"line":140,"column":4},"end":{"line":142,"column":5}},"type":"if","locations":[{"start":{"line":140,"column":4},"end":{"line":142,"column":5}},{"start":{},"end":{}}],"line":140},"16":{"loc":{"start":{"line":149,"column":4},"end":{"line":152,"column":5}},"type":"if","locations":[{"start":{"line":149,"column":4},"end":{"line":152,"column":5}},{"start":{},"end":{}}],"line":149},"17":{"loc":{"start":{"line":149,"column":8},"end":{"line":149,"column":82}},"type":"binary-expr","locations":[{"start":{"line":149,"column":8},"end":{"line":149,"column":42}},{"start":{"line":149,"column":46},"end":{"line":149,"column":82}}],"line":149},"18":{"loc":{"start":{"line":164,"column":6},"end":{"line":166,"column":7}},"type":"if","locations":[{"start":{"line":164,"column":6},"end":{"line":166,"column":7}},{"start":{},"end":{}}],"line":164},"19":{"loc":{"start":{"line":164,"column":10},"end":{"line":164,"column":104}},"type":"binary-expr","locations":[{"start":{"line":164,"column":10},"end":{"line":164,"column":35}},{"start":{"line":164,"column":39},"end":{"line":164,"column":104}}],"line":164},"20":{"loc":{"start":{"line":187,"column":4},"end":{"line":189,"column":5}},"type":"if","locations":[{"start":{"line":187,"column":4},"end":{"line":189,"column":5}},{"start":{},"end":{}}],"line":187},"21":{"loc":{"start":{"line":207,"column":4},"end":{"line":209,"column":5}},"type":"if","locations":[{"start":{"line":207,"column":4},"end":{"line":209,"column":5}},{"start":{},"end":{}}],"line":207},"22":{"loc":{"start":{"line":218,"column":24},"end":{"line":218,"column":49}},"type":"binary-expr","locations":[{"start":{"line":218,"column":24},"end":{"line":218,"column":44}},{"start":{"line":218,"column":48},"end":{"line":218,"column":49}}],"line":218},"23":{"loc":{"start":{"line":228,"column":24},"end":{"line":228,"column":63}},"type":"binary-expr","locations":[{"start":{"line":228,"column":24},"end":{"line":228,"column":36}},{"start":{"line":228,"column":40},"end":{"line":228,"column":63}}],"line":228},"24":{"loc":{"start":{"line":235,"column":8},"end":{"line":235,"column":79}},"type":"if","locations":[{"start":{"line":235,"column":8},"end":{"line":235,"column":79}},{"start":{},"end":{}}],"line":235},"25":{"loc":{"start":{"line":236,"column":8},"end":{"line":236,"column":94}},"type":"if","locations":[{"start":{"line":236,"column":8},"end":{"line":236,"column":94}},{"start":{},"end":{}}],"line":236},"26":{"loc":{"start":{"line":237,"column":8},"end":{"line":237,"column":88}},"type":"if","locations":[{"start":{"line":237,"column":8},"end":{"line":237,"column":88}},{"start":{},"end":{}}],"line":237},"27":{"loc":{"start":{"line":238,"column":8},"end":{"line":242,"column":9}},"type":"if","locations":[{"start":{"line":238,"column":8},"end":{"line":242,"column":9}},{"start":{},"end":{}}],"line":238},"28":{"loc":{"start":{"line":240,"column":10},"end":{"line":240,"column":96}},"type":"if","locations":[{"start":{"line":240,"column":10},"end":{"line":240,"column":96}},{"start":{},"end":{}}],"line":240},"29":{"loc":{"start":{"line":241,"column":10},"end":{"line":241,"column":93}},"type":"if","locations":[{"start":{"line":241,"column":10},"end":{"line":241,"column":93}},{"start":{},"end":{}}],"line":241},"30":{"loc":{"start":{"line":252,"column":10},"end":{"line":252,"column":65}},"type":"if","locations":[{"start":{"line":252,"column":10},"end":{"line":252,"column":65}},{"start":{},"end":{}}],"line":252},"31":{"loc":{"start":{"line":253,"column":10},"end":{"line":253,"column":74}},"type":"if","locations":[{"start":{"line":253,"column":10},"end":{"line":253,"column":74}},{"sta
[...]
,"/Users/pfarrow/Coding/PaulBit/licensing-api/src/routes/well-known.js": {"path":"/Users/pfarrow/Coding/PaulBit/licensing-api/src/routes/well-known.js","statementMap":{"0":{"start":{"line":1,"column":16},"end":{"line":1,"column":34}},"1":{"start":{"line":2,"column":16},"end":{"line":2,"column":44}},"2":{"start":{"line":3,"column":15},"end":{"line":3,"column":31}},"3":{"start":{"line":9,"column":0},"end":{"line":40,"column":3}},"4":{"start":{"line":10,"column":2},"end":{"line":39,"column":3}},"5":{"start":{"line":11,"column":28},"end":{"line":11,"column":37}},"6":{"start":{"line":13,"column":4},"end":{"line":18,"column":5}},"7":{"start":{"line":14,"column":6},"end":{"line":17,"column":9}},"8":{"start":{"line":20,"column":21},"end":{"line":20,"column":80}},"9":{"start":{"line":22,"column":21},"end":{"line":28,"column":5}},"10":{"start":{"line":30,"column":4},"end":{"line":30,"column":54}},"11":{"start":{"line":31,"column":4},"end":{"line":31,"column":54}},"12":{"start":{"line":32,"column":4},"end":{"line":32,"column":23}},"13":{"start":{"line":34,"column":4},"end":{"line":34,"column":62}},"14":{"start":{"line":35,"column":4},"end":{"line":38,"column":7}},"15":{"start":{"line":42,"column":0},"end":{"line":42,"column":24}}},"fnMap":{"0":{"name":"(anonymous_0)","decl":{"start":{"line":9,"column":31},"end":{"line":9,"column":32}},"loc":{"start":{"line":9,"column":51},"end":{"line":40,"column":1}},"line":9}},"branchMap":{"0":{"loc":{"start":{"line":13,"column":4},"end":{"line":18,"column":5}},"type":"if","locations":[{"start":{"line":13,"column":4},"end":{"line":18,"column":5}},{"start":{},"end":{}}],"line":13}},"s":{"0":0,"1":0,"2":0,"3":0,"4":0,"5":0,"6":0,"7":0,"8":0,"9":0,"10":0,"11":0,"12":0,"13":0,"14":0,"15":0},"f":{"0":0},"b":{"0":[0,0]}}
,"/Users/pfarrow/Coding/PaulBit/licensing-api/src/services/agentClassifier.js": {"path":"/Users/pfarrow/Coding/PaulBit/licensing-api/src/services/agentClassifier.js","statementMap":{"0":{"start":{"line":1,"column":14},"end":{"line":1,"column":33}},"1":{"start":{"line":2,"column":23},"end":{"line":2,"column":58}},"2":{"start":{"line":4,"column":28},"end":{"line":4,"column":41}},"3":{"start":{"line":5,"column":24},"end":{"line":5,"column":45}},"4":{"start":{"line":7,"column":25},"end":{"line":7,"column":27}},"5":{"start":{"line":8,"column":19},"end":{"line":8,"column":23}},"6":{"start":{"line":11,"column":2},"end":{"line":25,"column":21}},"7":{"start":{"line":13,"column":6},"end":{"line":23,"column":7}},"8":{"start":{"line":14,"column":24},"end":{"line":14,"column":58}},"9":{"start":{"line":15,"column":8},"end":{"line":19,"column":10}},"10":{"start":{"line":21,"column":8},"end":{"line":21,"column":78}},"11":{"start":{"line":22,"column":8},"end":{"line":22,"column":20}},"12":{"start":{"line":29,"column":21},"end":{"line":29,"column":51}},"13":{"start":{"line":30,"column":2},"end":{"line":30,"column":43}},"14":{"start":{"line":31,"column":2},"end":{"line":31,"column":20}},"15":{"start":{"line":35,"column":2},"end":{"line":37,"column":3}},"16":{"start":{"line":36,"column":4},"end":{"line":36,"column":11}},"17":{"start":{"line":38,"column":17},"end":{"line":38,"column":34}},"18":{"start":{"line":39,"column":2},"end":{"line":39,"column":64}},"19":{"start":{"line":43,"column":2},"end":{"line":45,"column":3}},"20":{"start":{"line":44,"column":4},"end":{"line":44,"column":16}},"21":{"start":{"line":46,"column":17},"end":{"line":46,"column":34}},"22":{"start":{"line":47,"column":16},"end":{"line":47,"column":49}},"23":{"start":{"line":48,"column":2},"end":{"line":48,"column":26}},"24":{"start":{"line":48,"column":14},"end":{"line":48,"column":26}},"25":{"start":{"line":49,"column":2},"end":{"line":56,"column":3}},"26":{"start":{"line":50,"column":19},"end":{"line":50,"column":36}},"27":{"start":{"line":51,"column":4},"end":{"line":51,"column":41}},"28":{"start":{"line":52,"column":4},"end":{"line":52,"column":18}},"29":{"start":{"line":54,"column":4},"end":{"line":54,"column":74}},"30":{"start":{"line":55,"column":4},"end":{"line":55,"column":16}},"31":{"start":{"line":61,"column":21},"end":{"line":61,"column":45}},"32":{"start":{"line":62,"column":2},"end":{"line":62,"column":33}},"33":{"start":{"line":63,"column":2},"end":{"line":63,"column":79}},"34":{"start":{"line":67,"column":2},"end":{"line":69,"column":3}},"35":{"start":{"line":68,"column":4},"end":{"line":68,"column":32}},"36":{"start":{"line":70,"column":2},"end":{"line":74,"column":26}},"37":{"start":{"line":71,"column":4},"end":{"line":73,"column":7}},"38":{"start":{"line":72,"column":6},"end":{"line":72,"column":63}},"39":{"start":{"line":78,"column":16},"end":{"line":78,"column":37}},"40":{"start":{"line":79,"column":2},"end":{"line":81,"column":3}},"41":{"start":{"line":80,"column":4},"end":{"line":80,"column":20}},"42":{"start":{"line":82,"column":2},"end":{"line":82,"column":20}},"43":{"start":{"line":86,"column":2},"end":{"line":88,"column":3}},"44":{"start":{"line":87,"column":4},"end":{"line":87,"column":48}},"45":{"start":{"line":90,"column":13},"end":{"line":90,"column":36}},"46":{"start":{"line":91,"column":2},"end":{"line":98,"column":3}},"47":{"start":{"line":92,"column":4},"end":{"line":97,"column":5}},"48":{"start":{"line":93,"column":6},"end":{"line":96,"column":8}},"49":{"start":{"line":100,"column":2},"end":{"line":100,"column":46}},"50":{"start":{"line":104,"column":2},"end":{"line":107,"column":6}},"51":{"start":{"line":104,"column":42},"end":{"line":107,"column":3}},"52":{"start":{"line":110,"column":0},"end":{"line":115,"column":2}}},"fnMap":{"0":{"name":"compile","decl":{"start":{"line":10,"column":9},"end":{"line":10,"column":16}},"loc":{"start":{"line":10,"column":29},"end":{"line":26,"column":1}},"line":10},"1":{"name":"(anonymous_1)","decl":{"start":{"line":12,"column":9},"end":{"line":12,"column":10}},"loc":{"start":{"line":12,"column":18},"end":{"line":24,"column":5}},"line":12},"2":{"name":"loadFromDatabase","decl":{"start":{"line":28,"column":15},"end":{"line":28,"column":31}},"loc":{"start":{"line":28,"column":34},"end":{"line":32,"column":1}},"line":28},"3":{"name":"hydrateRedis","decl":{"start":{"line":34,"column":15},"end":{"line":34,"column":27}},"loc":{"start":{"line":34,"column":40},"end":{"line":40,"column":1}},"line":34},"4":{"name":"loadFromRedis","decl":{"start":{"line":42,"column":15},"end":{"line":42,"column":28}},"loc":{"start":{"line":42,"column":31},"end":{"line":57,"column":1}},"line":42},"5":{"name":"refresh","decl":{"start":{"line":59,"column":15},"end":{"line":59,"column":22}},"loc":{"start":{"line":59,"column":25},"end":{"line":64,"column":1}},"line":59},"6":{"name":"scheduleRefresh","decl":{"start":{"line":66,"column":9},"end":{"line":66,"column":24}},"loc":{"start":{"line":66,"column":27},"end":{"line":75,"column":1}},"line":66},"7":{"name":"(anonymous_7)","decl":{"start":{"line":70,"column":29},"end":{"line":70,"column":30}},"loc":{"start":{"line":70,"column":35},"end":{"line":74,"column":3}},"line":70},"8":{"name":"(anonymous_8)","decl":{"start":{"line":71,"column":20},"end":{"line":71,"column":21}},"loc":{"start":{"line":71,"column":31},"end":{"line":73,"column":5}},"line":71},"9":{"name":"initialize","decl":{"start":{"line":77,"column":15},"end":{"line":77,"column":25}},"loc":{"start":{"line":77,"column":28},"end":{"line":83,"column":1}},"line":77},"10":{"name":"classify","decl":{"start":{"line":85,"column":9},"end":{"line":85,"column":17}},"loc":{"start":{"line":85,"column":34},"end":{"line":101,"column":1}},"line":85},"11":{"name":"listLoadedSignatures","decl":{"start":{"line":103,"column":9},"end":{"line":103,"column":29}},"loc":{"start":{"line":103,"column":32},"end":{"line":108,"column":1}},"line":103},"12":{"name":"(anonymous_12)","decl":{"start":{"line":104,"column":32},"end":{"line":104,"column":33}},"loc":{"start":{"line":104,"column":42},"end":{"line":107,"column":3}},"line":104}},"branchMap":{"0":{"loc":{"start":{"line":17,"column":20},"end":{"line":17,"column":40}},"type":"binary-expr","locations":[{"start":{"line":17,"column":20},"end":{"line":17,"column":32}},{"start":{"line":17,"column":36},"end":{"line":17,"column":40}}],"line":17},"1":{"loc":{"start":{"line":35,"column":2},"end":{"line":37,"column":3}},"type":"if","locations":[{"start":{"line":35,"column":2},"end":{"line":37,"column":3}},{"start":{},"end":{}}],"line":35},"2":{"loc":{"start":{"line":43,"column":2},"end":{"line":45,"column":3}},"type":"if","locations":[{"start":{"line":43,"column":2},"end":{"line":45,"column":3}},{"start":{},"end":{}}],"line":43},"3":{"loc":{"start":{"line":48,"column":2},"end":{"line":48,"column":26}},"type":"if","locations":[{"start":{"line":48,"column":2},"end":{"line":48,"column":26}},{"start":{},"end":{}}],"line":48},"4":{"loc":{"start":{"line":67,"column":2},"end":{"line":69,"column":3}},"type":"if","locations":[{"start":{"line":67,"column":2},"end":{"line":69,"column":3}},{"start":{},"end":{}}],"line":67},"5":{"loc":{"start":{"line":79,"column":2},"end":{"line":81,"column":3}},"type":"if","locations":[{"start":{"line":79,"column":2},"end":{"line":81,"column":3}},{"start":{},"end":{}}],"line":79},"6":{"loc":{"start":{"line":85,"column":18},"end":{"line":85,"column":32}},"type":"default-arg","locations":[{"start":{"line":85,"column":30},"end":{"line":85,"column":32}}],"line":85},"7":{"loc":{"start":{"line":86,"column":2},"end":{"line":88,"column":3}},"type":"if","locations":[{"start":{"line":86,"column":2},"end":{"line":88,"column":3}},{"start":{},"end":{}}],"line":86},"8":{"loc":{"start":{"line":86,"column":6},"end":{"line":86,"column":49}},"type":"binary-expr","locations":[{"start":{"line":86,"column":6},"end":{"line":86,"column":16}},{"start":{"line":86,"column":20},"end":{"line":86,"column":49}}],"line":86},"9":{"loc":{"start":{"line":92,"column":4},"end":{"line":97,"column":5}},"type":"if","locations":[{"start":{"line":92,"column":4},"end":{"line":97,"column":5}},{"start":{},"end":{}}],"line":92},"10":{"loc":{"start":{"line":94,"column":14},"end":{"line":94,"column":62}},"type":"cond-expr","locations":[{"start":{"line":94,"column":47},"end":{"line":94,"column":54}},{"start":{"line":94,"column":57},"end":{"line":94,"column":62}}],"line":94}},"s":{"0":1,"1":1,"2":1,"3":1,"4":1,"5":1,"6":0,"7":0,"8":0,"9":0,"10":0,"11":0,"12":0,"13":0,"14":0,"15":0,"16":0,"17":0,"18":0,"19":0,"20":0,"21":0,"22":0,"23":0,"24":0,"25":0,"26":0,"27":0,"28":0,"29":0,"30":0,"31":0,"32":0,"33":0,"34":0,"35":0,"36":0,"37":0,"38":0,"39":0,"40":0,"41":0,"42":0,"43":0,"44":0,"45":0,"46":0,"47":0,"48":0,"49":0,"50":0,"51":0,"52":1},"f":{"0":0,"1":0,"2":0,"3":0,"4":0,"5":0,"6":0,"7":0,"8":0,"9":0,"10":0,"11":0,"12":0},"b":{"0":[0,0],"1":[0,0],"2":[0,0],"3":[0,0],"4":[0,0],"5":[0,0],"6":[0],"7":[0,0],"8":[0,0],"9":[0,0],"10":[0,0]},"_coverageSchema":"1a1c01bbd47fc00a2c39e90264f33305004495a9","hash":"2e19c6b8125dbcc3abd254a0e6cfd9191cf560e8"}
,"/Users/pfarrow/Coding/PaulBit/licensing-api/src/utils/audit.js": {"path":"/Users/pfarrow/Coding/PaulBit/licensing-api/src/utils/audit.js","statementMap":{"0":{"start":{"line":1,"column":11},"end":{"line":1,"column":27}},"1":{"start":{"line":7,"column":2},"end":{"line":27,"column":3}},"2":{"start":{"line":8,"column":4},"end":{"line":23,"column":7}},"3":{"start":{"line":25,"column":4},"end":{"line":25,"column":55}},"4":{"start":{"line":34,"column":38},"end":{"line":34,"column":45}},"5":{"start":{"line":36,"column":17},"end":{"line":41,"column":45}},"6":{"start":{"line":43,"column":2},"end":{"line":43,"column":21}},"7":{"start":{"line":50,"column":68},"end":{"line":50,"column":75}},"8":{"start":{"line":52,"column":14},"end":{"line":52,"column":51}},"9":{"start":{"line":53,"column":17},"end":{"line":53,"column":19}},"10":{"start":{"line":54,"column":19},"end":{"line":54,"column":20}},"11":{"start":{"line":56,"column":2},"end":{"line":60,"column":3}},"12":{"start":{"line":57,"column":4},"end":{"line":57,"column":17}},"13":{"start":{"line":58,"column":4},"end":{"line":58,"column":49}},"14":{"start":{"line":59,"column":4},"end":{"line":59,"column":29}},"15":{"start":{"line":62,"column":2},"end":{"line":66,"column":3}},"16":{"start":{"line":63,"column":4},"end":{"line":63,"column":17}},"17":{"start":{"line":64,"column":4},"end":{"line":64,"column":45}},"18":{"start":{"line":65,"column":4},"end":{"line":65,"column":25}},"19":{"start":{"line":68,"column":2},"end":{"line":72,"column":3}},"20":{"start":{"line":69,"column":4},"end":{"line":69,"column":17}},"21":{"start":{"line":70,"column":4},"end":{"line":70,"column":44}},"22":{"start":{"line":71,"column":4},"end":{"line":71,"column":24}},"23":{"start":{"line":74,"column":2},"end":{"line":74,"column":31}},"24":{"start":{"line":76,"column":2},"end":{"line":76,"column":15}},"25":{"start":{"line":77,"column":2},"end":{"line":77,"column":35}},"26":{"start":{"line":78,"column":2},"end":{"line":78,"column":21}},"27":{"start":{"line":80,"column":2},"end":{"line":80,"column":15}},"28":{"start":{"line":81,"column":2},"end":{"line":81,"column":36}},"29":{"start":{"line":82,"column":2},"end":{"line":82,"column":22}},"30":{"start":{"line":84,"column":17},"end":{"line":84,"column":46}},"31":{"start":{"line":85,"column":2},"end":{"line":85,"column":21}},"32":{"start":{"line":92,"column":17},"end":{"line":92,"column":78}},"33":{"start":{"line":94,"column":2},"end":{"line":96,"column":3}},"34":{"start":{"line":95,"column":4},"end":{"line":95,"column":14}},"35":{"start":{"line":99,"column":18},"end":{"line":99,"column":84}},"36":{"start":{"line":100,"column":12},"end":{"line":100,"column":36}},"37":{"start":{"line":103,"column":2},"end":{"line":112,"column":5}},"38":{"start":{"line":104,"column":16},"end":{"line":110,"column":5}},"39":{"start":{"line":111,"column":4},"end":{"line":111,"column":87}},"40":{"start":{"line":111,"column":28},"end":{"line":111,"column":68}},"41":{"start":{"line":114,"column":2},"end":{"line":114,"column":13}},"42":{"start":{"line":117,"column":0},"end":{"line":122,"column":2}}},"fnMap":{"0":{"name":"logAudit","decl":{"start":{"line":6,"column":15},"end":{"line":6,"column":23}},"loc":{"start":{"line":6,"column":121},"end":{"line":28,"column":1}},"line":6},"1":{"name":"getAuditTrail","decl":{"start":{"line":33,"column":15},"end":{"line":33,"column":28}},"loc":{"start":{"line":33,"column":67},"end":{"line":44,"column":1}},"line":33},"2":{"name":"getRecentAudit","decl":{"start":{"line":49,"column":15},"end":{"line":49,"column":29}},"loc":{"start":{"line":49,"column":44},"end":{"line":86,"column":1}},"line":49},"3":{"name":"exportAuditTrail","decl":{"start":{"line":91,"column":15},"end":{"line":91,"column":31}},"loc":{"start":{"line":91,"column":56},"end":{"line":115,"column":1}},"line":91},"4":{"name":"(anonymous_4)","decl":{"start":{"line":103,"column":17},"end":{"line":103,"column":18}},"loc":{"start":{"line":103,"column":26},"end":{"line":112,"column":3}},"line":103},"5":{"name":"(anonymous_5)","decl":{"start":{"line":111,"column":19},"end":{"line":111,"column":20}},"loc":{"start":{"line":111,"column":28},"end":{"line":111,"column":68}},"line":111}},"branchMap":{"0":{"loc":{"start":{"line":18,"column":6},"end":{"line":18,"column":21}},"type":"binary-expr","locations":[{"start":{"line":18,"column":6},"end":{"line":18,"column":13}},{"start":{"line":18,"column":17},"end":{"line":18,"column":21}}],"line":18},"1":{"loc":{"start":{"line":19,"column":6},"end":{"line":19,"column":24}},"type":"binary-expr","locations":[{"start":{"line":19,"column":6},"end":{"line":19,"column":16}},{"start":{"line":19,"column":20},"end":{"line":19,"column":24}}],"line":19},"2":{"loc":{"start":{"line":20,"column":6},"end":{"line":20,"column":60}},"type":"cond-expr","locations":[{"start":{"line":20,"column":23},"end":{"line":20,"column":53}},{"start":{"line":20,"column":56},"end":{"line":20,"column":60}}],"line":20},"3":{"loc":{"start":{"line":21,"column":6},"end":{"line":21,"column":52}},"type":"cond-expr","locations":[{"start":{"line":21,"column":19},"end":{"line":21,"column":45}},{"start":{"line":21,"column":48},"end":{"line":21,"column":52}}],"line":21},"4":{"loc":{"start":{"line":22,"column":6},"end":{"line":22,"column":52}},"type":"cond-expr","locations":[{"start":{"line":22,"column":19},"end":{"line":22,"column":45}},{"start":{"line":22,"column":48},"end":{"line":22,"column":52}}],"line":22},"5":{"loc":{"start":{"line":33,"column":53},"end":{"line":33,"column":65}},"type":"default-arg","locations":[{"start":{"line":33,"column":63},"end":{"line":33,"column":65}}],"line":33},"6":{"loc":{"start":{"line":34,"column":10},"end":{"line":34,"column":21}},"type":"default-arg","locations":[{"start":{"line":34,"column":18},"end":{"line":34,"column":21}}],"line":34},"7":{"loc":{"start":{"line":34,"column":23},"end":{"line":34,"column":33}},"type":"default-arg","locations":[{"start":{"line":34,"column":32},"end":{"line":34,"column":33}}],"line":34},"8":{"loc":{"start":{"line":49,"column":30},"end":{"line":49,"column":42}},"type":"default-arg","locations":[{"start":{"line":49,"column":40},"end":{"line":49,"column":42}}],"line":49},"9":{"loc":{"start":{"line":50,"column":10},"end":{"line":50,"column":21}},"type":"default-arg","locations":[{"start":{"line":50,"column":18},"end":{"line":50,"column":21}}],"line":50},"10":{"loc":{"start":{"line":50,"column":23},"end":{"line":50,"column":33}},"type":"default-arg","locations":[{"start":{"line":50,"column":32},"end":{"line":50,"column":33}}],"line":50},"11":{"loc":{"start":{"line":56,"column":2},"end":{"line":60,"column":3}},"type":"if","locations":[{"start":{"line":56,"column":2},"end":{"line":60,"column":3}},{"start":{},"end":{}}],"line":56},"12":{"loc":{"start":{"line":62,"column":2},"end":{"line":66,"column":3}},"type":"if","locations":[{"start":{"line":62,"column":2},"end":{"line":66,"column":3}},{"start":{},"end":{}}],"line":62},"13":{"loc":{"start":{"line":68,"column":2},"end":{"line":72,"column":3}},"type":"if","locations":[{"start":{"line":68,"column":2},"end":{"line":72,"column":3}},{"start":{},"end":{}}],"line":68},"14":{"loc":{"start":{"line":94,"column":2},"end":{"line":96,"column":3}},"type":"if","locations":[{"start":{"line":94,"column":2},"end":{"line":96,"column":3}},{"start":{},"end":{}}],"line":94},"15":{"loc":{"start":{"line":107,"column":6},"end":{"line":107,"column":25}},"type":"binary-expr","locations":[{"start":{"line":107,"column":6},"end":{"line":107,"column":19}},{"start":{"line":107,"column":23},"end":{"line":107,"column":25}}],"line":107},"16":{"loc":{"start":{"line":108,"column":6},"end":{"line":108,"column":28}},"type":"binary-expr","locations":[{"start":{"line":108,"column":6},"end":{"line":108,"column":22}},{"start":{"line":108,"column":26},"end":{"line":108,"column":28}}],"line":108},"17":{"loc":{"start":{"line":109,"column":21},"end":{"line":109,"column":47}},"type":"binary-expr","locations":[{"start":{"line":109,"column":21},"end":{"line":109,"column":41}},{"start":{"line":109,"column":45},"end":{"line":109,"column":47}}],"line":109}},"s":{"0":0,"1":0,"2":0,"3":0,"4":0,"5":0,"6":0,"7":0,"8":0,"9":0,"10":0,"11":0,"12":0,"13":0,"14":0,"15":0,"16":0,"17":0,"18":0,"19":0,"20":0,"21":0,"22":0,"23":0,"24":0,"25":0,"26":0,"27":0,"28":0,"29":0,"30":0,"31":0,"32":0,"33":0,"34":0,"35":0,"36":0,"37":0,"38":0,"39":0,"40":0,"41":0,"42":0},"f":{"0":0,"1":0,"2":0,"3":0,"4":0,"5":0},"b":{"0":[0,0],"1":[0,0],"2":[0,0],"3":[0,0],"4":[0,0],"5":[0],"6":[0],"7":[0],"8":[0],"9":[0],"10":[0],"11":[0,0],"12":[0,0],"13":[0,0],"14":[0,0],"15":[0,0],"16":[0,0],"17":[0,0]}}
}
