TN:
SF:src/db.js
FN:7,initialize
FN:25,getPool
FN:32,query
FNF:3
FNH:0
FNDA:0,initialize
FNDA:0,getPool
FNDA:0,query
DA:1,7
DA:3,7
DA:5,7
DA:8,0
DA:15,0
DA:16,0
DA:17,0
DA:18,0
DA:20,0
DA:21,0
DA:26,0
DA:27,0
DA:29,0
DA:33,0
DA:36,7
LF:15
LH:4
BRDA:3,0,0,7
BRDA:3,0,1,7
BRDA:26,1,0,0
BRDA:26,1,1,0
BRF:4
BRH:2
end_of_record
TN:
SF:src/migrate.js
FN:9,runMigrations
FN:24,(anonymous_1)
FN:57,(anonymous_2)
FNF:3
FNH:0
FNDA:0,runMigrations
FNDA:0,(anonymous_1)
FNDA:0,(anonymous_2)
DA:1,0
DA:2,0
DA:3,0
DA:10,0
DA:12,0
DA:14,0
DA:23,0
DA:24,0
DA:27,0
DA:28,0
DA:29,0
DA:30,0
DA:31,0
DA:32,0
DA:33,0
DA:34,0
DA:35,0
DA:36,0
DA:37,0
DA:38,0
DA:40,0
DA:41,0
DA:42,0
DA:48,0
DA:50,0
DA:51,0
DA:52,0
DA:53,0
DA:56,0
DA:57,0
DA:61,0
DA:63,0
DA:64,0
DA:65,0
DA:68,0
DA:70,0
DA:71,0
DA:74,0
DA:75,0
DA:76,0
DA:77,0
DA:79,0
DA:80,0
DA:82,0
DA:83,0
DA:84,0
DA:88,0
DA:89,0
DA:91,0
DA:94,0
DA:95,0
DA:99,0
LF:52
LH:0
BRDA:27,0,0,0
BRDA:27,0,1,0
BRDA:29,1,0,0
BRDA:29,1,1,0
BRDA:50,2,0,0
BRDA:50,2,1,0
BRDA:64,3,0,0
BRDA:64,3,1,0
BRDA:88,4,0,0
BRDA:88,4,1,0
BRF:10
BRH:0
end_of_record
TN:
SF:src/redis.js
FN:9,initialize
FN:26,(anonymous_1)
FN:44,getClient
FN:51,isAvailable
FN:56,addTokenToAllowlist
FN:64,isTokenInAllowlist
FN:73,revokeToken
FNF:7
FNH:0
FNDA:0,initialize
FNDA:0,(anonymous_1)
FNDA:0,getClient
FNDA:0,isAvailable
FNDA:0,addTokenToAllowlist
FNDA:0,isTokenInAllowlist
FNDA:0,revokeToken
DA:1,1
DA:3,1
DA:4,1
DA:6,1
DA:7,1
DA:10,0
DA:11,0
DA:12,0
DA:15,0
DA:16,0
DA:25,0
DA:26,0
DA:27,0
DA:28,0
DA:29,0
DA:31,0
DA:34,0
DA:35,0
DA:36,0
DA:38,0
DA:39,0
DA:40,0
DA:45,0
DA:46,0
DA:48,0
DA:52,0
DA:57,0
DA:58,0
DA:59,0
DA:61,0
DA:65,0
DA:67,0
DA:69,0
DA:70,0
DA:74,0
DA:75,0
DA:76,0
DA:78,0
DA:81,1
LF:39
LH:6
BRDA:3,0,0,1
BRDA:3,0,1,1
BRDA:10,1,0,0
BRDA:10,1,1,0
BRDA:27,2,0,0
BRDA:27,2,1,0
BRDA:45,3,0,0
BRDA:45,3,1,0
BRDA:52,4,0,0
BRDA:52,4,1,0
BRDA:57,5,0,0
BRDA:57,5,1,0
BRDA:65,6,0,0
BRDA:65,6,1,0
BRDA:74,7,0,0
BRDA:74,7,1,0
BRF:16
BRH:2
end_of_record
TN:
SF:src/jobs/alertEvaluator.js
FN:7,fetchCounts
FN:24,fetchCountsForWindow
FN:38,evaluateAlert
FN:104,schedule
FN:105,(anonymous_4)
FNF:5
FNH:0
FNDA:0,fetchCounts
FNDA:0,fetchCountsForWindow
FNDA:0,evaluateAlert
FNDA:0,schedule
FNDA:0,(anonymous_4)
DA:1,0
DA:2,0
DA:3,0
DA:5,0
DA:8,0
DA:21,0
DA:25,0
DA:35,0
DA:39,0
DA:40,0
DA:42,0
DA:43,0
DA:45,0
DA:46,0
DA:48,0
DA:50,0
DA:51,0
DA:52,0
DA:53,0
DA:56,0
DA:57,0
DA:58,0
DA:59,0
DA:62,0
DA:63,0
DA:64,0
DA:65,0
DA:68,0
DA:69,0
DA:70,0
DA:71,0
DA:72,0
DA:73,0
DA:76,0
DA:77,0
DA:80,0
DA:81,0
DA:84,0
DA:85,0
DA:96,0
DA:98,0
DA:101,0
DA:105,0
DA:106,0
DA:107,0
DA:108,0
DA:110,0
DA:115,0
LF:48
LH:0
BRDA:21,0,0,0
BRDA:21,0,1,0
BRDA:24,1,0,0
BRDA:35,2,0,0
BRDA:35,2,1,0
BRDA:40,3,0,0
BRDA:40,3,1,0
BRDA:43,4,0,0
BRDA:43,4,1,0
BRDA:48,5,0,0
BRDA:48,5,1,0
BRDA:48,5,2,0
BRDA:48,5,3,0
BRDA:48,5,4,0
BRDA:50,6,0,0
BRDA:50,6,1,0
BRDA:51,7,0,0
BRDA:51,7,1,0
BRDA:56,8,0,0
BRDA:56,8,1,0
BRDA:57,9,0,0
BRDA:57,9,1,0
BRDA:62,10,0,0
BRDA:62,10,1,0
BRDA:70,11,0,0
BRDA:70,11,1,0
BRDA:80,12,0,0
BRDA:80,12,1,0
BRDA:80,13,0,0
BRDA:80,13,1,0
BRF:30
BRH:0
end_of_record
TN:
SF:src/jobs/metricsRollup.js
FN:8,floorToHour
FN:14,floorToDay
FN:20,rollupHour
FN:47,(anonymous_3)
FN:51,(anonymous_4)
FN:73,rollupDay
FN:100,(anonymous_6)
FN:104,(anonymous_7)
FN:126,purgeRawLogs
FN:133,schedule
FN:134,(anonymous_10)
FN:135,(anonymous_11)
FN:140,(anonymous_12)
FN:141,(anonymous_13)
FN:147,(anonymous_14)
FN:148,(anonymous_15)
FN:154,(anonymous_16)
FNF:17
FNH:0
FNDA:0,floorToHour
FNDA:0,floorToDay
FNDA:0,rollupHour
FNDA:0,(anonymous_3)
FNDA:0,(anonymous_4)
FNDA:0,rollupDay
FNDA:0,(anonymous_6)
FNDA:0,(anonymous_7)
FNDA:0,purgeRawLogs
FNDA:0,schedule
FNDA:0,(anonymous_10)
FNDA:0,(anonymous_11)
FNDA:0,(anonymous_12)
FNDA:0,(anonymous_13)
FNDA:0,(anonymous_14)
FNDA:0,(anonymous_15)
FNDA:0,(anonymous_16)
DA:1,0
DA:2,0
DA:4,0
DA:5,0
DA:6,0
DA:9,0
DA:10,0
DA:11,0
DA:15,0
DA:16,0
DA:17,0
DA:21,0
DA:22,0
DA:23,0
DA:25,0
DA:31,0
DA:32,0
DA:35,0
DA:36,0
DA:37,0
DA:42,0
DA:47,0
DA:51,0
DA:56,0
DA:70,0
DA:74,0
DA:75,0
DA:76,0
DA:78,0
DA:84,0
DA:85,0
DA:88,0
DA:89,0
DA:90,0
DA:95,0
DA:100,0
DA:104,0
DA:109,0
DA:123,0
DA:127,0
DA:128,0
DA:130,0
DA:134,0
DA:135,0
DA:136,0
DA:140,0
DA:141,0
DA:142,0
DA:147,0
DA:148,0
DA:149,0
DA:154,0
DA:155,0
DA:156,0
DA:160,0
LF:55
LH:0
BRDA:6,0,0,0
BRDA:6,0,1,0
BRDA:31,1,0,0
BRDA:31,1,1,0
BRDA:49,2,0,0
BRDA:49,2,1,0
BRDA:53,3,0,0
BRDA:53,3,1,0
BRDA:61,4,0,0
BRDA:61,4,1,0
BRDA:62,5,0,0
BRDA:62,5,1,0
BRDA:63,6,0,0
BRDA:63,6,1,0
BRDA:64,7,0,0
BRDA:64,7,1,0
BRDA:84,8,0,0
BRDA:84,8,1,0
BRDA:102,9,0,0
BRDA:102,9,1,0
BRDA:106,10,0,0
BRDA:106,10,1,0
BRDA:114,11,0,0
BRDA:114,11,1,0
BRDA:115,12,0,0
BRDA:115,12,1,0
BRDA:116,13,0,0
BRDA:116,13,1,0
BRDA:117,14,0,0
BRDA:117,14,1,0
BRDA:127,15,0,0
BRDA:127,15,1,0
BRDA:127,16,0,0
BRDA:127,16,1,0
BRF:34
BRH:0
end_of_record
TN:
SF:src/models/AccessEndpoint.js
FN:8,(anonymous_0)
FN:66,(anonymous_1)
FN:74,(anonymous_2)
FN:86,(anonymous_3)
FN:95,(anonymous_4)
FN:112,(anonymous_5)
FN:133,(anonymous_6)
FN:155,(anonymous_7)
FN:175,(anonymous_8)
FN:187,(anonymous_9)
FN:214,(anonymous_10)
FNF:11
FNH:0
FNDA:0,(anonymous_0)
FNDA:0,(anonymous_1)
FNDA:0,(anonymous_2)
FNDA:0,(anonymous_3)
FNDA:0,(anonymous_4)
FNDA:0,(anonymous_5)
FNDA:0,(anonymous_6)
FNDA:0,(anonymous_7)
FNDA:0,(anonymous_8)
FNDA:0,(anonymous_9)
FNDA:0,(anonymous_10)
DA:1,0
DA:2,0
DA:15,0
DA:17,0
DA:18,0
DA:22,0
DA:23,0
DA:27,0
DA:28,0
DA:29,0
DA:33,0
DA:34,0
DA:36,0
DA:50,0
DA:52,0
DA:60,0
DA:67,0
DA:68,0
DA:75,0
DA:79,0
DA:87,0
DA:89,0
DA:96,0
DA:97,0
DA:98,0
DA:101,0
DA:102,0
DA:103,0
DA:105,0
DA:110,0
DA:112,0
DA:113,0
DA:114,0
DA:115,0
DA:116,0
DA:120,0
DA:121,0
DA:124,0
DA:125,0
DA:127,0
DA:128,0
DA:129,0
DA:132,0
DA:133,0
DA:134,0
DA:135,0
DA:139,0
DA:149,0
DA:156,0
DA:157,0
DA:158,0
DA:161,0
DA:163,0
DA:176,0
DA:177,0
DA:178,0
DA:181,0
DA:182,0
DA:184,0
DA:185,0
DA:187,0
DA:190,0
DA:192,0
DA:200,0
DA:202,0
DA:215,0
DA:222,0
DA:226,0
LF:68
LH:0
BRDA:11,0,0,0
BRDA:11,1,0,0
BRDA:12,2,0,0
BRDA:12,3,0,0
BRDA:12,4,0,0
BRDA:13,5,0,0
BRDA:13,6,0,0
BRDA:14,7,0,0
BRDA:17,8,0,0
BRDA:17,8,1,0
BRDA:17,9,0,0
BRDA:17,9,1,0
BRDA:17,9,2,0
BRDA:22,10,0,0
BRDA:22,10,1,0
BRDA:22,11,0,0
BRDA:22,11,1,0
BRDA:28,12,0,0
BRDA:28,12,1,0
BRDA:33,13,0,0
BRDA:33,13,1,0
BRDA:34,14,0,0
BRDA:34,14,1,0
BRDA:97,15,0,0
BRDA:97,15,1,0
BRDA:113,16,0,0
BRDA:113,16,1,0
BRDA:116,17,0,0
BRDA:116,17,1,0
BRDA:120,18,0,0
BRDA:120,18,1,0
BRDA:134,19,0,0
BRDA:134,19,1,0
BRDA:134,20,0,0
BRDA:134,20,1,0
BRDA:157,21,0,0
BRDA:157,21,1,0
BRDA:177,22,0,0
BRDA:177,22,1,0
BRDA:197,23,0,0
BRDA:197,23,1,0
BRDA:222,24,0,0
BRDA:222,24,1,0
BRF:43
BRH:0
end_of_record
TN:
SF:src/models/AgentSignature.js
FN:3,listAll
FN:10,upsert
FNF:2
FNH:0
FNDA:0,listAll
FNDA:0,upsert
DA:1,1
DA:4,0
DA:7,0
DA:11,0
DA:21,0
DA:24,1
LF:6
LH:2
BRDA:10,0,0,0
BRF:1
BRH:0
end_of_record
TN:
SF:src/models/AggregatedMetric.js
FN:3,upsertMany
FN:10,(anonymous_1)
FN:55,listByPublisher
FNF:3
FNH:0
FNDA:0,upsertMany
FNDA:0,(anonymous_1)
FNDA:0,listByPublisher
DA:1,1
DA:4,0
DA:6,0
DA:7,0
DA:8,0
DA:10,0
DA:11,0
DA:12,0
DA:27,0
DA:52,0
DA:56,0
DA:57,0
DA:59,0
DA:60,0
DA:61,0
DA:63,0
DA:64,0
DA:65,0
DA:67,0
DA:68,0
DA:69,0
DA:72,0
DA:74,0
DA:82,0
DA:85,1
LF:25
LH:2
BRDA:3,0,0,0
BRDA:4,1,0,0
BRDA:4,1,1,0
BRDA:15,2,0,0
BRDA:15,2,1,0
BRDA:17,3,0,0
BRDA:17,3,1,0
BRDA:18,4,0,0
BRDA:18,4,1,0
BRDA:20,5,0,0
BRDA:20,5,1,0
BRDA:21,6,0,0
BRDA:21,6,1,0
BRDA:22,7,0,0
BRDA:22,7,1,0
BRDA:23,8,0,0
BRDA:23,8,1,0
BRDA:55,9,0,0
BRDA:55,10,0,0
BRDA:55,11,0,0
BRDA:59,12,0,0
BRDA:59,12,1,0
BRDA:63,13,0,0
BRDA:63,13,1,0
BRDA:67,14,0,0
BRDA:67,14,1,0
BRF:26
BRH:0
end_of_record
TN:
SF:src/models/Alert.js
FN:3,listByPublisher
FN:14,listEnabled
FN:23,create
FN:33,update
FN:38,(anonymous_4)
FNF:5
FNH:0
FNDA:0,listByPublisher
FNDA:0,listEnabled
FNDA:0,create
FNDA:0,update
FNDA:0,(anonymous_4)
DA:1,1
DA:4,0
DA:11,0
DA:15,0
DA:20,0
DA:24,0
DA:30,0
DA:34,0
DA:35,0
DA:36,0
DA:38,0
DA:39,0
DA:40,0
DA:43,0
DA:44,0
DA:45,0
DA:48,0
DA:49,0
DA:56,0
DA:59,1
LF:20
LH:2
BRDA:23,0,0,0
BRDA:23,1,0,0
BRDA:23,2,0,0
BRDA:33,3,0,0
BRDA:43,4,0,0
BRDA:43,4,1,0
BRDA:45,5,0,0
BRDA:45,5,1,0
BRDA:56,6,0,0
BRDA:56,6,1,0
BRF:10
BRH:0
end_of_record
TN:
SF:src/models/Client.js
FN:3,findById
FN:14,findByApiKeyHash
FN:26,listAll
FNF:3
FNH:0
FNDA:0,findById
FNDA:0,findByApiKeyHash
FNDA:0,listAll
DA:1,0
DA:4,0
DA:11,0
DA:15,0
DA:16,0
DA:23,0
DA:27,0
DA:33,0
DA:36,0
LF:9
LH:0
BRDA:11,0,0,0
BRDA:11,0,1,0
BRDA:15,1,0,0
BRDA:15,1,1,0
BRDA:23,2,0,0
BRDA:23,2,1,0
BRF:6
BRH:0
end_of_record
TN:
SF:src/models/Content.js
FN:8,(anonymous_0)
FN:52,(anonymous_1)
FN:60,(anonymous_2)
FN:68,(anonymous_3)
FN:79,(anonymous_4)
FN:117,(anonymous_5)
FN:132,(anonymous_6)
FN:163,(anonymous_7)
FN:185,(anonymous_8)
FN:205,(anonymous_9)
FN:225,(anonymous_10)
FN:245,(anonymous_11)
FN:296,(anonymous_12)
FN:300,(anonymous_13)
FN:303,(anonymous_14)
FNF:15
FNH:0
FNDA:0,(anonymous_0)
FNDA:0,(anonymous_1)
FNDA:0,(anonymous_2)
FNDA:0,(anonymous_3)
FNDA:0,(anonymous_4)
FNDA:0,(anonymous_5)
FNDA:0,(anonymous_6)
FNDA:0,(anonymous_7)
FNDA:0,(anonymous_8)
FNDA:0,(anonymous_9)
FNDA:0,(anonymous_10)
FNDA:0,(anonymous_11)
FNDA:0,(anonymous_12)
FNDA:0,(anonymous_13)
FNDA:0,(anonymous_14)
DA:1,0
DA:2,0
DA:13,0
DA:15,0
DA:16,0
DA:20,0
DA:22,0
DA:36,0
DA:38,0
DA:46,0
DA:53,0
DA:54,0
DA:61,0
DA:62,0
DA:69,0
DA:73,0
DA:80,0
DA:81,0
DA:82,0
DA:84,0
DA:85,0
DA:86,0
DA:87,0
DA:90,0
DA:91,0
DA:92,0
DA:93,0
DA:96,0
DA:97,0
DA:98,0
DA:99,0
DA:102,0
DA:104,0
DA:105,0
DA:106,0
DA:107,0
DA:110,0
DA:111,0
DA:118,0
DA:119,0
DA:120,0
DA:123,0
DA:124,0
DA:125,0
DA:127,0
DA:132,0
DA:133,0
DA:134,0
DA:135,0
DA:136,0
DA:140,0
DA:141,0
DA:145,0
DA:146,0
DA:149,0
DA:150,0
DA:151,0
DA:154,0
DA:155,0
DA:157,0
DA:158,0
DA:159,0
DA:162,0
DA:163,0
DA:164,0
DA:165,0
DA:169,0
DA:179,0
DA:186,0
DA:187,0
DA:188,0
DA:191,0
DA:193,0
DA:206,0
DA:207,0
DA:208,0
DA:212,0
DA:218,0
DA:219,0
DA:225,0
DA:226,0
DA:235,0
DA:236,0
DA:237,0
DA:238,0
DA:239,0
DA:240,0
DA:241,0
DA:245,0
DA:246,0
DA:252,0
DA:253,0
DA:254,0
DA:255,0
DA:257,0
DA:261,0
DA:262,0
DA:265,0
DA:269,0
DA:281,0
DA:282,0
DA:283,0
DA:285,0
DA:297,0
DA:299,0
DA:300,0
DA:303,0
DA:307,0
LF:108
LH:0
BRDA:11,0,0,0
BRDA:11,1,0,0
BRDA:11,2,0,0
BRDA:12,3,0,0
BRDA:15,4,0,0
BRDA:15,4,1,0
BRDA:15,5,0,0
BRDA:15,5,1,0
BRDA:20,6,0,0
BRDA:20,6,1,0
BRDA:79,7,0,0
BRDA:84,8,0,0
BRDA:84,8,1,0
BRDA:90,9,0,0
BRDA:90,9,1,0
BRDA:96,10,0,0
BRDA:96,10,1,0
BRDA:104,11,0,0
BRDA:104,11,1,0
BRDA:119,12,0,0
BRDA:119,12,1,0
BRDA:133,13,0,0
BRDA:133,13,1,0
BRDA:136,14,0,0
BRDA:136,14,1,0
BRDA:140,15,0,0
BRDA:140,15,1,0
BRDA:149,16,0,0
BRDA:149,16,1,0
BRDA:149,17,0,0
BRDA:149,17,1,0
BRDA:164,18,0,0
BRDA:164,18,1,0
BRDA:164,19,0,0
BRDA:164,19,1,0
BRDA:187,20,0,0
BRDA:187,20,1,0
BRDA:207,21,0,0
BRDA:207,21,1,0
BRDA:218,22,0,0
BRDA:218,22,1,0
BRDA:228,23,0,0
BRDA:228,23,1,0
BRDA:235,24,0,0
BRDA:235,24,1,0
BRDA:236,25,0,0
BRDA:236,25,1,0
BRDA:237,26,0,0
BRDA:237,26,1,0
BRDA:238,27,0,0
BRDA:238,27,1,0
BRDA:240,28,0,0
BRDA:240,28,1,0
BRDA:241,29,0,0
BRDA:241,29,1,0
BRDA:252,30,0,0
BRDA:252,30,1,0
BRDA:253,31,0,0
BRDA:253,31,1,0
BRDA:254,32,0,0
BRDA:254,32,1,0
BRDA:254,33,0,0
BRDA:254,33,1,0
BRDA:255,34,0,0
BRDA:255,34,1,0
BRDA:255,35,0,0
BRDA:255,35,1,0
BRDA:261,36,0,0
BRDA:261,36,1,0
BRDA:261,37,0,0
BRDA:261,37,1,0
BRDA:281,38,0,0
BRDA:281,38,1,0
BRDA:282,39,0,0
BRDA:282,39,1,0
BRDA:283,40,0,0
BRDA:283,40,1,0
BRDA:289,41,0,0
BRDA:289,41,1,0
BRF:79
BRH:0
end_of_record
TN:
SF:src/models/License.js
FN:3,create
FN:17,findById
FN:29,listByPublisher
FN:48,updateStatus
FNF:4
FNH:0
FNDA:0,create
FNDA:0,findById
FNDA:0,listByPublisher
FNDA:0,updateStatus
DA:1,0
DA:4,0
DA:14,0
DA:18,0
DA:26,0
DA:30,0
DA:31,0
DA:32,0
DA:33,0
DA:34,0
DA:37,0
DA:45,0
DA:49,0
DA:56,0
DA:59,0
LF:15
LH:0
BRDA:3,0,0,0
BRDA:3,1,0,0
BRDA:3,2,0,0
BRDA:26,3,0,0
BRDA:26,3,1,0
BRDA:29,4,0,0
BRDA:32,5,0,0
BRDA:32,5,1,0
BRDA:56,6,0,0
BRDA:56,6,1,0
BRF:10
BRH:0
end_of_record
TN:
SF:src/models/LicenseOption.js
FN:8,(anonymous_0)
FN:63,(anonymous_1)
FN:71,(anonymous_2)
FN:79,(anonymous_3)
FN:90,(anonymous_4)
FN:128,(anonymous_5)
FN:158,(anonymous_6)
FN:180,(anonymous_7)
FN:203,(anonymous_8)
FN:233,(anonymous_9)
FN:263,(anonymous_10)
FN:292,(anonymous_11)
FNF:12
FNH:0
FNDA:0,(anonymous_0)
FNDA:0,(anonymous_1)
FNDA:0,(anonymous_2)
FNDA:0,(anonymous_3)
FNDA:0,(anonymous_4)
FNDA:0,(anonymous_5)
FNDA:0,(anonymous_6)
FNDA:0,(anonymous_7)
FNDA:0,(anonymous_8)
FNDA:0,(anonymous_9)
FNDA:0,(anonymous_10)
FNDA:0,(anonymous_11)
DA:1,0
DA:2,0
DA:15,0
DA:18,0
DA:19,0
DA:22,0
DA:25,0
DA:29,0
DA:30,0
DA:33,0
DA:47,0
DA:49,0
DA:57,0
DA:64,0
DA:65,0
DA:72,0
DA:73,0
DA:80,0
DA:84,0
DA:91,0
DA:92,0
DA:93,0
DA:95,0
DA:96,0
DA:97,0
DA:98,0
DA:101,0
DA:102,0
DA:103,0
DA:104,0
DA:107,0
DA:108,0
DA:109,0
DA:110,0
DA:113,0
DA:115,0
DA:116,0
DA:117,0
DA:118,0
DA:121,0
DA:122,0
DA:129,0
DA:130,0
DA:131,0
DA:135,0
DA:136,0
DA:143,0
DA:144,0
DA:148,0
DA:149,0
DA:150,0
DA:152,0
DA:158,0
DA:159,0
DA:160,0
DA:161,0
DA:162,0
DA:166,0
DA:167,0
DA:170,0
DA:171,0
DA:172,0
DA:174,0
DA:175,0
DA:176,0
DA:179,0
DA:180,0
DA:181,0
DA:182,0
DA:186,0
DA:196,0
DA:204,0
DA:205,0
DA:206,0
DA:211,0
DA:214,0
DA:215,0
DA:216,0
DA:219,0
DA:221,0
DA:234,0
DA:235,0
DA:236,0
DA:239,0
DA:257,0
DA:264,0
DA:267,0
DA:268,0
DA:272,0
DA:273,0
DA:277,0
DA:278,0
DA:282,0
DA:283,0
DA:286,0
DA:293,0
DA:300,0
DA:304,0
LF:98
LH:0
BRDA:11,0,0,0
BRDA:11,1,0,0
BRDA:12,2,0,0
BRDA:13,3,0,0
BRDA:14,4,0,0
BRDA:14,5,0,0
BRDA:14,6,0,0
BRDA:18,7,0,0
BRDA:18,7,1,0
BRDA:18,8,0,0
BRDA:18,8,1,0
BRDA:22,9,0,0
BRDA:22,9,1,0
BRDA:29,10,0,0
BRDA:29,10,1,0
BRDA:90,11,0,0
BRDA:95,12,0,0
BRDA:95,12,1,0
BRDA:101,13,0,0
BRDA:101,13,1,0
BRDA:107,14,0,0
BRDA:107,14,1,0
BRDA:115,15,0,0
BRDA:115,15,1,0
BRDA:130,16,0,0
BRDA:130,16,1,0
BRDA:135,17,0,0
BRDA:135,17,1,0
BRDA:138,18,0,0
BRDA:138,18,1,0
BRDA:139,19,0,0
BRDA:139,19,1,0
BRDA:140,20,0,0
BRDA:140,20,1,0
BRDA:143,21,0,0
BRDA:143,21,1,0
BRDA:159,22,0,0
BRDA:159,22,1,0
BRDA:162,23,0,0
BRDA:162,23,1,0
BRDA:166,24,0,0
BRDA:166,24,1,0
BRDA:181,25,0,0
BRDA:181,25,1,0
BRDA:181,26,0,0
BRDA:181,26,1,0
BRDA:205,27,0,0
BRDA:205,27,1,0
BRDA:211,28,0,0
BRDA:211,28,1,0
BRDA:211,28,2,0
BRDA:214,29,0,0
BRDA:214,29,1,0
BRDA:235,30,0,0
BRDA:235,30,1,0
BRDA:240,31,0,0
BRDA:240,31,1,0
BRDA:241,32,0,0
BRDA:241,32,1,0
BRDA:243,33,0,0
BRDA:243,33,1,0
BRDA:243,34,0,0
BRDA:243,34,1,0
BRDA:244,35,0,0
BRDA:244,35,1,0
BRDA:245,36,0,0
BRDA:245,36,1,0
BRDA:246,37,0,0
BRDA:246,37,1,0
BRDA:247,38,0,0
BRDA:247,38,1,0
BRDA:248,39,0,0
BRDA:248,39,1,0
BRDA:249,40,0,0
BRDA:249,40,1,0
BRDA:250,41,0,0
BRDA:250,41,1,0
BRDA:251,42,0,0
BRDA:251,42,1,0
BRDA:252,43,0,0
BRDA:252,43,1,0
BRDA:253,44,0,0
BRDA:253,44,1,0
BRDA:254,45,0,0
BRDA:254,45,1,0
BRDA:267,46,0,0
BRDA:267,46,1,0
BRDA:267,47,0,0
BRDA:267,47,1,0
BRDA:272,48,0,0
BRDA:272,48,1,0
BRDA:277,49,0,0
BRDA:277,49,1,0
BRDA:277,50,0,0
BRDA:277,50,1,0
BRDA:282,51,0,0
BRDA:282,51,1,0
BRDA:282,52,0,0
BRDA:282,52,1,0
BRDA:300,53,0,0
BRDA:300,53,1,0
BRF:101
BRH:0
end_of_record
TN:
SF:src/models/LogSource.js
FN:3,listByPublisher
FN:14,create
FN:24,updateStatus
FN:35,touchLastIngested
FNF:4
FNH:0
FNDA:0,listByPublisher
FNDA:0,create
FNDA:0,updateStatus
FNDA:0,touchLastIngested
DA:1,1
DA:4,0
DA:11,0
DA:15,0
DA:21,0
DA:25,0
DA:32,0
DA:36,0
DA:44,1
LF:9
LH:2
BRDA:14,0,0,0
BRDA:14,1,0,0
BRDA:14,2,0,0
BRDA:32,3,0,0
BRDA:32,3,1,0
BRF:5
BRH:0
end_of_record
TN:
SF:src/models/PageLog.js
FN:3,toTimestamp
FN:7,insertBatch
FN:31,(anonymous_2)
FN:32,(anonymous_3)
FN:61,aggregateWindow
FN:82,(anonymous_5)
FN:88,fetchTopAgents
FN:106,fetchTopCountries
FN:124,deleteOlderThan
FNF:9
FNH:0
FNDA:0,toTimestamp
FNDA:0,insertBatch
FNDA:0,(anonymous_2)
FNDA:0,(anonymous_3)
FNDA:0,aggregateWindow
FNDA:0,(anonymous_5)
FNDA:0,fetchTopAgents
FNDA:0,fetchTopCountries
FNDA:0,deleteOlderThan
DA:1,1
DA:4,0
DA:8,0
DA:10,0
DA:27,0
DA:28,0
DA:29,0
DA:31,0
DA:32,0
DA:33,0
DA:51,0
DA:58,0
DA:62,0
DA:64,0
DA:82,0
DA:89,0
DA:103,0
DA:107,0
DA:121,0
DA:125,0
DA:132,1
LF:21
LH:2
BRDA:4,0,0,0
BRDA:4,0,1,0
BRDA:7,1,0,0
BRDA:8,2,0,0
BRDA:8,2,1,0
BRDA:36,3,0,0
BRDA:36,3,1,0
BRDA:37,4,0,0
BRDA:37,4,1,0
BRDA:38,5,0,0
BRDA:38,5,1,0
BRDA:39,6,0,0
BRDA:39,6,1,0
BRDA:40,7,0,0
BRDA:40,7,1,0
BRDA:41,8,0,0
BRDA:41,8,1,0
BRDA:42,9,0,0
BRDA:42,9,1,0
BRDA:43,10,0,0
BRDA:43,10,1,0
BRDA:44,11,0,0
BRDA:44,11,1,0
BRDA:45,12,0,0
BRDA:45,12,1,0
BRDA:46,13,0,0
BRDA:46,13,1,0
BRDA:47,14,0,0
BRDA:47,14,1,0
BRDA:61,15,0,0
BRDA:62,16,0,0
BRDA:62,16,1,0
BRDA:88,17,0,0
BRDA:106,18,0,0
BRF:34
BRH:0
end_of_record
TN:
SF:src/models/Plan.js
FN:3,listAll
FN:10,findById
FNF:2
FNH:0
FNDA:0,listAll
FNDA:0,findById
DA:1,0
DA:4,0
DA:7,0
DA:11,0
DA:12,0
DA:15,0
LF:6
LH:0
BRDA:12,0,0,0
BRDA:12,0,1,0
BRF:2
BRH:0
end_of_record
TN:
SF:src/models/Publisher.js
FN:6,hashApiKey
FN:10,findById
FN:21,findByHostname
FN:32,findByApiKey
FN:45,listAll
FN:55,rotateApiKey
FNF:6
FNH:0
FNDA:0,hashApiKey
FNDA:0,findById
FNDA:0,findByHostname
FNDA:0,findByApiKey
FNDA:0,listAll
FNDA:0,rotateApiKey
DA:1,1
DA:2,1
DA:4,1
DA:7,0
DA:11,0
DA:18,0
DA:22,0
DA:29,0
DA:33,0
DA:34,0
DA:35,0
DA:42,0
DA:46,0
DA:52,0
DA:56,0
DA:57,0
DA:64,0
DA:67,1
LF:18
LH:4
BRDA:18,0,0,0
BRDA:18,0,1,0
BRDA:29,1,0,0
BRDA:29,1,1,0
BRDA:33,2,0,0
BRDA:33,2,1,0
BRDA:42,3,0,0
BRDA:42,3,1,0
BRF:8
BRH:0
end_of_record
TN:
SF:src/models/Token.js
FN:4,hashToken
FN:9,storeIssuedToken
FN:31,markRevoked
FN:40,findByHash
FN:49,listActiveByLicense
FNF:5
FNH:0
FNDA:0,hashToken
FNDA:0,storeIssuedToken
FNDA:0,markRevoked
FNDA:0,findByHash
FNDA:0,listActiveByLicense
DA:1,0
DA:2,0
DA:5,0
DA:6,0
DA:19,0
DA:21,0
DA:22,0
DA:28,0
DA:32,0
DA:41,0
DA:46,0
DA:50,0
DA:59,0
DA:62,0
LF:14
LH:0
BRDA:5,0,0,0
BRDA:5,0,1,0
BRDA:14,1,0,0
BRDA:16,2,0,0
BRDA:21,3,0,0
BRDA:21,3,1,0
BRDA:46,4,0,0
BRDA:46,4,1,0
BRF:8
BRH:0
end_of_record
TN:
SF:src/routes/access.js
FN:9,(anonymous_0)
FN:50,(anonymous_1)
FN:82,(anonymous_2)
FN:117,(anonymous_3)
FN:133,(anonymous_4)
FN:153,(anonymous_5)
FN:169,(anonymous_6)
FN:186,(anonymous_7)
FN:203,(anonymous_8)
FNF:9
FNH:0
FNDA:0,(anonymous_0)
FNDA:0,(anonymous_1)
FNDA:0,(anonymous_2)
FNDA:0,(anonymous_3)
FNDA:0,(anonymous_4)
FNDA:0,(anonymous_5)
FNDA:0,(anonymous_6)
FNDA:0,(anonymous_7)
FNDA:0,(anonymous_8)
DA:1,0
DA:2,0
DA:3,0
DA:9,0
DA:10,0
DA:11,0
DA:39,0
DA:41,0
DA:42,0
DA:50,0
DA:51,0
DA:52,0
DA:54,0
DA:56,0
DA:57,0
DA:63,0
DA:64,0
DA:71,0
DA:73,0
DA:74,0
DA:82,0
DA:83,0
DA:84,0
DA:86,0
DA:87,0
DA:90,0
DA:91,0
DA:99,0
DA:103,0
DA:108,0
DA:109,0
DA:117,0
DA:118,0
DA:119,0
DA:120,0
DA:122,0
DA:124,0
DA:125,0
DA:133,0
DA:134,0
DA:135,0
DA:136,0
DA:138,0
DA:139,0
DA:142,0
DA:144,0
DA:145,0
DA:153,0
DA:154,0
DA:155,0
DA:156,0
DA:158,0
DA:160,0
DA:161,0
DA:169,0
DA:170,0
DA:171,0
DA:172,0
DA:173,0
DA:175,0
DA:177,0
DA:178,0
DA:186,0
DA:187,0
DA:188,0
DA:189,0
DA:190,0
DA:192,0
DA:194,0
DA:195,0
DA:203,0
DA:204,0
DA:205,0
DA:206,0
DA:208,0
DA:210,0
DA:211,0
DA:215,0
LF:78
LH:0
BRDA:54,0,0,0
BRDA:54,0,1,0
BRDA:56,1,0,0
BRDA:56,1,1,0
BRDA:86,2,0,0
BRDA:86,2,1,0
BRDA:99,3,0,0
BRDA:99,3,1,0
BRDA:138,4,0,0
BRDA:138,4,1,0
BRDA:155,5,0,0
BRDA:155,5,1,0
BRDA:172,6,0,0
BRDA:172,6,1,0
BRDA:189,7,0,0
BRDA:189,7,1,0
BRF:16
BRH:0
end_of_record
TN:
SF:src/routes/admin.js
FN:10,(anonymous_0)
FN:27,(anonymous_1)
FN:50,(anonymous_2)
FN:64,(anonymous_3)
FN:87,(anonymous_4)
FN:101,(anonymous_5)
FN:122,(anonymous_6)
FN:144,(anonymous_7)
FN:191,(anonymous_8)
FN:218,(anonymous_9)
FNF:10
FNH:0
FNDA:0,(anonymous_0)
FNDA:0,(anonymous_1)
FNDA:0,(anonymous_2)
FNDA:0,(anonymous_3)
FNDA:0,(anonymous_4)
FNDA:0,(anonymous_5)
FNDA:0,(anonymous_6)
FNDA:0,(anonymous_7)
FNDA:0,(anonymous_8)
FNDA:0,(anonymous_9)
DA:1,0
DA:2,0
DA:3,0
DA:4,0
DA:5,0
DA:7,0
DA:10,0
DA:11,0
DA:12,0
DA:19,0
DA:21,0
DA:22,0
DA:27,0
DA:28,0
DA:29,0
DA:31,0
DA:32,0
DA:35,0
DA:42,0
DA:44,0
DA:45,0
DA:50,0
DA:51,0
DA:52,0
DA:56,0
DA:58,0
DA:59,0
DA:64,0
DA:65,0
DA:66,0
DA:68,0
DA:69,0
DA:72,0
DA:79,0
DA:81,0
DA:82,0
DA:87,0
DA:88,0
DA:89,0
DA:93,0
DA:95,0
DA:96,0
DA:101,0
DA:102,0
DA:103,0
DA:106,0
DA:112,0
DA:114,0
DA:116,0
DA:117,0
DA:122,0
DA:123,0
DA:124,0
DA:126,0
DA:136,0
DA:138,0
DA:139,0
DA:144,0
DA:145,0
DA:146,0
DA:149,0
DA:151,0
DA:152,0
DA:159,0
DA:162,0
DA:164,0
DA:167,0
DA:168,0
DA:169,0
DA:171,0
DA:181,0
DA:182,0
DA:191,0
DA:192,0
DA:193,0
DA:194,0
DA:195,0
DA:196,0
DA:198,0
DA:209,0
DA:218,0
DA:219,0
DA:220,0
DA:223,0
DA:429,0
DA:432,0
DA:433,0
DA:434,0
DA:435,0
DA:436,0
DA:437,0
DA:438,0
DA:439,0
DA:441,0
DA:443,0
DA:458,0
DA:459,0
DA:467,0
LF:98
LH:0
BRDA:31,0,0,0
BRDA:31,0,1,0
BRDA:31,1,0,0
BRDA:31,1,1,0
BRDA:68,2,0,0
BRDA:68,2,1,0
BRDA:68,3,0,0
BRDA:68,3,1,0
BRDA:76,4,0,0
BRDA:76,4,1,0
BRDA:76,5,0,0
BRDA:76,5,1,0
BRDA:76,6,0,0
BRDA:76,6,1,0
BRDA:124,7,0,0
BRDA:151,8,0,0
BRDA:151,8,1,0
BRF:17
BRH:0
end_of_record
TN:
SF:src/routes/audit.js
FN:9,(anonymous_0)
FN:34,(anonymous_1)
FN:59,(anonymous_2)
FNF:3
FNH:0
FNDA:0,(anonymous_0)
FNDA:0,(anonymous_1)
FNDA:0,(anonymous_2)
DA:1,0
DA:2,0
DA:3,0
DA:9,0
DA:10,0
DA:11,0
DA:12,0
DA:14,0
DA:15,0
DA:16,0
DA:17,0
DA:18,0
DA:19,0
DA:21,0
DA:23,0
DA:25,0
DA:26,0
DA:34,0
DA:35,0
DA:36,0
DA:38,0
DA:39,0
DA:40,0
DA:41,0
DA:42,0
DA:43,0
DA:44,0
DA:46,0
DA:48,0
DA:50,0
DA:51,0
DA:59,0
DA:60,0
DA:61,0
DA:62,0
DA:64,0
DA:65,0
DA:66,0
DA:68,0
DA:69,0
DA:73,0
LF:41
LH:0
BRDA:15,0,0,0
BRDA:15,0,1,0
BRDA:16,1,0,0
BRDA:16,1,1,0
BRDA:17,2,0,0
BRDA:17,2,1,0
BRDA:18,3,0,0
BRDA:18,3,1,0
BRDA:19,4,0,0
BRDA:19,4,1,0
BRDA:39,5,0,0
BRDA:39,5,1,0
BRDA:40,6,0,0
BRDA:40,6,1,0
BRDA:41,7,0,0
BRDA:41,7,1,0
BRDA:42,8,0,0
BRDA:42,8,1,0
BRDA:43,9,0,0
BRDA:43,9,1,0
BRDA:44,10,0,0
BRDA:44,10,1,0
BRF:22
BRH:0
end_of_record
TN:
SF:src/routes/auth.js
FN:11,(anonymous_0)
FN:28,(anonymous_1)
FN:154,(anonymous_2)
FN:250,(anonymous_3)
FN:300,checkPolicy
FNF:5
FNH:0
FNDA:0,(anonymous_0)
FNDA:0,(anonymous_1)
FNDA:0,(anonymous_2)
FNDA:0,(anonymous_3)
FNDA:0,checkPolicy
DA:1,0
DA:2,0
DA:3,0
DA:4,0
DA:5,0
DA:6,0
DA:8,0
DA:11,0
DA:12,0
DA:13,0
DA:16,0
DA:18,0
DA:19,0
DA:23,0
DA:24,0
DA:25,0
DA:28,0
DA:29,0
DA:31,0
DA:32,0
DA:37,0
DA:38,0
DA:39,0
DA:41,0
DA:45,0
DA:50,0
DA:53,0
DA:154,0
DA:155,0
DA:156,0
DA:158,0
DA:159,0
DA:164,0
DA:165,0
DA:166,0
DA:168,0
DA:172,0
DA:182,0
DA:183,0
DA:186,0
DA:187,0
DA:190,0
DA:192,0
DA:193,0
DA:200,0
DA:201,0
DA:202,0
DA:203,0
DA:205,0
DA:218,0
DA:221,0
DA:224,0
DA:234,0
DA:244,0
DA:245,0
DA:250,0
DA:251,0
DA:252,0
DA:254,0
DA:255,0
DA:260,0
DA:261,0
DA:266,0
DA:273,0
DA:274,0
DA:275,0
DA:279,0
DA:280,0
DA:284,0
DA:294,0
DA:295,0
DA:302,0
DA:310,0
DA:311,0
DA:312,0
DA:313,0
DA:315,0
DA:316,0
DA:317,0
DA:318,0
DA:319,0
DA:320,0
DA:321,0
DA:326,0
DA:329,0
LF:85
LH:0
BRDA:23,0,0,0
BRDA:23,0,1,0
BRDA:24,1,0,0
BRDA:24,1,1,0
BRDA:25,2,0,0
BRDA:25,2,1,0
BRDA:31,3,0,0
BRDA:31,3,1,0
BRDA:50,4,0,0
BRDA:50,4,1,0
BRDA:110,5,0,0
BRDA:110,5,1,0
BRDA:112,6,0,0
BRDA:112,6,1,0
BRDA:129,7,0,0
BRDA:129,7,1,0
BRDA:136,8,0,0
BRDA:136,8,1,0
BRDA:156,9,0,0
BRDA:156,10,0,0
BRDA:158,11,0,0
BRDA:158,11,1,0
BRDA:182,12,0,0
BRDA:182,12,1,0
BRDA:187,13,0,0
BRDA:187,13,1,0
BRDA:192,14,0,0
BRDA:192,14,1,0
BRDA:202,15,0,0
BRDA:202,15,1,0
BRDA:208,16,0,0
BRDA:208,16,1,0
BRDA:240,17,0,0
BRDA:240,17,1,0
BRDA:254,18,0,0
BRDA:254,18,1,0
BRDA:268,19,0,0
BRDA:268,19,1,0
BRDA:274,20,0,0
BRDA:274,20,1,0
BRDA:279,21,0,0
BRDA:279,21,1,0
BRDA:279,22,0,0
BRDA:279,22,1,0
BRDA:303,23,0,0
BRDA:303,23,1,0
BRDA:310,24,0,0
BRDA:310,24,1,0
BRDA:310,25,0,0
BRDA:310,25,1,0
BRDA:312,26,0,0
BRDA:312,26,1,0
BRDA:313,27,0,0
BRDA:313,27,1,0
BRDA:315,28,0,0
BRDA:315,28,1,0
BRDA:315,29,0,0
BRDA:315,29,1,0
BRDA:317,30,0,0
BRDA:317,30,1,0
BRDA:318,31,0,0
BRDA:318,31,1,0
BRDA:319,32,0,0
BRDA:319,32,1,0
BRF:64
BRH:0
end_of_record
TN:
SF:src/routes/content.js
FN:9,(anonymous_0)
FN:36,(anonymous_1)
FN:56,(anonymous_2)
FN:76,(anonymous_3)
FN:92,(anonymous_4)
FN:109,(anonymous_5)
FN:126,(anonymous_6)
FN:163,(anonymous_7)
FN:332,(anonymous_8)
FNF:9
FNH:0
FNDA:0,(anonymous_0)
FNDA:0,(anonymous_1)
FNDA:0,(anonymous_2)
FNDA:0,(anonymous_3)
FNDA:0,(anonymous_4)
FNDA:0,(anonymous_5)
FNDA:0,(anonymous_6)
FNDA:0,(anonymous_7)
FNDA:0,(anonymous_8)
DA:1,0
DA:2,0
DA:3,0
DA:9,0
DA:10,0
DA:11,0
DA:13,0
DA:14,0
DA:17,0
DA:18,0
DA:19,0
DA:20,0
DA:21,0
DA:23,0
DA:25,0
DA:27,0
DA:28,0
DA:36,0
DA:37,0
DA:38,0
DA:39,0
DA:41,0
DA:42,0
DA:45,0
DA:47,0
DA:48,0
DA:56,0
DA:57,0
DA:58,0
DA:59,0
DA:61,0
DA:62,0
DA:65,0
DA:67,0
DA:68,0
DA:76,0
DA:77,0
DA:78,0
DA:79,0
DA:81,0
DA:83,0
DA:84,0
DA:92,0
DA:93,0
DA:94,0
DA:95,0
DA:96,0
DA:98,0
DA:100,0
DA:101,0
DA:109,0
DA:110,0
DA:111,0
DA:112,0
DA:113,0
DA:115,0
DA:117,0
DA:118,0
DA:126,0
DA:127,0
DA:128,0
DA:130,0
DA:131,0
DA:134,0
DA:135,0
DA:148,0
DA:149,0
DA:152,0
DA:154,0
DA:155,0
DA:163,0
DA:164,0
DA:165,0
DA:166,0
DA:168,0
DA:169,0
DA:173,0
DA:174,0
DA:182,0
DA:183,0
DA:184,0
DA:187,0
DA:195,0
DA:196,0
DA:200,0
DA:201,0
DA:202,0
DA:205,0
DA:210,0
DA:211,0
DA:214,0
DA:217,0
DA:222,0
DA:224,0
DA:247,0
DA:251,0
DA:254,0
DA:259,0
DA:300,0
DA:305,0
DA:306,0
DA:316,0
DA:323,0
DA:324,0
DA:332,0
DA:333,0
DA:334,0
DA:335,0
DA:337,0
DA:344,0
DA:345,0
DA:349,0
LF:112
LH:0
BRDA:13,0,0,0
BRDA:13,0,1,0
BRDA:18,1,0,0
BRDA:18,1,1,0
BRDA:19,2,0,0
BRDA:19,2,1,0
BRDA:20,3,0,0
BRDA:20,3,1,0
BRDA:21,4,0,0
BRDA:21,4,1,0
BRDA:41,5,0,0
BRDA:41,5,1,0
BRDA:61,6,0,0
BRDA:61,6,1,0
BRDA:78,7,0,0
BRDA:78,7,1,0
BRDA:95,8,0,0
BRDA:95,8,1,0
BRDA:112,9,0,0
BRDA:112,9,1,0
BRDA:130,10,0,0
BRDA:130,10,1,0
BRDA:130,11,0,0
BRDA:130,11,1,0
BRDA:148,12,0,0
BRDA:148,12,1,0
BRDA:166,13,0,0
BRDA:166,13,1,0
BRDA:168,14,0,0
BRDA:168,14,1,0
BRDA:168,15,0,0
BRDA:168,15,1,0
BRDA:182,16,0,0
BRDA:182,16,1,0
BRDA:190,17,0,0
BRDA:190,17,1,0
BRDA:191,18,0,0
BRDA:191,18,1,0
BRDA:201,19,0,0
BRDA:201,19,1,0
BRDA:210,20,0,0
BRDA:210,20,1,0
BRDA:222,21,0,0
BRDA:222,21,1,0
BRDA:233,22,0,0
BRDA:233,22,1,0
BRDA:251,23,0,0
BRDA:251,23,1,0
BRDA:254,24,0,0
BRDA:254,24,1,0
BRDA:296,25,0,0
BRDA:296,25,1,0
BRDA:297,26,0,0
BRDA:297,26,1,0
BRDA:320,27,0,0
BRDA:320,27,1,0
BRF:56
BRH:0
end_of_record
TN:
SF:src/routes/domain-crawler.js
FN:13,getRobotsTxtSitemaps
FN:44,getSitemapUrls
FN:93,(anonymous_2)
FNF:3
FNH:0
FNDA:0,getRobotsTxtSitemaps
FNDA:0,getSitemapUrls
FNDA:0,(anonymous_2)
DA:1,0
DA:2,0
DA:3,0
DA:4,0
DA:5,0
DA:6,0
DA:8,0
DA:14,0
DA:15,0
DA:16,0
DA:17,0
DA:18,0
DA:21,0
DA:22,0
DA:25,0
DA:26,0
DA:29,0
DA:30,0
DA:32,0
DA:34,0
DA:45,0
DA:46,0
DA:47,0
DA:53,0
DA:55,0
DA:56,0
DA:59,0
DA:60,0
DA:61,0
DA:63,0
DA:64,0
DA:65,0
DA:70,0
DA:71,0
DA:72,0
DA:73,0
DA:74,0
DA:75,0
DA:80,0
DA:82,0
DA:83,0
DA:93,0
DA:94,0
DA:96,0
DA:97,0
DA:103,0
DA:104,0
DA:107,0
DA:114,0
DA:115,0
DA:117,0
DA:120,0
DA:121,0
DA:122,0
DA:124,0
DA:125,0
DA:129,0
DA:131,0
DA:132,0
DA:140,0
DA:141,0
DA:143,0
DA:144,0
DA:146,0
DA:147,0
DA:150,0
DA:155,0
DA:156,0
DA:157,0
DA:161,0
DA:175,0
DA:177,0
DA:181,0
DA:183,0
DA:194,0
DA:195,0
DA:203,0
LF:77
LH:0
BRDA:44,0,0,0
BRDA:59,1,0,0
BRDA:59,1,1,0
BRDA:61,2,0,0
BRDA:61,2,1,0
BRDA:63,3,0,0
BRDA:63,3,1,0
BRDA:63,4,0,0
BRDA:63,4,1,0
BRDA:70,5,0,0
BRDA:70,5,1,0
BRDA:70,6,0,0
BRDA:70,6,1,0
BRDA:74,7,0,0
BRDA:74,7,1,0
BRDA:74,8,0,0
BRDA:74,8,1,0
BRDA:94,9,0,0
BRDA:96,10,0,0
BRDA:96,10,1,0
BRDA:96,11,0,0
BRDA:96,11,1,0
BRDA:124,12,0,0
BRDA:124,12,1,0
BRDA:131,13,0,0
BRDA:131,13,1,0
BRDA:155,14,0,0
BRDA:155,14,1,0
BRF:28
BRH:0
end_of_record
TN:
SF:src/routes/grounding.js
FN:24,(anonymous_0)
FN:304,(anonymous_1)
FNF:2
FNH:0
FNDA:0,(anonymous_0)
FNDA:0,(anonymous_1)
DA:1,0
DA:2,0
DA:3,0
DA:4,0
DA:6,0
DA:24,0
DA:25,0
DA:27,0
DA:35,0
DA:38,0
DA:39,0
DA:45,0
DA:46,0
DA:52,0
DA:53,0
DA:60,0
DA:65,0
DA:66,0
DA:72,0
DA:75,0
DA:80,0
DA:81,0
DA:87,0
DA:90,0
DA:91,0
DA:92,0
DA:95,0
DA:106,0
DA:107,0
DA:108,0
DA:115,0
DA:116,0
DA:117,0
DA:124,0
DA:129,0
DA:130,0
DA:132,0
DA:134,0
DA:135,0
DA:142,0
DA:143,0
DA:147,0
DA:153,0
DA:154,0
DA:158,0
DA:159,0
DA:160,0
DA:164,0
DA:165,0
DA:167,0
DA:168,0
DA:169,0
DA:170,0
DA:171,0
DA:172,0
DA:173,0
DA:174,0
DA:176,0
DA:177,0
DA:182,0
DA:190,0
DA:204,0
DA:205,0
DA:206,0
DA:207,0
DA:208,0
DA:209,0
DA:214,0
DA:216,0
DA:237,0
DA:238,0
DA:239,0
DA:241,0
DA:257,0
DA:261,0
DA:264,0
DA:265,0
DA:304,0
DA:305,0
DA:307,0
DA:314,0
DA:317,0
DA:318,0
DA:326,0
DA:327,0
DA:329,0
DA:335,0
DA:339,0
DA:340,0
DA:355,0
DA:356,0
DA:364,0
DA:374,0
DA:375,0
DA:382,0
DA:383,0
DA:384,0
DA:388,0
DA:391,0
DA:396,0
DA:399,0
DA:409,0
DA:410,0
DA:411,0
DA:415,0
DA:427,0
DA:428,0
DA:429,0
DA:430,0
DA:431,0
DA:432,0
DA:437,0
DA:440,0
DA:441,0
DA:444,0
DA:445,0
DA:446,0
DA:448,0
DA:449,0
DA:452,0
DA:453,0
DA:456,0
DA:458,0
DA:461,0
DA:465,0
DA:466,0
DA:468,0
DA:469,0
DA:470,0
DA:471,0
DA:475,0
DA:478,0
DA:486,0
DA:487,0
DA:489,0
DA:514,0
DA:515,0
DA:516,0
DA:519,0
DA:525,0
DA:526,0
DA:528,0
DA:543,0
DA:550,0
DA:551,0
DA:561,0
DA:564,0
DA:565,0
DA:566,0
DA:569,0
DA:576,0
DA:583,0
DA:625,0
DA:629,0
DA:640,0
DA:641,0
DA:649,0
LF:157
LH:0
BRDA:6,0,0,0
BRDA:6,0,1,0
BRDA:32,1,0,0
BRDA:33,2,0,0
BRDA:34,3,0,0
BRDA:38,4,0,0
BRDA:38,4,1,0
BRDA:38,5,0,0
BRDA:38,5,1,0
BRDA:45,6,0,0
BRDA:45,6,1,0
BRDA:52,7,0,0
BRDA:52,7,1,0
BRDA:65,8,0,0
BRDA:65,8,1,0
BRDA:80,9,0,0
BRDA:80,9,1,0
BRDA:90,10,0,0
BRDA:90,10,1,0
BRDA:91,11,0,0
BRDA:91,11,1,0
BRDA:92,12,0,0
BRDA:92,12,1,0
BRDA:106,13,0,0
BRDA:106,13,1,0
BRDA:115,14,0,0
BRDA:115,14,1,0
BRDA:134,15,0,0
BRDA:134,15,1,0
BRDA:142,16,0,0
BRDA:142,16,1,0
BRDA:153,17,0,0
BRDA:153,17,1,0
BRDA:159,18,0,0
BRDA:159,18,1,0
BRDA:167,19,0,0
BRDA:167,19,1,0
BRDA:167,20,0,0
BRDA:167,20,1,0
BRDA:168,21,0,0
BRDA:168,21,1,0
BRDA:169,22,0,0
BRDA:169,22,1,0
BRDA:170,23,0,0
BRDA:170,23,1,0
BRDA:171,24,0,0
BRDA:171,24,1,0
BRDA:171,25,0,0
BRDA:171,25,1,0
BRDA:173,26,0,0
BRDA:173,26,1,0
BRDA:174,27,0,0
BRDA:174,27,1,0
BRDA:174,28,0,0
BRDA:174,28,1,0
BRDA:177,29,0,0
BRDA:177,29,1,0
BRDA:192,30,0,0
BRDA:192,30,1,0
BRDA:194,31,0,0
BRDA:194,31,1,0
BRDA:204,32,0,0
BRDA:204,32,1,0
BRDA:204,33,0,0
BRDA:204,33,1,0
BRDA:206,34,0,0
BRDA:206,34,1,0
BRDA:230,35,0,0
BRDA:230,35,1,0
BRDA:231,36,0,0
BRDA:231,36,1,0
BRDA:237,37,0,0
BRDA:237,37,1,0
BRDA:310,38,0,0
BRDA:311,39,0,0
BRDA:312,40,0,0
BRDA:313,41,0,0
BRDA:317,42,0,0
BRDA:317,42,1,0
BRDA:317,43,0,0
BRDA:317,43,1,0
BRDA:359,44,0,0
BRDA:359,44,1,0
BRDA:374,45,0,0
BRDA:374,45,1,0
BRDA:382,46,0,0
BRDA:382,46,1,0
BRDA:409,47,0,0
BRDA:409,47,1,0
BRDA:427,48,0,0
BRDA:427,48,1,0
BRDA:440,49,0,0
BRDA:440,49,1,0
BRDA:440,50,0,0
BRDA:440,50,1,0
BRDA:440,50,2,0
BRDA:444,51,0,0
BRDA:444,51,1,0
BRDA:445,52,0,0
BRDA:445,52,1,0
BRDA:452,53,0,0
BRDA:452,53,1,0
BRDA:453,54,0,0
BRDA:453,54,1,0
BRDA:456,55,0,0
BRDA:456,55,1,0
BRDA:461,56,0,0
BRDA:461,56,1,0
BRDA:461,56,2,0
BRDA:465,57,0,0
BRDA:465,57,1,0
BRDA:469,58,0,0
BRDA:469,58,1,0
BRDA:475,59,0,0
BRDA:475,59,1,0
BRDA:486,60,0,0
BRDA:486,60,1,0
BRDA:487,61,0,0
BRDA:487,61,1,0
BRDA:497,62,0,0
BRDA:497,62,1,0
BRDA:506,63,0,0
BRDA:506,63,1,0
BRDA:507,64,0,0
BRDA:507,64,1,0
BRDA:508,65,0,0
BRDA:508,65,1,0
BRDA:509,66,0,0
BRDA:509,66,1,0
BRDA:510,67,0,0
BRDA:510,67,1,0
BRDA:514,68,0,0
BRDA:514,68,1,0
BRDA:526,69,0,0
BRDA:526,69,1,0
BRDA:550,70,0,0
BRDA:550,70,1,0
BRDA:550,71,0,0
BRDA:550,71,1,0
BRDA:565,72,0,0
BRDA:565,72,1,0
BRDA:566,73,0,0
BRDA:566,73,1,0
BRDA:570,74,0,0
BRDA:570,74,1,0
BRDA:584,75,0,0
BRDA:584,75,1,0
BRDA:588,76,0,0
BRDA:588,76,1,0
BRF:149
BRH:0
end_of_record
TN:
SF:src/routes/licenses.js
FN:9,(anonymous_0)
FN:43,(anonymous_1)
FN:89,(anonymous_2)
FN:118,(anonymous_3)
FN:138,(anonymous_4)
FN:154,(anonymous_5)
FN:195,(anonymous_6)
FN:212,(anonymous_7)
FN:232,(anonymous_8)
FN:249,(anonymous_9)
FNF:10
FNH:0
FNDA:0,(anonymous_0)
FNDA:0,(anonymous_1)
FNDA:0,(anonymous_2)
FNDA:0,(anonymous_3)
FNDA:0,(anonymous_4)
FNDA:0,(anonymous_5)
FNDA:0,(anonymous_6)
FNDA:0,(anonymous_7)
FNDA:0,(anonymous_8)
FNDA:0,(anonymous_9)
DA:1,0
DA:2,0
DA:3,0
DA:9,0
DA:10,0
DA:11,0
DA:13,0
DA:14,0
DA:17,0
DA:18,0
DA:28,0
DA:34,0
DA:35,0
DA:43,0
DA:44,0
DA:45,0
DA:78,0
DA:80,0
DA:81,0
DA:89,0
DA:90,0
DA:91,0
DA:93,0
DA:95,0
DA:96,0
DA:99,0
DA:100,0
DA:101,0
DA:102,0
DA:103,0
DA:105,0
DA:107,0
DA:109,0
DA:110,0
DA:118,0
DA:119,0
DA:120,0
DA:121,0
DA:123,0
DA:124,0
DA:127,0
DA:129,0
DA:130,0
DA:138,0
DA:139,0
DA:140,0
DA:141,0
DA:143,0
DA:145,0
DA:146,0
DA:154,0
DA:155,0
DA:156,0
DA:157,0
DA:160,0
DA:161,0
DA:163,0
DA:164,0
DA:168,0
DA:169,0
DA:173,0
DA:178,0
DA:180,0
DA:181,0
DA:183,0
DA:186,0
DA:187,0
DA:195,0
DA:196,0
DA:197,0
DA:198,0
DA:199,0
DA:201,0
DA:203,0
DA:204,0
DA:212,0
DA:213,0
DA:214,0
DA:215,0
DA:217,0
DA:218,0
DA:220,0
DA:223,0
DA:224,0
DA:232,0
DA:233,0
DA:234,0
DA:235,0
DA:236,0
DA:238,0
DA:240,0
DA:241,0
DA:249,0
DA:250,0
DA:251,0
DA:252,0
DA:255,0
DA:256,0
DA:257,0
DA:258,0
DA:264,0
DA:266,0
DA:268,0
DA:269,0
DA:273,0
LF:105
LH:0
BRDA:13,0,0,0
BRDA:13,0,1,0
BRDA:29,1,0,0
BRDA:29,1,1,0
BRDA:30,2,0,0
BRDA:30,2,1,0
BRDA:31,3,0,0
BRDA:31,3,1,0
BRDA:93,4,0,0
BRDA:93,4,1,0
BRDA:95,5,0,0
BRDA:95,5,1,0
BRDA:100,6,0,0
BRDA:100,6,1,0
BRDA:101,7,0,0
BRDA:101,7,1,0
BRDA:102,8,0,0
BRDA:102,8,1,0
BRDA:103,9,0,0
BRDA:103,9,1,0
BRDA:123,10,0,0
BRDA:123,10,1,0
BRDA:156,11,0,0
BRDA:156,11,1,0
BRDA:160,12,0,0
BRDA:160,12,1,0
BRDA:160,13,0,0
BRDA:160,13,1,0
BRDA:160,13,2,0
BRDA:178,14,0,0
BRDA:178,14,1,0
BRDA:198,15,0,0
BRDA:198,15,1,0
BRDA:217,16,0,0
BRDA:217,16,1,0
BRDA:235,17,0,0
BRDA:235,17,1,0
BRDA:252,18,0,0
BRDA:252,18,1,0
BRDA:256,19,0,0
BRDA:256,19,1,0
BRDA:256,20,0,0
BRDA:256,20,1,0
BRDA:256,20,2,0
BRDA:256,20,3,0
BRF:45
BRH:0
end_of_record
TN:
SF:src/routes/logs.js
FN:17,(anonymous_0)
FN:33,(anonymous_1)
FN:35,(anonymous_2)
FN:137,(anonymous_3)
FN:183,(anonymous_4)
FN:233,(anonymous_5)
FN:256,(anonymous_6)
FN:274,(anonymous_7)
FN:298,(anonymous_8)
FN:316,(anonymous_9)
FN:333,(anonymous_10)
FN:357,(anonymous_11)
FNF:12
FNH:3
FNDA:5,(anonymous_0)
FNDA:0,(anonymous_1)
FNDA:0,(anonymous_2)
FNDA:0,(anonymous_3)
FNDA:0,(anonymous_4)
FNDA:2,(anonymous_5)
FNDA:0,(anonymous_6)
FNDA:0,(anonymous_7)
FNDA:0,(anonymous_8)
FNDA:1,(anonymous_9)
FNDA:0,(anonymous_10)
FNDA:0,(anonymous_11)
DA:1,1
DA:2,1
DA:3,1
DA:4,1
DA:5,1
DA:6,1
DA:7,1
DA:8,1
DA:10,1
DA:11,1
DA:17,1
DA:18,5
DA:19,5
DA:20,5
DA:21,1
DA:24,4
DA:25,4
DA:26,1
DA:29,3
DA:30,3
DA:31,0
DA:33,0
DA:36,0
DA:37,0
DA:39,0
DA:44,3
DA:45,0
DA:48,3
DA:49,1
DA:52,2
DA:53,0
DA:56,2
DA:57,1
DA:60,1
DA:61,1
DA:62,1
DA:64,1
DA:66,1
DA:74,1
DA:79,1
DA:80,1
DA:81,1
DA:82,1
DA:84,1
DA:85,1
DA:86,1
DA:87,1
DA:92,1
DA:120,1
DA:122,1
DA:123,1
DA:126,1
DA:128,0
DA:129,0
DA:137,1
DA:138,0
DA:139,0
DA:141,0
DA:142,0
DA:145,0
DA:150,0
DA:152,0
DA:153,0
DA:154,0
DA:157,0
DA:158,0
DA:159,0
DA:162,0
DA:163,0
DA:165,0
DA:167,0
DA:174,0
DA:175,0
DA:183,1
DA:184,0
DA:185,0
DA:187,0
DA:188,0
DA:191,0
DA:205,0
DA:214,0
DA:224,0
DA:225,0
DA:233,1
DA:234,2
DA:235,2
DA:236,2
DA:237,1
DA:239,1
DA:245,1
DA:247,0
DA:248,0
DA:256,1
DA:257,0
DA:258,0
DA:259,0
DA:260,0
DA:262,0
DA:263,0
DA:265,0
DA:266,0
DA:274,1
DA:275,0
DA:276,0
DA:277,0
DA:278,0
DA:280,0
DA:287,0
DA:289,0
DA:290,0
DA:298,1
DA:299,0
DA:300,0
DA:301,0
DA:302,0
DA:303,0
DA:305,0
DA:306,0
DA:308,0
DA:309,0
DA:316,1
DA:317,1
DA:318,1
DA:319,1
DA:320,0
DA:322,1
DA:323,1
DA:325,0
DA:326,0
DA:333,1
DA:334,0
DA:335,0
DA:336,0
DA:337,0
DA:339,0
DA:347,0
DA:349,0
DA:350,0
DA:357,1
DA:358,0
DA:359,0
DA:360,0
DA:361,0
DA:363,0
DA:364,0
DA:368,1
LF:146
LH:66
BRDA:11,0,0,1
BRDA:11,0,1,0
BRDA:20,1,0,1
BRDA:20,1,1,4
BRDA:25,2,0,1
BRDA:25,2,1,3
BRDA:30,3,0,0
BRDA:30,3,1,3
BRDA:44,4,0,0
BRDA:44,4,1,3
BRDA:44,5,0,3
BRDA:44,5,1,3
BRDA:44,5,2,1
BRDA:48,6,0,1
BRDA:48,6,1,2
BRDA:52,7,0,0
BRDA:52,7,1,2
BRDA:56,8,0,1
BRDA:56,8,1,1
BRDA:60,9,0,1
BRDA:60,9,1,0
BRDA:60,9,2,0
BRDA:61,10,0,1
BRDA:61,10,1,0
BRDA:66,11,0,1
BRDA:66,11,1,0
BRDA:66,11,2,0
BRDA:66,11,3,0
BRDA:66,11,4,0
BRDA:66,11,5,0
BRDA:74,12,0,1
BRDA:74,12,1,0
BRDA:74,12,2,0
BRDA:74,12,3,0
BRDA:77,13,0,0
BRDA:77,13,1,0
BRDA:77,14,0,0
BRDA:77,14,1,0
BRDA:77,14,2,0
BRDA:79,15,0,1
BRDA:79,15,1,0
BRDA:79,15,2,0
BRDA:79,15,3,0
BRDA:80,16,0,1
BRDA:80,16,1,1
BRDA:80,16,2,0
BRDA:81,17,0,1
BRDA:81,17,1,0
BRDA:81,17,2,0
BRDA:81,17,3,0
BRDA:81,17,4,0
BRDA:84,18,0,1
BRDA:84,18,1,0
BRDA:84,18,2,0
BRDA:84,18,3,0
BRDA:86,19,0,1
BRDA:86,19,1,0
BRDA:86,20,0,1
BRDA:86,20,1,1
BRDA:87,21,0,0
BRDA:87,21,1,1
BRDA:95,22,0,1
BRDA:95,22,1,0
BRDA:95,22,2,0
BRDA:95,22,3,0
BRDA:98,23,0,1
BRDA:98,23,1,0
BRDA:98,24,0,1
BRDA:98,24,1,1
BRDA:99,25,0,1
BRDA:99,25,1,0
BRDA:102,26,0,1
BRDA:102,26,1,0
BRDA:102,26,2,0
BRDA:102,26,3,0
BRDA:102,26,4,0
BRDA:108,27,0,1
BRDA:108,27,1,1
BRDA:108,27,2,1
BRDA:108,27,3,1
BRDA:108,27,4,1
BRDA:114,28,0,1
BRDA:114,28,1,1
BRDA:114,28,2,1
BRDA:114,28,3,1
BRDA:115,29,0,1
BRDA:115,29,1,1
BRDA:122,30,0,1
BRDA:122,30,1,0
BRDA:139,31,0,0
BRDA:139,32,0,0
BRDA:141,33,0,0
BRDA:141,33,1,0
BRDA:152,34,0,0
BRDA:152,34,1,0
BRDA:157,35,0,0
BRDA:157,35,1,0
BRDA:185,36,0,0
BRDA:187,37,0,0
BRDA:187,37,1,0
BRDA:215,38,0,0
BRDA:215,38,1,0
BRDA:216,39,0,0
BRDA:216,39,1,0
BRDA:217,40,0,0
BRDA:217,40,1,0
BRDA:218,41,0,0
BRDA:218,41,1,0
BRDA:219,42,0,0
BRDA:219,42,1,0
BRDA:220,43,0,0
BRDA:220,43,1,0
BRDA:235,44,0,1
BRDA:236,45,0,1
BRDA:236,45,1,1
BRDA:243,46,0,0
BRDA:243,46,1,1
BRDA:259,47,0,0
BRDA:259,47,1,0
BRDA:277,48,0,0
BRDA:277,48,1,0
BRDA:277,49,0,0
BRDA:277,49,1,0
BRDA:285,50,0,0
BRDA:285,50,1,0
BRDA:302,51,0,0
BRDA:302,51,1,0
BRDA:319,52,0,0
BRDA:319,52,1,1
BRDA:336,53,0,0
BRDA:336,53,1,0
BRDA:336,54,0,0
BRDA:336,54,1,0
BRDA:336,54,2,0
BRDA:343,55,0,0
BRDA:343,55,1,0
BRDA:345,56,0,0
BRDA:345,56,1,0
BRF:138
BRH:51
end_of_record
TN:
SF:src/routes/negotiations.js
FN:10,(anonymous_0)
FN:50,(anonymous_1)
FN:79,(anonymous_2)
FN:103,(anonymous_3)
FN:130,(anonymous_4)
FN:158,(anonymous_5)
FN:208,(anonymous_6)
FN:223,(anonymous_7)
FN:265,(anonymous_8)
FNF:9
FNH:0
FNDA:0,(anonymous_0)
FNDA:0,(anonymous_1)
FNDA:0,(anonymous_2)
FNDA:0,(anonymous_3)
FNDA:0,(anonymous_4)
FNDA:0,(anonymous_5)
FNDA:0,(anonymous_6)
FNDA:0,(anonymous_7)
FNDA:0,(anonymous_8)
DA:1,0
DA:2,0
DA:4,0
DA:10,0
DA:11,0
DA:12,0
DA:14,0
DA:15,0
DA:18,0
DA:22,0
DA:24,0
DA:25,0
DA:26,0
DA:29,0
DA:30,0
DA:32,0
DA:34,0
DA:41,0
DA:42,0
DA:50,0
DA:51,0
DA:52,0
DA:54,0
DA:55,0
DA:58,0
DA:65,0
DA:70,0
DA:71,0
DA:79,0
DA:80,0
DA:81,0
DA:83,0
DA:88,0
DA:89,0
DA:92,0
DA:94,0
DA:95,0
DA:103,0
DA:104,0
DA:105,0
DA:107,0
DA:115,0
DA:116,0
DA:119,0
DA:121,0
DA:122,0
DA:130,0
DA:131,0
DA:132,0
DA:133,0
DA:135,0
DA:143,0
DA:144,0
DA:147,0
DA:149,0
DA:150,0
DA:158,0
DA:159,0
DA:175,0
DA:177,0
DA:178,0
DA:181,0
DA:197,0
DA:199,0
DA:200,0
DA:208,0
DA:209,0
DA:210,0
DA:211,0
DA:212,0
DA:213,0
DA:216,0
DA:223,0
DA:224,0
DA:225,0
DA:227,0
DA:228,0
DA:230,0
DA:235,0
DA:236,0
DA:239,0
DA:240,0
DA:242,0
DA:250,0
DA:251,0
DA:254,0
DA:256,0
DA:257,0
DA:265,0
DA:266,0
DA:267,0
DA:269,0
DA:274,0
DA:275,0
DA:278,0
DA:280,0
DA:281,0
DA:285,0
LF:98
LH:0
BRDA:12,0,0,0
BRDA:12,1,0,0
BRDA:14,2,0,0
BRDA:14,2,1,0
BRDA:24,3,0,0
BRDA:24,3,1,0
BRDA:54,4,0,0
BRDA:54,4,1,0
BRDA:88,5,0,0
BRDA:88,5,1,0
BRDA:115,6,0,0
BRDA:115,6,1,0
BRDA:143,7,0,0
BRDA:143,7,1,0
BRDA:162,8,0,0
BRDA:164,9,0,0
BRDA:165,10,0,0
BRDA:166,11,0,0
BRDA:167,12,0,0
BRDA:168,13,0,0
BRDA:169,14,0,0
BRDA:170,15,0,0
BRDA:171,16,0,0
BRDA:172,17,0,0
BRDA:173,18,0,0
BRDA:174,19,0,0
BRDA:177,20,0,0
BRDA:177,20,1,0
BRDA:224,21,0,0
BRDA:224,21,1,0
BRDA:227,22,0,0
BRDA:227,22,1,0
BRDA:227,23,0,0
BRDA:227,23,1,0
BRDA:235,24,0,0
BRDA:235,24,1,0
BRDA:250,25,0,0
BRDA:250,25,1,0
BRDA:274,26,0,0
BRDA:274,26,1,0
BRF:40
BRH:0
end_of_record
TN:
SF:src/routes/notifications.js
FN:10,(anonymous_0)
FN:62,(anonymous_1)
FN:86,(anonymous_2)
FN:113,(anonymous_3)
FN:143,(anonymous_4)
FNF:5
FNH:0
FNDA:0,(anonymous_0)
FNDA:0,(anonymous_1)
FNDA:0,(anonymous_2)
FNDA:0,(anonymous_3)
FNDA:0,(anonymous_4)
DA:1,0
DA:2,0
DA:4,0
DA:10,0
DA:11,0
DA:12,0
DA:14,0
DA:15,0
DA:18,0
DA:22,0
DA:24,0
DA:25,0
DA:26,0
DA:29,0
DA:30,0
DA:31,0
DA:34,0
DA:35,0
DA:37,0
DA:40,0
DA:45,0
DA:53,0
DA:54,0
DA:62,0
DA:63,0
DA:64,0
DA:66,0
DA:67,0
DA:70,0
DA:75,0
DA:77,0
DA:78,0
DA:86,0
DA:87,0
DA:88,0
DA:90,0
DA:98,0
DA:99,0
DA:102,0
DA:104,0
DA:105,0
DA:113,0
DA:114,0
DA:115,0
DA:117,0
DA:118,0
DA:121,0
DA:129,0
DA:134,0
DA:135,0
DA:143,0
DA:144,0
DA:145,0
DA:147,0
DA:152,0
DA:153,0
DA:156,0
DA:158,0
DA:159,0
DA:163,0
LF:60
LH:0
BRDA:12,0,0,0
BRDA:12,1,0,0
BRDA:14,2,0,0
BRDA:14,2,1,0
BRDA:24,3,0,0
BRDA:24,3,1,0
BRDA:29,4,0,0
BRDA:29,4,1,0
BRDA:66,5,0,0
BRDA:66,5,1,0
BRDA:98,6,0,0
BRDA:98,6,1,0
BRDA:117,7,0,0
BRDA:117,7,1,0
BRDA:152,8,0,0
BRDA:152,8,1,0
BRF:16
BRH:0
end_of_record
TN:
SF:src/routes/parsed-urls.js
FN:15,(anonymous_0)
FN:79,(anonymous_1)
FN:125,(anonymous_2)
FN:219,(anonymous_3)
FN:255,(anonymous_4)
FN:292,(anonymous_5)
FNF:6
FNH:0
FNDA:0,(anonymous_0)
FNDA:0,(anonymous_1)
FNDA:0,(anonymous_2)
FNDA:0,(anonymous_3)
FNDA:0,(anonymous_4)
FNDA:0,(anonymous_5)
DA:1,0
DA:2,0
DA:3,0
DA:15,0
DA:16,0
DA:17,0
DA:19,0
DA:20,0
DA:28,0
DA:29,0
DA:30,0
DA:32,0
DA:39,0
DA:50,0
DA:57,0
DA:58,0
DA:79,0
DA:80,0
DA:88,0
DA:91,0
DA:92,0
DA:93,0
DA:95,0
DA:96,0
DA:97,0
DA:98,0
DA:101,0
DA:102,0
DA:103,0
DA:104,0
DA:108,0
DA:113,0
DA:114,0
DA:116,0
DA:119,0
DA:120,0
DA:122,0
DA:125,0
DA:126,0
DA:129,0
DA:130,0
DA:131,0
DA:134,0
DA:138,0
DA:144,0
DA:152,0
DA:161,0
DA:166,0
DA:167,0
DA:175,0
DA:176,0
DA:177,0
DA:179,0
DA:180,0
DA:181,0
DA:182,0
DA:185,0
DA:186,0
DA:187,0
DA:190,0
DA:191,0
DA:193,0
DA:205,0
DA:206,0
DA:219,0
DA:220,0
DA:221,0
DA:223,0
DA:228,0
DA:229,0
DA:235,0
DA:241,0
DA:242,0
DA:255,0
DA:256,0
DA:257,0
DA:259,0
DA:264,0
DA:265,0
DA:271,0
DA:278,0
DA:279,0
DA:292,0
DA:293,0
DA:294,0
DA:303,0
DA:311,0
DA:318,0
DA:319,0
DA:327,0
LF:90
LH:0
BRDA:19,0,0,0
BRDA:19,0,1,0
BRDA:83,1,0,0
BRDA:84,2,0,0
BRDA:86,3,0,0
BRDA:87,4,0,0
BRDA:95,5,0,0
BRDA:95,5,1,0
BRDA:101,6,0,0
BRDA:101,6,1,0
BRDA:113,7,0,0
BRDA:113,7,1,0
BRDA:114,8,0,0
BRDA:114,8,1,0
BRDA:134,9,0,0
BRDA:134,9,1,0
BRDA:154,10,0,0
BRDA:154,10,1,0
BRDA:156,11,0,0
BRDA:156,11,1,0
BRDA:157,12,0,0
BRDA:157,12,1,0
BRDA:158,13,0,0
BRDA:158,13,1,0
BRDA:179,14,0,0
BRDA:179,14,1,0
BRDA:185,15,0,0
BRDA:185,15,1,0
BRDA:228,16,0,0
BRDA:228,16,1,0
BRDA:264,17,0,0
BRDA:264,17,1,0
BRF:32
BRH:0
end_of_record
TN:
SF:src/routes/policies.js
FN:7,(anonymous_0)
FN:63,(anonymous_1)
FN:82,(anonymous_2)
FN:177,(anonymous_3)
FNF:4
FNH:0
FNDA:0,(anonymous_0)
FNDA:0,(anonymous_1)
FNDA:0,(anonymous_2)
FNDA:0,(anonymous_3)
DA:1,0
DA:2,0
DA:4,0
DA:7,0
DA:8,0
DA:9,0
DA:10,0
DA:13,0
DA:15,0
DA:23,0
DA:25,0
DA:26,0
DA:27,0
DA:29,0
DA:30,0
DA:34,0
DA:36,0
DA:38,0
DA:39,0
DA:43,0
DA:44,0
DA:45,0
DA:59,0
DA:63,0
DA:76,0
DA:77,0
DA:82,0
DA:83,0
DA:84,0
DA:85,0
DA:87,0
DA:88,0
DA:92,0
DA:95,0
DA:96,0
DA:99,0
DA:104,0
DA:105,0
DA:108,0
DA:112,0
DA:113,0
DA:118,0
DA:119,0
DA:120,0
DA:121,0
DA:130,0
DA:131,0
DA:144,0
DA:158,0
DA:171,0
DA:172,0
DA:177,0
DA:178,0
DA:179,0
DA:181,0
DA:186,0
DA:187,0
DA:190,0
DA:197,0
DA:198,0
DA:202,0
LF:61
LH:0
BRDA:20,0,0,0
BRDA:20,0,1,0
BRDA:25,1,0,0
BRDA:25,1,1,0
BRDA:26,2,0,0
BRDA:26,2,1,0
BRDA:26,3,0,0
BRDA:26,3,1,0
BRDA:38,4,0,0
BRDA:38,4,1,0
BRDA:43,5,0,0
BRDA:43,5,1,0
BRDA:43,6,0,0
BRDA:43,6,1,0
BRDA:87,7,0,0
BRDA:87,7,1,0
BRDA:95,8,0,0
BRDA:95,8,1,0
BRDA:104,9,0,0
BRDA:104,9,1,0
BRDA:118,10,0,0
BRDA:118,10,1,0
BRDA:118,10,2,0
BRDA:119,11,0,0
BRDA:119,11,1,0
BRDA:120,12,0,0
BRDA:120,12,1,0
BRDA:120,13,0,0
BRDA:120,13,1,0
BRDA:121,14,0,0
BRDA:121,14,1,0
BRDA:121,15,0,0
BRDA:121,15,1,0
BRDA:130,16,0,0
BRDA:130,16,1,0
BRDA:186,17,0,0
BRDA:186,17,1,0
BRF:37
BRH:0
end_of_record
TN:
SF:src/routes/publishers.js
FN:10,(anonymous_0)
FN:30,(anonymous_1)
FNF:2
FNH:0
FNDA:0,(anonymous_0)
FNDA:0,(anonymous_1)
DA:1,0
DA:2,0
DA:4,0
DA:10,0
DA:11,0
DA:12,0
DA:19,0
DA:21,0
DA:22,0
DA:30,0
DA:31,0
DA:32,0
DA:34,0
DA:43,0
DA:44,0
DA:47,0
DA:59,0
DA:60,0
DA:64,0
LF:19
LH:0
BRDA:43,0,0,0
BRDA:43,0,1,0
BRF:2
BRH:0
end_of_record
TN:
SF:src/routes/scraper.js
FN:9,(anonymous_0)
FN:21,(anonymous_1)
FNF:2
FNH:0
FNDA:0,(anonymous_0)
FNDA:0,(anonymous_1)
DA:1,0
DA:3,0
DA:9,0
DA:10,0
DA:21,0
DA:22,0
DA:23,0
DA:25,0
DA:26,0
DA:30,0
DA:37,0
DA:38,0
DA:42,0
LF:13
LH:0
BRDA:23,0,0,0
BRDA:25,1,0,0
BRDA:25,1,1,0
BRF:3
BRH:0
end_of_record
TN:
SF:src/routes/urls.js
FN:10,(anonymous_0)
FN:46,(anonymous_1)
FN:80,(anonymous_2)
FN:109,(anonymous_3)
FNF:4
FNH:0
FNDA:0,(anonymous_0)
FNDA:0,(anonymous_1)
FNDA:0,(anonymous_2)
FNDA:0,(anonymous_3)
DA:1,0
DA:2,0
DA:4,0
DA:10,0
DA:11,0
DA:12,0
DA:14,0
DA:15,0
DA:18,0
DA:30,0
DA:37,0
DA:38,0
DA:46,0
DA:47,0
DA:48,0
DA:50,0
DA:51,0
DA:54,0
DA:65,0
DA:71,0
DA:72,0
DA:80,0
DA:81,0
DA:82,0
DA:84,0
DA:85,0
DA:88,0
DA:95,0
DA:100,0
DA:101,0
DA:109,0
DA:110,0
DA:111,0
DA:113,0
DA:115,0
DA:117,0
DA:118,0
DA:122,0
LF:38
LH:0
BRDA:12,0,0,0
BRDA:12,1,0,0
BRDA:14,2,0,0
BRDA:14,2,1,0
BRDA:50,3,0,0
BRDA:50,3,1,0
BRDA:66,4,0,0
BRDA:66,4,1,0
BRDA:67,5,0,0
BRDA:67,5,1,0
BRDA:68,6,0,0
BRDA:68,6,1,0
BRDA:84,7,0,0
BRDA:84,7,1,0
BRDA:84,8,0,0
BRDA:84,8,1,0
BRDA:92,9,0,0
BRDA:92,9,1,0
BRF:18
BRH:0
end_of_record
TN:
SF:src/routes/usage.js
FN:8,(anonymous_0)
FN:25,(anonymous_1)
FN:47,(anonymous_2)
FN:85,(anonymous_3)
FNF:4
FNH:0
FNDA:0,(anonymous_0)
FNDA:0,(anonymous_1)
FNDA:0,(anonymous_2)
FNDA:0,(anonymous_3)
DA:1,0
DA:2,0
DA:3,0
DA:5,0
DA:8,0
DA:9,0
DA:10,0
DA:13,0
DA:16,0
DA:21,0
DA:23,0
DA:24,0
DA:25,0
DA:26,0
DA:27,0
DA:32,0
DA:38,0
DA:41,0
DA:42,0
DA:47,0
DA:48,0
DA:49,0
DA:51,0
DA:52,0
DA:53,0
DA:55,0
DA:56,0
DA:57,0
DA:58,0
DA:61,0
DA:62,0
DA:63,0
DA:64,0
DA:67,0
DA:68,0
DA:69,0
DA:70,0
DA:73,0
DA:74,0
DA:75,0
DA:76,0
DA:79,0
DA:80,0
DA:82,0
DA:85,0
DA:86,0
DA:88,0
DA:98,0
DA:99,0
DA:103,0
LF:50
LH:0
BRDA:13,0,0,0
BRDA:13,0,1,0
BRDA:13,1,0,0
BRDA:13,1,1,0
BRDA:23,2,0,0
BRDA:23,2,1,0
BRDA:25,3,0,0
BRDA:25,3,1,0
BRDA:26,4,0,0
BRDA:26,4,1,0
BRDA:26,5,0,0
BRDA:26,5,1,0
BRDA:49,6,0,0
BRDA:55,7,0,0
BRDA:55,7,1,0
BRDA:61,8,0,0
BRDA:61,8,1,0
BRDA:67,9,0,0
BRDA:67,9,1,0
BRDA:73,10,0,0
BRDA:73,10,1,0
BRDA:85,11,0,0
BRDA:85,11,1,0
BRF:23
BRH:0
end_of_record
TN:
SF:src/routes/well-known.js
FN:9,(anonymous_0)
FNF:1
FNH:0
FNDA:0,(anonymous_0)
DA:1,0
DA:2,0
DA:3,0
DA:9,0
DA:10,0
DA:11,0
DA:13,0
DA:14,0
DA:20,0
DA:22,0
DA:30,0
DA:31,0
DA:32,0
DA:34,0
DA:35,0
DA:42,0
LF:16
LH:0
BRDA:13,0,0,0
BRDA:13,0,1,0
BRF:2
BRH:0
end_of_record
TN:
SF:src/services/agentClassifier.js
FN:10,compile
FN:12,(anonymous_1)
FN:28,loadFromDatabase
FN:34,hydrateRedis
FN:42,loadFromRedis
FN:59,refresh
FN:66,scheduleRefresh
FN:70,(anonymous_7)
FN:71,(anonymous_8)
FN:77,initialize
FN:85,classify
FN:103,listLoadedSignatures
FN:104,(anonymous_12)
FNF:13
FNH:0
FNDA:0,compile
FNDA:0,(anonymous_1)
FNDA:0,loadFromDatabase
FNDA:0,hydrateRedis
FNDA:0,loadFromRedis
FNDA:0,refresh
FNDA:0,scheduleRefresh
FNDA:0,(anonymous_7)
FNDA:0,(anonymous_8)
FNDA:0,initialize
FNDA:0,classify
FNDA:0,listLoadedSignatures
FNDA:0,(anonymous_12)
DA:1,1
DA:2,1
DA:4,1
DA:5,1
DA:7,1
DA:8,1
DA:11,0
DA:13,0
DA:14,0
DA:15,0
DA:21,0
DA:22,0
DA:29,0
DA:30,0
DA:31,0
DA:35,0
DA:36,0
DA:38,0
DA:39,0
DA:43,0
DA:44,0
DA:46,0
DA:47,0
DA:48,0
DA:49,0
DA:50,0
DA:51,0
DA:52,0
DA:54,0
DA:55,0
DA:61,0
DA:62,0
DA:63,0
DA:67,0
DA:68,0
DA:70,0
DA:71,0
DA:72,0
DA:78,0
DA:79,0
DA:80,0
DA:82,0
DA:86,0
DA:87,0
DA:90,0
DA:91,0
DA:92,0
DA:93,0
DA:100,0
DA:104,0
DA:110,1
LF:51
LH:7
BRDA:17,0,0,0
BRDA:17,0,1,0
BRDA:35,1,0,0
BRDA:35,1,1,0
BRDA:43,2,0,0
BRDA:43,2,1,0
BRDA:48,3,0,0
BRDA:48,3,1,0
BRDA:67,4,0,0
BRDA:67,4,1,0
BRDA:79,5,0,0
BRDA:79,5,1,0
BRDA:85,6,0,0
BRDA:86,7,0,0
BRDA:86,7,1,0
BRDA:86,8,0,0
BRDA:86,8,1,0
BRDA:92,9,0,0
BRDA:92,9,1,0
BRDA:94,10,0,0
BRDA:94,10,1,0
BRF:21
BRH:0
end_of_record
TN:
SF:src/utils/audit.js
FN:6,logAudit
FN:33,getAuditTrail
FN:49,getRecentAudit
FN:91,exportAuditTrail
FN:103,(anonymous_4)
FN:111,(anonymous_5)
FNF:6
FNH:0
FNDA:0,logAudit
FNDA:0,getAuditTrail
FNDA:0,getRecentAudit
FNDA:0,exportAuditTrail
FNDA:0,(anonymous_4)
FNDA:0,(anonymous_5)
DA:1,0
DA:7,0
DA:8,0
DA:25,0
DA:34,0
DA:36,0
DA:43,0
DA:50,0
DA:52,0
DA:53,0
DA:54,0
DA:56,0
DA:57,0
DA:58,0
DA:59,0
DA:62,0
DA:63,0
DA:64,0
DA:65,0
DA:68,0
DA:69,0
DA:70,0
DA:71,0
DA:74,0
DA:76,0
DA:77,0
DA:78,0
DA:80,0
DA:81,0
DA:82,0
DA:84,0
DA:85,0
DA:92,0
DA:94,0
DA:95,0
DA:99,0
DA:100,0
DA:103,0
DA:104,0
DA:111,0
DA:114,0
DA:117,0
LF:42
LH:0
BRDA:18,0,0,0
BRDA:18,0,1,0
BRDA:19,1,0,0
BRDA:19,1,1,0
BRDA:20,2,0,0
BRDA:20,2,1,0
BRDA:21,3,0,0
BRDA:21,3,1,0
BRDA:22,4,0,0
BRDA:22,4,1,0
BRDA:33,5,0,0
BRDA:34,6,0,0
BRDA:34,7,0,0
BRDA:49,8,0,0
BRDA:50,9,0,0
BRDA:50,10,0,0
BRDA:56,11,0,0
BRDA:56,11,1,0
BRDA:62,12,0,0
BRDA:62,12,1,0
BRDA:68,13,0,0
BRDA:68,13,1,0
BRDA:94,14,0,0
BRDA:94,14,1,0
BRDA:107,15,0,0
BRDA:107,15,1,0
BRDA:108,16,0,0
BRDA:108,16,1,0
BRDA:109,17,0,0
BRDA:109,17,1,0
BRF:30
BRH:0
end_of_record
